{
  "stats": {
    "suites": 1,
    "tests": 36,
    "passes": 36,
    "pending": 0,
    "failures": 0,
    "start": "2025-07-28T00:43:10.337Z",
    "end": "2025-07-28T00:45:51.296Z",
    "duration": 160959,
    "testsRegistered": 36,
    "passPercent": 100,
    "pendingPercent": 0,
    "other": 0,
    "hasOther": false,
    "skipped": 0,
    "hasSkipped": false
  },
  "results": [
    {
      "uuid": "6aeeb728-1133-409f-ac69-ba3ab38f012b",
      "title": "",
      "fullFile": "cypress\\e2e\\cucumber\\Features\\JasaTest.feature",
      "file": "cypress\\e2e\\cucumber\\Features\\JasaTest.feature",
      "beforeHooks": [],
      "afterHooks": [],
      "tests": [],
      "suites": [
        {
          "uuid": "5095ead8-5ca5-44cf-95f4-4ee25ca71ca8",
          "title": "Jasa Functionality",
          "fullFile": "",
          "file": "",
          "beforeHooks": [],
          "afterHooks": [],
          "tests": [
            {
              "title": "User is able to access Semua Jasa page by url",
              "fullTitle": "Jasa Functionality User is able to access Semua Jasa page by url",
              "timedOut": null,
              "duration": 1135,
              "state": "passed",
              "speed": "fast",
              "pass": true,
              "fail": false,
              "pending": false,
              "context": null,
              "code": "const state = window.testState;\nreturn cy\n  .then(() => state.onStartScenario(scenario, indexedSteps))\n  .then(() =>\n    resolveAndRunBeforeHooks.call(this, scenario.tags, state.feature.name)\n  )\n  .then(() =>\n    indexedSteps.forEach((step) =>\n      stepTest.call(this, state, step, rowData)\n    )\n  )\n  .then(() => state.onFinishScenario(scenario));",
              "err": {},
              "uuid": "09a94b4b-f87c-4513-9e63-04e43e891a4d",
              "parentUUID": "5095ead8-5ca5-44cf-95f4-4ee25ca71ca8",
              "isHook": false,
              "skipped": false
            },
            {
              "title": "User is able to click kontak admin MEA",
              "fullTitle": "Jasa Functionality User is able to click kontak admin MEA",
              "timedOut": null,
              "duration": 2669,
              "state": "passed",
              "speed": "fast",
              "pass": true,
              "fail": false,
              "pending": false,
              "context": null,
              "code": "const state = window.testState;\nreturn cy\n  .then(() => state.onStartScenario(scenario, indexedSteps))\n  .then(() =>\n    resolveAndRunBeforeHooks.call(this, scenario.tags, state.feature.name)\n  )\n  .then(() =>\n    indexedSteps.forEach((step) =>\n      stepTest.call(this, state, step, rowData)\n    )\n  )\n  .then(() => state.onFinishScenario(scenario));",
              "err": {},
              "uuid": "25835534-5694-4092-b7f0-d19fe057b0b2",
              "parentUUID": "5095ead8-5ca5-44cf-95f4-4ee25ca71ca8",
              "isHook": false,
              "skipped": false
            },
            {
              "title": "User is able to click marketplace management button",
              "fullTitle": "Jasa Functionality User is able to click marketplace management button",
              "timedOut": null,
              "duration": 2831,
              "state": "passed",
              "speed": "fast",
              "pass": true,
              "fail": false,
              "pending": false,
              "context": null,
              "code": "const state = window.testState;\nreturn cy\n  .then(() => state.onStartScenario(scenario, indexedSteps))\n  .then(() =>\n    resolveAndRunBeforeHooks.call(this, scenario.tags, state.feature.name)\n  )\n  .then(() =>\n    indexedSteps.forEach((step) =>\n      stepTest.call(this, state, step, rowData)\n    )\n  )\n  .then(() => state.onFinishScenario(scenario));",
              "err": {},
              "uuid": "b8c37f7a-4fa5-4f28-bbd9-b36ac3e15424",
              "parentUUID": "5095ead8-5ca5-44cf-95f4-4ee25ca71ca8",
              "isHook": false,
              "skipped": false
            },
            {
              "title": "User is able to click social media management button",
              "fullTitle": "Jasa Functionality User is able to click social media management button",
              "timedOut": null,
              "duration": 2899,
              "state": "passed",
              "speed": "fast",
              "pass": true,
              "fail": false,
              "pending": false,
              "context": null,
              "code": "const state = window.testState;\nreturn cy\n  .then(() => state.onStartScenario(scenario, indexedSteps))\n  .then(() =>\n    resolveAndRunBeforeHooks.call(this, scenario.tags, state.feature.name)\n  )\n  .then(() =>\n    indexedSteps.forEach((step) =>\n      stepTest.call(this, state, step, rowData)\n    )\n  )\n  .then(() => state.onFinishScenario(scenario));",
              "err": {},
              "uuid": "1d89a5d5-3e00-4fb2-a7a1-32bb71bd5792",
              "parentUUID": "5095ead8-5ca5-44cf-95f4-4ee25ca71ca8",
              "isHook": false,
              "skipped": false
            },
            {
              "title": "User is able to click search engine marketing management",
              "fullTitle": "Jasa Functionality User is able to click search engine marketing management",
              "timedOut": null,
              "duration": 3932,
              "state": "passed",
              "speed": "fast",
              "pass": true,
              "fail": false,
              "pending": false,
              "context": null,
              "code": "const state = window.testState;\nreturn cy\n  .then(() => state.onStartScenario(scenario, indexedSteps))\n  .then(() =>\n    resolveAndRunBeforeHooks.call(this, scenario.tags, state.feature.name)\n  )\n  .then(() =>\n    indexedSteps.forEach((step) =>\n      stepTest.call(this, state, step, rowData)\n    )\n  )\n  .then(() => state.onFinishScenario(scenario));",
              "err": {},
              "uuid": "622d232d-4610-4448-be18-873ca71d2691",
              "parentUUID": "5095ead8-5ca5-44cf-95f4-4ee25ca71ca8",
              "isHook": false,
              "skipped": false
            },
            {
              "title": "User is able to click email marketing management",
              "fullTitle": "Jasa Functionality User is able to click email marketing management",
              "timedOut": null,
              "duration": 4683,
              "state": "passed",
              "speed": "fast",
              "pass": true,
              "fail": false,
              "pending": false,
              "context": null,
              "code": "const state = window.testState;\nreturn cy\n  .then(() => state.onStartScenario(scenario, indexedSteps))\n  .then(() =>\n    resolveAndRunBeforeHooks.call(this, scenario.tags, state.feature.name)\n  )\n  .then(() =>\n    indexedSteps.forEach((step) =>\n      stepTest.call(this, state, step, rowData)\n    )\n  )\n  .then(() => state.onFinishScenario(scenario));",
              "err": {},
              "uuid": "00bcee34-0c21-48cb-8a51-56deff82ad81",
              "parentUUID": "5095ead8-5ca5-44cf-95f4-4ee25ca71ca8",
              "isHook": false,
              "skipped": false
            },
            {
              "title": "User is able to click fotografi dan video produk",
              "fullTitle": "Jasa Functionality User is able to click fotografi dan video produk",
              "timedOut": null,
              "duration": 5005,
              "state": "passed",
              "speed": "medium",
              "pass": true,
              "fail": false,
              "pending": false,
              "context": null,
              "code": "const state = window.testState;\nreturn cy\n  .then(() => state.onStartScenario(scenario, indexedSteps))\n  .then(() =>\n    resolveAndRunBeforeHooks.call(this, scenario.tags, state.feature.name)\n  )\n  .then(() =>\n    indexedSteps.forEach((step) =>\n      stepTest.call(this, state, step, rowData)\n    )\n  )\n  .then(() => state.onFinishScenario(scenario));",
              "err": {},
              "uuid": "a965fc50-fb93-4f60-b933-6b7c4a924577",
              "parentUUID": "5095ead8-5ca5-44cf-95f4-4ee25ca71ca8",
              "isHook": false,
              "skipped": false
            },
            {
              "title": "User is able to click Webinar",
              "fullTitle": "Jasa Functionality User is able to click Webinar",
              "timedOut": null,
              "duration": 5617,
              "state": "passed",
              "speed": "medium",
              "pass": true,
              "fail": false,
              "pending": false,
              "context": null,
              "code": "const state = window.testState;\nreturn cy\n  .then(() => state.onStartScenario(scenario, indexedSteps))\n  .then(() =>\n    resolveAndRunBeforeHooks.call(this, scenario.tags, state.feature.name)\n  )\n  .then(() =>\n    indexedSteps.forEach((step) =>\n      stepTest.call(this, state, step, rowData)\n    )\n  )\n  .then(() => state.onFinishScenario(scenario));",
              "err": {},
              "uuid": "c00fc937-91ee-4c3a-9e5b-5319b7567693",
              "parentUUID": "5095ead8-5ca5-44cf-95f4-4ee25ca71ca8",
              "isHook": false,
              "skipped": false
            },
            {
              "title": "User is able to click Training & Coaching",
              "fullTitle": "Jasa Functionality User is able to click Training & Coaching",
              "timedOut": null,
              "duration": 4911,
              "state": "passed",
              "speed": "fast",
              "pass": true,
              "fail": false,
              "pending": false,
              "context": null,
              "code": "const state = window.testState;\nreturn cy\n  .then(() => state.onStartScenario(scenario, indexedSteps))\n  .then(() =>\n    resolveAndRunBeforeHooks.call(this, scenario.tags, state.feature.name)\n  )\n  .then(() =>\n    indexedSteps.forEach((step) =>\n      stepTest.call(this, state, step, rowData)\n    )\n  )\n  .then(() => state.onFinishScenario(scenario));",
              "err": {},
              "uuid": "b57c495f-b728-43ed-8496-0bf82ba5341b",
              "parentUUID": "5095ead8-5ca5-44cf-95f4-4ee25ca71ca8",
              "isHook": false,
              "skipped": false
            },
            {
              "title": "User is able to access Tentang Jasa Management Marketplace by url",
              "fullTitle": "Jasa Functionality User is able to access Tentang Jasa Management Marketplace by url",
              "timedOut": null,
              "duration": 1360,
              "state": "passed",
              "speed": "fast",
              "pass": true,
              "fail": false,
              "pending": false,
              "context": null,
              "code": "const state = window.testState;\nreturn cy\n  .then(() => state.onStartScenario(scenario, indexedSteps))\n  .then(() =>\n    resolveAndRunBeforeHooks.call(this, scenario.tags, state.feature.name)\n  )\n  .then(() =>\n    indexedSteps.forEach((step) =>\n      stepTest.call(this, state, step, rowData)\n    )\n  )\n  .then(() => state.onFinishScenario(scenario));",
              "err": {},
              "uuid": "1f99ff77-ec11-41c2-9f8b-49f8bd6233aa",
              "parentUUID": "5095ead8-5ca5-44cf-95f4-4ee25ca71ca8",
              "isHook": false,
              "skipped": false
            },
            {
              "title": "User is able to click paket pak encep in Tentang Jasa Management Marketplace page",
              "fullTitle": "Jasa Functionality User is able to click paket pak encep in Tentang Jasa Management Marketplace page",
              "timedOut": null,
              "duration": 4543,
              "state": "passed",
              "speed": "fast",
              "pass": true,
              "fail": false,
              "pending": false,
              "context": null,
              "code": "const state = window.testState;\nreturn cy\n  .then(() => state.onStartScenario(scenario, indexedSteps))\n  .then(() =>\n    resolveAndRunBeforeHooks.call(this, scenario.tags, state.feature.name)\n  )\n  .then(() =>\n    indexedSteps.forEach((step) =>\n      stepTest.call(this, state, step, rowData)\n    )\n  )\n  .then(() => state.onFinishScenario(scenario));",
              "err": {},
              "uuid": "73196e66-bd06-4bf2-ade8-9898e802857c",
              "parentUUID": "5095ead8-5ca5-44cf-95f4-4ee25ca71ca8",
              "isHook": false,
              "skipped": false
            },
            {
              "title": "User is able to click paket pak rosidi in Tentang Jasa Management Marketplace page",
              "fullTitle": "Jasa Functionality User is able to click paket pak rosidi in Tentang Jasa Management Marketplace page",
              "timedOut": null,
              "duration": 4822,
              "state": "passed",
              "speed": "fast",
              "pass": true,
              "fail": false,
              "pending": false,
              "context": null,
              "code": "const state = window.testState;\nreturn cy\n  .then(() => state.onStartScenario(scenario, indexedSteps))\n  .then(() =>\n    resolveAndRunBeforeHooks.call(this, scenario.tags, state.feature.name)\n  )\n  .then(() =>\n    indexedSteps.forEach((step) =>\n      stepTest.call(this, state, step, rowData)\n    )\n  )\n  .then(() => state.onFinishScenario(scenario));",
              "err": {},
              "uuid": "91375828-5fed-46c9-b334-f09ee6cdeefd",
              "parentUUID": "5095ead8-5ca5-44cf-95f4-4ee25ca71ca8",
              "isHook": false,
              "skipped": false
            },
            {
              "title": "User is able to click paket pak odang in Tentang Jasa Management Marketplace page",
              "fullTitle": "Jasa Functionality User is able to click paket pak odang in Tentang Jasa Management Marketplace page",
              "timedOut": null,
              "duration": 4086,
              "state": "passed",
              "speed": "fast",
              "pass": true,
              "fail": false,
              "pending": false,
              "context": null,
              "code": "const state = window.testState;\nreturn cy\n  .then(() => state.onStartScenario(scenario, indexedSteps))\n  .then(() =>\n    resolveAndRunBeforeHooks.call(this, scenario.tags, state.feature.name)\n  )\n  .then(() =>\n    indexedSteps.forEach((step) =>\n      stepTest.call(this, state, step, rowData)\n    )\n  )\n  .then(() => state.onFinishScenario(scenario));",
              "err": {},
              "uuid": "75351dd2-8bf1-41a7-9cd3-ba935f3ca9a9",
              "parentUUID": "5095ead8-5ca5-44cf-95f4-4ee25ca71ca8",
              "isHook": false,
              "skipped": false
            },
            {
              "title": "User is able to click paket pak untung in Tentang Jasa Management Marketplace page",
              "fullTitle": "Jasa Functionality User is able to click paket pak untung in Tentang Jasa Management Marketplace page",
              "timedOut": null,
              "duration": 4227,
              "state": "passed",
              "speed": "fast",
              "pass": true,
              "fail": false,
              "pending": false,
              "context": null,
              "code": "const state = window.testState;\nreturn cy\n  .then(() => state.onStartScenario(scenario, indexedSteps))\n  .then(() =>\n    resolveAndRunBeforeHooks.call(this, scenario.tags, state.feature.name)\n  )\n  .then(() =>\n    indexedSteps.forEach((step) =>\n      stepTest.call(this, state, step, rowData)\n    )\n  )\n  .then(() => state.onFinishScenario(scenario));",
              "err": {},
              "uuid": "e595f126-2759-4d06-b25d-b37791fddfa4",
              "parentUUID": "5095ead8-5ca5-44cf-95f4-4ee25ca71ca8",
              "isHook": false,
              "skipped": false
            },
            {
              "title": "User is able to access Pilihan Jasa Management by url",
              "fullTitle": "Jasa Functionality User is able to access Pilihan Jasa Management by url",
              "timedOut": null,
              "duration": 924,
              "state": "passed",
              "speed": "fast",
              "pass": true,
              "fail": false,
              "pending": false,
              "context": null,
              "code": "const state = window.testState;\nreturn cy\n  .then(() => state.onStartScenario(scenario, indexedSteps))\n  .then(() =>\n    resolveAndRunBeforeHooks.call(this, scenario.tags, state.feature.name)\n  )\n  .then(() =>\n    indexedSteps.forEach((step) =>\n      stepTest.call(this, state, step, rowData)\n    )\n  )\n  .then(() => state.onFinishScenario(scenario));",
              "err": {},
              "uuid": "b8db9ca9-7c09-4355-8bac-1b230cbab6c8",
              "parentUUID": "5095ead8-5ca5-44cf-95f4-4ee25ca71ca8",
              "isHook": false,
              "skipped": false
            },
            {
              "title": "User is able to click some service in Pilihan Jasa Management Marketplace page (example #1)",
              "fullTitle": "Jasa Functionality User is able to click some service in Pilihan Jasa Management Marketplace page (example #1)",
              "timedOut": null,
              "duration": 7524,
              "state": "passed",
              "speed": "medium",
              "pass": true,
              "fail": false,
              "pending": false,
              "context": null,
              "code": "const state = window.testState;\nreturn cy\n  .then(() => state.onStartScenario(scenario, indexedSteps))\n  .then(() =>\n    resolveAndRunBeforeHooks.call(this, scenario.tags, state.feature.name)\n  )\n  .then(() =>\n    indexedSteps.forEach((step) =>\n      stepTest.call(this, state, step, rowData)\n    )\n  )\n  .then(() => state.onFinishScenario(scenario));",
              "err": {},
              "uuid": "faf61af4-53b1-42ad-a271-e9607b9a6006",
              "parentUUID": "5095ead8-5ca5-44cf-95f4-4ee25ca71ca8",
              "isHook": false,
              "skipped": false
            },
            {
              "title": "User is able to click some service in Pilihan Jasa Management Marketplace page (example #2)",
              "fullTitle": "Jasa Functionality User is able to click some service in Pilihan Jasa Management Marketplace page (example #2)",
              "timedOut": null,
              "duration": 7323,
              "state": "passed",
              "speed": "medium",
              "pass": true,
              "fail": false,
              "pending": false,
              "context": null,
              "code": "const state = window.testState;\nreturn cy\n  .then(() => state.onStartScenario(scenario, indexedSteps))\n  .then(() =>\n    resolveAndRunBeforeHooks.call(this, scenario.tags, state.feature.name)\n  )\n  .then(() =>\n    indexedSteps.forEach((step) =>\n      stepTest.call(this, state, step, rowData)\n    )\n  )\n  .then(() => state.onFinishScenario(scenario));",
              "err": {},
              "uuid": "e624e90c-419f-44d0-b10d-425cb312b872",
              "parentUUID": "5095ead8-5ca5-44cf-95f4-4ee25ca71ca8",
              "isHook": false,
              "skipped": false
            },
            {
              "title": "User is able to access Tentang jasa Socmed by url",
              "fullTitle": "Jasa Functionality User is able to access Tentang jasa Socmed by url",
              "timedOut": null,
              "duration": 1233,
              "state": "passed",
              "speed": "fast",
              "pass": true,
              "fail": false,
              "pending": false,
              "context": null,
              "code": "const state = window.testState;\nreturn cy\n  .then(() => state.onStartScenario(scenario, indexedSteps))\n  .then(() =>\n    resolveAndRunBeforeHooks.call(this, scenario.tags, state.feature.name)\n  )\n  .then(() =>\n    indexedSteps.forEach((step) =>\n      stepTest.call(this, state, step, rowData)\n    )\n  )\n  .then(() => state.onFinishScenario(scenario));",
              "err": {},
              "uuid": "3e7ab521-e935-4818-b84e-82fe44812ab5",
              "parentUUID": "5095ead8-5ca5-44cf-95f4-4ee25ca71ca8",
              "isHook": false,
              "skipped": false
            },
            {
              "title": "User is able to click paket bu lastri in Tentang Jasa Management Socmed page",
              "fullTitle": "Jasa Functionality User is able to click paket bu lastri in Tentang Jasa Management Socmed page",
              "timedOut": null,
              "duration": 3487,
              "state": "passed",
              "speed": "fast",
              "pass": true,
              "fail": false,
              "pending": false,
              "context": null,
              "code": "const state = window.testState;\nreturn cy\n  .then(() => state.onStartScenario(scenario, indexedSteps))\n  .then(() =>\n    resolveAndRunBeforeHooks.call(this, scenario.tags, state.feature.name)\n  )\n  .then(() =>\n    indexedSteps.forEach((step) =>\n      stepTest.call(this, state, step, rowData)\n    )\n  )\n  .then(() => state.onFinishScenario(scenario));",
              "err": {},
              "uuid": "b5b59fc4-a5f1-4edb-ae8c-dd32a0d270b7",
              "parentUUID": "5095ead8-5ca5-44cf-95f4-4ee25ca71ca8",
              "isHook": false,
              "skipped": false
            },
            {
              "title": "User is able to click paket bu lastri plus in Tentang Jasa Management Socmed page",
              "fullTitle": "Jasa Functionality User is able to click paket bu lastri plus in Tentang Jasa Management Socmed page",
              "timedOut": null,
              "duration": 3593,
              "state": "passed",
              "speed": "fast",
              "pass": true,
              "fail": false,
              "pending": false,
              "context": null,
              "code": "const state = window.testState;\nreturn cy\n  .then(() => state.onStartScenario(scenario, indexedSteps))\n  .then(() =>\n    resolveAndRunBeforeHooks.call(this, scenario.tags, state.feature.name)\n  )\n  .then(() =>\n    indexedSteps.forEach((step) =>\n      stepTest.call(this, state, step, rowData)\n    )\n  )\n  .then(() => state.onFinishScenario(scenario));",
              "err": {},
              "uuid": "39a5fe07-0435-4d93-883f-c9b0853320a8",
              "parentUUID": "5095ead8-5ca5-44cf-95f4-4ee25ca71ca8",
              "isHook": false,
              "skipped": false
            },
            {
              "title": "User is able to click paket bu sisil in Tentang Jasa Management Socmed page",
              "fullTitle": "Jasa Functionality User is able to click paket bu sisil in Tentang Jasa Management Socmed page",
              "timedOut": null,
              "duration": 3668,
              "state": "passed",
              "speed": "fast",
              "pass": true,
              "fail": false,
              "pending": false,
              "context": null,
              "code": "const state = window.testState;\nreturn cy\n  .then(() => state.onStartScenario(scenario, indexedSteps))\n  .then(() =>\n    resolveAndRunBeforeHooks.call(this, scenario.tags, state.feature.name)\n  )\n  .then(() =>\n    indexedSteps.forEach((step) =>\n      stepTest.call(this, state, step, rowData)\n    )\n  )\n  .then(() => state.onFinishScenario(scenario));",
              "err": {},
              "uuid": "20e99a1e-ddde-471d-9239-7e7a326feee0",
              "parentUUID": "5095ead8-5ca5-44cf-95f4-4ee25ca71ca8",
              "isHook": false,
              "skipped": false
            },
            {
              "title": "User is able to access Tentang Jasa Tiktok Shop by url",
              "fullTitle": "Jasa Functionality User is able to access Tentang Jasa Tiktok Shop by url",
              "timedOut": null,
              "duration": 1261,
              "state": "passed",
              "speed": "fast",
              "pass": true,
              "fail": false,
              "pending": false,
              "context": null,
              "code": "const state = window.testState;\nreturn cy\n  .then(() => state.onStartScenario(scenario, indexedSteps))\n  .then(() =>\n    resolveAndRunBeforeHooks.call(this, scenario.tags, state.feature.name)\n  )\n  .then(() =>\n    indexedSteps.forEach((step) =>\n      stepTest.call(this, state, step, rowData)\n    )\n  )\n  .then(() => state.onFinishScenario(scenario));",
              "err": {},
              "uuid": "4af97245-adf9-48d3-b55c-98b525dba430",
              "parentUUID": "5095ead8-5ca5-44cf-95f4-4ee25ca71ca8",
              "isHook": false,
              "skipped": false
            },
            {
              "title": "User is able to click paket bu lastri in Tentang Jasa Tiktok Shop page",
              "fullTitle": "Jasa Functionality User is able to click paket bu lastri in Tentang Jasa Tiktok Shop page",
              "timedOut": null,
              "duration": 3530,
              "state": "passed",
              "speed": "fast",
              "pass": true,
              "fail": false,
              "pending": false,
              "context": null,
              "code": "const state = window.testState;\nreturn cy\n  .then(() => state.onStartScenario(scenario, indexedSteps))\n  .then(() =>\n    resolveAndRunBeforeHooks.call(this, scenario.tags, state.feature.name)\n  )\n  .then(() =>\n    indexedSteps.forEach((step) =>\n      stepTest.call(this, state, step, rowData)\n    )\n  )\n  .then(() => state.onFinishScenario(scenario));",
              "err": {},
              "uuid": "099afc67-733a-4e88-a566-c349820ceb37",
              "parentUUID": "5095ead8-5ca5-44cf-95f4-4ee25ca71ca8",
              "isHook": false,
              "skipped": false
            },
            {
              "title": "User is able to click paket bu lastri plus in Tentang Jasa Management Socmed page",
              "fullTitle": "Jasa Functionality User is able to click paket bu lastri plus in Tentang Jasa Management Socmed page",
              "timedOut": null,
              "duration": 3514,
              "state": "passed",
              "speed": "fast",
              "pass": true,
              "fail": false,
              "pending": false,
              "context": null,
              "code": "const state = window.testState;\nreturn cy\n  .then(() => state.onStartScenario(scenario, indexedSteps))\n  .then(() =>\n    resolveAndRunBeforeHooks.call(this, scenario.tags, state.feature.name)\n  )\n  .then(() =>\n    indexedSteps.forEach((step) =>\n      stepTest.call(this, state, step, rowData)\n    )\n  )\n  .then(() => state.onFinishScenario(scenario));",
              "err": {},
              "uuid": "44592ff2-3952-48d4-87c8-16eefebb3bcb",
              "parentUUID": "5095ead8-5ca5-44cf-95f4-4ee25ca71ca8",
              "isHook": false,
              "skipped": false
            },
            {
              "title": "User is able to click paket bu sisil in Tentang Jasa Management Socmed page",
              "fullTitle": "Jasa Functionality User is able to click paket bu sisil in Tentang Jasa Management Socmed page",
              "timedOut": null,
              "duration": 3631,
              "state": "passed",
              "speed": "fast",
              "pass": true,
              "fail": false,
              "pending": false,
              "context": null,
              "code": "const state = window.testState;\nreturn cy\n  .then(() => state.onStartScenario(scenario, indexedSteps))\n  .then(() =>\n    resolveAndRunBeforeHooks.call(this, scenario.tags, state.feature.name)\n  )\n  .then(() =>\n    indexedSteps.forEach((step) =>\n      stepTest.call(this, state, step, rowData)\n    )\n  )\n  .then(() => state.onFinishScenario(scenario));",
              "err": {},
              "uuid": "0dcbbc95-35e0-4fd1-a983-128251401e5a",
              "parentUUID": "5095ead8-5ca5-44cf-95f4-4ee25ca71ca8",
              "isHook": false,
              "skipped": false
            },
            {
              "title": "User in able to access Pilihan jasa Socmed by url",
              "fullTitle": "Jasa Functionality User in able to access Pilihan jasa Socmed by url",
              "timedOut": null,
              "duration": 1138,
              "state": "passed",
              "speed": "fast",
              "pass": true,
              "fail": false,
              "pending": false,
              "context": null,
              "code": "const state = window.testState;\nreturn cy\n  .then(() => state.onStartScenario(scenario, indexedSteps))\n  .then(() =>\n    resolveAndRunBeforeHooks.call(this, scenario.tags, state.feature.name)\n  )\n  .then(() =>\n    indexedSteps.forEach((step) =>\n      stepTest.call(this, state, step, rowData)\n    )\n  )\n  .then(() => state.onFinishScenario(scenario));",
              "err": {},
              "uuid": "fcb523a4-3612-4038-b152-0954eaedaf81",
              "parentUUID": "5095ead8-5ca5-44cf-95f4-4ee25ca71ca8",
              "isHook": false,
              "skipped": false
            },
            {
              "title": "User click some service in Pilihan Jasa Management Social Media page (example #1)",
              "fullTitle": "Jasa Functionality User click some service in Pilihan Jasa Management Social Media page (example #1)",
              "timedOut": null,
              "duration": 8387,
              "state": "passed",
              "speed": "medium",
              "pass": true,
              "fail": false,
              "pending": false,
              "context": null,
              "code": "const state = window.testState;\nreturn cy\n  .then(() => state.onStartScenario(scenario, indexedSteps))\n  .then(() =>\n    resolveAndRunBeforeHooks.call(this, scenario.tags, state.feature.name)\n  )\n  .then(() =>\n    indexedSteps.forEach((step) =>\n      stepTest.call(this, state, step, rowData)\n    )\n  )\n  .then(() => state.onFinishScenario(scenario));",
              "err": {},
              "uuid": "e328e9f9-6776-451d-891c-9bccc41d2fd6",
              "parentUUID": "5095ead8-5ca5-44cf-95f4-4ee25ca71ca8",
              "isHook": false,
              "skipped": false
            },
            {
              "title": "User click some service in Pilihan Jasa Management Social Media page (example #2)",
              "fullTitle": "Jasa Functionality User click some service in Pilihan Jasa Management Social Media page (example #2)",
              "timedOut": null,
              "duration": 8640,
              "state": "passed",
              "speed": "medium",
              "pass": true,
              "fail": false,
              "pending": false,
              "context": null,
              "code": "const state = window.testState;\nreturn cy\n  .then(() => state.onStartScenario(scenario, indexedSteps))\n  .then(() =>\n    resolveAndRunBeforeHooks.call(this, scenario.tags, state.feature.name)\n  )\n  .then(() =>\n    indexedSteps.forEach((step) =>\n      stepTest.call(this, state, step, rowData)\n    )\n  )\n  .then(() => state.onFinishScenario(scenario));",
              "err": {},
              "uuid": "babb4af3-8571-409d-b6f7-8c980d7be7ef",
              "parentUUID": "5095ead8-5ca5-44cf-95f4-4ee25ca71ca8",
              "isHook": false,
              "skipped": false
            },
            {
              "title": "User click some service in Pilihan Jasa Management Social Media page (example #3)",
              "fullTitle": "Jasa Functionality User click some service in Pilihan Jasa Management Social Media page (example #3)",
              "timedOut": null,
              "duration": 8768,
              "state": "passed",
              "speed": "medium",
              "pass": true,
              "fail": false,
              "pending": false,
              "context": null,
              "code": "const state = window.testState;\nreturn cy\n  .then(() => state.onStartScenario(scenario, indexedSteps))\n  .then(() =>\n    resolveAndRunBeforeHooks.call(this, scenario.tags, state.feature.name)\n  )\n  .then(() =>\n    indexedSteps.forEach((step) =>\n      stepTest.call(this, state, step, rowData)\n    )\n  )\n  .then(() => state.onFinishScenario(scenario));",
              "err": {},
              "uuid": "2f7a215d-e10d-4e8a-a242-29b0132c880e",
              "parentUUID": "5095ead8-5ca5-44cf-95f4-4ee25ca71ca8",
              "isHook": false,
              "skipped": false
            },
            {
              "title": "User is able to access Training and Coaching page by url",
              "fullTitle": "Jasa Functionality User is able to access Training and Coaching page by url",
              "timedOut": null,
              "duration": 1474,
              "state": "passed",
              "speed": "fast",
              "pass": true,
              "fail": false,
              "pending": false,
              "context": null,
              "code": "const state = window.testState;\nreturn cy\n  .then(() => state.onStartScenario(scenario, indexedSteps))\n  .then(() =>\n    resolveAndRunBeforeHooks.call(this, scenario.tags, state.feature.name)\n  )\n  .then(() =>\n    indexedSteps.forEach((step) =>\n      stepTest.call(this, state, step, rowData)\n    )\n  )\n  .then(() => state.onFinishScenario(scenario));",
              "err": {},
              "uuid": "82a582b0-bc0d-4c6e-89e7-d6c3c296592f",
              "parentUUID": "5095ead8-5ca5-44cf-95f4-4ee25ca71ca8",
              "isHook": false,
              "skipped": false
            },
            {
              "title": "User click Training & Coaching service in Training & Coaching page (example #1)",
              "fullTitle": "Jasa Functionality User click Training & Coaching service in Training & Coaching page (example #1)",
              "timedOut": null,
              "duration": 7169,
              "state": "passed",
              "speed": "medium",
              "pass": true,
              "fail": false,
              "pending": false,
              "context": null,
              "code": "const state = window.testState;\nreturn cy\n  .then(() => state.onStartScenario(scenario, indexedSteps))\n  .then(() =>\n    resolveAndRunBeforeHooks.call(this, scenario.tags, state.feature.name)\n  )\n  .then(() =>\n    indexedSteps.forEach((step) =>\n      stepTest.call(this, state, step, rowData)\n    )\n  )\n  .then(() => state.onFinishScenario(scenario));",
              "err": {},
              "uuid": "3a8b0861-1fa8-4e7e-82a7-9cd8f24d984f",
              "parentUUID": "5095ead8-5ca5-44cf-95f4-4ee25ca71ca8",
              "isHook": false,
              "skipped": false
            },
            {
              "title": "User is able to access course checkout page by url",
              "fullTitle": "Jasa Functionality User is able to access course checkout page by url",
              "timedOut": null,
              "duration": 5814,
              "state": "passed",
              "speed": "medium",
              "pass": true,
              "fail": false,
              "pending": false,
              "context": null,
              "code": "const state = window.testState;\nreturn cy\n  .then(() => state.onStartScenario(scenario, indexedSteps))\n  .then(() =>\n    resolveAndRunBeforeHooks.call(this, scenario.tags, state.feature.name)\n  )\n  .then(() =>\n    indexedSteps.forEach((step) =>\n      stepTest.call(this, state, step, rowData)\n    )\n  )\n  .then(() => state.onFinishScenario(scenario));",
              "err": {},
              "uuid": "706f412a-86b0-4181-a1fc-065e9b75fcd1",
              "parentUUID": "5095ead8-5ca5-44cf-95f4-4ee25ca71ca8",
              "isHook": false,
              "skipped": false
            },
            {
              "title": "User cannot access Jasa checkout page when user not logged in",
              "fullTitle": "Jasa Functionality User cannot access Jasa checkout page when user not logged in",
              "timedOut": null,
              "duration": 3395,
              "state": "passed",
              "speed": "fast",
              "pass": true,
              "fail": false,
              "pending": false,
              "context": null,
              "code": "const state = window.testState;\nreturn cy\n  .then(() => state.onStartScenario(scenario, indexedSteps))\n  .then(() =>\n    resolveAndRunBeforeHooks.call(this, scenario.tags, state.feature.name)\n  )\n  .then(() =>\n    indexedSteps.forEach((step) =>\n      stepTest.call(this, state, step, rowData)\n    )\n  )\n  .then(() => state.onFinishScenario(scenario));",
              "err": {},
              "uuid": "6d367042-972d-47a7-b61e-2b106c6e5c06",
              "parentUUID": "5095ead8-5ca5-44cf-95f4-4ee25ca71ca8",
              "isHook": false,
              "skipped": false
            },
            {
              "title": "User cannot access checkout page by url when user not logged in",
              "fullTitle": "Jasa Functionality User cannot access checkout page by url when user not logged in",
              "timedOut": null,
              "duration": 1023,
              "state": "passed",
              "speed": "fast",
              "pass": true,
              "fail": false,
              "pending": false,
              "context": null,
              "code": "const state = window.testState;\nreturn cy\n  .then(() => state.onStartScenario(scenario, indexedSteps))\n  .then(() =>\n    resolveAndRunBeforeHooks.call(this, scenario.tags, state.feature.name)\n  )\n  .then(() =>\n    indexedSteps.forEach((step) =>\n      stepTest.call(this, state, step, rowData)\n    )\n  )\n  .then(() => state.onFinishScenario(scenario));",
              "err": {},
              "uuid": "7bd5b082-718f-4d6c-b64b-926a8ac00d05",
              "parentUUID": "5095ead8-5ca5-44cf-95f4-4ee25ca71ca8",
              "isHook": false,
              "skipped": false
            },
            {
              "title": "User able to confirm Jasa confirmation modal box message",
              "fullTitle": "Jasa Functionality User able to confirm Jasa confirmation modal box message",
              "timedOut": null,
              "duration": 6171,
              "state": "passed",
              "speed": "medium",
              "pass": true,
              "fail": false,
              "pending": false,
              "context": null,
              "code": "const state = window.testState;\nreturn cy\n  .then(() => state.onStartScenario(scenario, indexedSteps))\n  .then(() =>\n    resolveAndRunBeforeHooks.call(this, scenario.tags, state.feature.name)\n  )\n  .then(() =>\n    indexedSteps.forEach((step) =>\n      stepTest.call(this, state, step, rowData)\n    )\n  )\n  .then(() => state.onFinishScenario(scenario));",
              "err": {},
              "uuid": "b52efa6f-effc-4bb9-8d49-74b0813dc56c",
              "parentUUID": "5095ead8-5ca5-44cf-95f4-4ee25ca71ca8",
              "isHook": false,
              "skipped": false
            },
            {
              "title": "User able to checkout Jasa Service",
              "fullTitle": "Jasa Functionality User able to checkout Jasa Service",
              "timedOut": null,
              "duration": 9046,
              "state": "passed",
              "speed": "medium",
              "pass": true,
              "fail": false,
              "pending": false,
              "context": null,
              "code": "const state = window.testState;\nreturn cy\n  .then(() => state.onStartScenario(scenario, indexedSteps))\n  .then(() =>\n    resolveAndRunBeforeHooks.call(this, scenario.tags, state.feature.name)\n  )\n  .then(() =>\n    indexedSteps.forEach((step) =>\n      stepTest.call(this, state, step, rowData)\n    )\n  )\n  .then(() => state.onFinishScenario(scenario));",
              "err": {},
              "uuid": "20caf476-48a3-4375-9474-dff4d07b0c63",
              "parentUUID": "5095ead8-5ca5-44cf-95f4-4ee25ca71ca8",
              "isHook": false,
              "skipped": false
            }
          ],
          "suites": [],
          "passes": [
            "09a94b4b-f87c-4513-9e63-04e43e891a4d",
            "25835534-5694-4092-b7f0-d19fe057b0b2",
            "b8c37f7a-4fa5-4f28-bbd9-b36ac3e15424",
            "1d89a5d5-3e00-4fb2-a7a1-32bb71bd5792",
            "622d232d-4610-4448-be18-873ca71d2691",
            "00bcee34-0c21-48cb-8a51-56deff82ad81",
            "a965fc50-fb93-4f60-b933-6b7c4a924577",
            "c00fc937-91ee-4c3a-9e5b-5319b7567693",
            "b57c495f-b728-43ed-8496-0bf82ba5341b",
            "1f99ff77-ec11-41c2-9f8b-49f8bd6233aa",
            "73196e66-bd06-4bf2-ade8-9898e802857c",
            "91375828-5fed-46c9-b334-f09ee6cdeefd",
            "75351dd2-8bf1-41a7-9cd3-ba935f3ca9a9",
            "e595f126-2759-4d06-b25d-b37791fddfa4",
            "b8db9ca9-7c09-4355-8bac-1b230cbab6c8",
            "faf61af4-53b1-42ad-a271-e9607b9a6006",
            "e624e90c-419f-44d0-b10d-425cb312b872",
            "3e7ab521-e935-4818-b84e-82fe44812ab5",
            "b5b59fc4-a5f1-4edb-ae8c-dd32a0d270b7",
            "39a5fe07-0435-4d93-883f-c9b0853320a8",
            "20e99a1e-ddde-471d-9239-7e7a326feee0",
            "4af97245-adf9-48d3-b55c-98b525dba430",
            "099afc67-733a-4e88-a566-c349820ceb37",
            "44592ff2-3952-48d4-87c8-16eefebb3bcb",
            "0dcbbc95-35e0-4fd1-a983-128251401e5a",
            "fcb523a4-3612-4038-b152-0954eaedaf81",
            "e328e9f9-6776-451d-891c-9bccc41d2fd6",
            "babb4af3-8571-409d-b6f7-8c980d7be7ef",
            "2f7a215d-e10d-4e8a-a242-29b0132c880e",
            "82a582b0-bc0d-4c6e-89e7-d6c3c296592f",
            "3a8b0861-1fa8-4e7e-82a7-9cd8f24d984f",
            "706f412a-86b0-4181-a1fc-065e9b75fcd1",
            "6d367042-972d-47a7-b61e-2b106c6e5c06",
            "7bd5b082-718f-4d6c-b64b-926a8ac00d05",
            "b52efa6f-effc-4bb9-8d49-74b0813dc56c",
            "20caf476-48a3-4375-9474-dff4d07b0c63"
          ],
          "failures": [],
          "pending": [],
          "skipped": [],
          "duration": 153433,
          "root": false,
          "rootEmpty": false,
          "_timeout": 2000
        }
      ],
      "passes": [],
      "failures": [],
      "pending": [],
      "skipped": [],
      "duration": 0,
      "root": true,
      "rootEmpty": true,
      "_timeout": 2000
    }
  ],
  "meta": {
    "mocha": {
      "version": "7.0.1"
    },
    "mochawesome": {
      "options": {
        "quiet": false,
        "reportFilename": "mochawesome",
        "saveHtml": true,
        "saveJson": true,
        "consoleReporter": "spec",
        "useInlineDiffs": false,
        "code": true
      },
      "version": "7.1.3"
    },
    "marge": {
      "options": {
        "reportDir": "cypress/reports",
        "overwrite": false,
        "html": true,
        "json": true,
        "timestamp": "mmddyyyy_HHMMss"
      },
      "version": "6.2.0"
    }
  }
}