{
  "stats": {
    "suites": 1,
    "tests": 2,
    "passes": 2,
    "pending": 0,
    "failures": 0,
    "start": "2025-07-28T00:41:17.213Z",
    "end": "2025-07-28T00:41:27.854Z",
    "duration": 10641,
    "testsRegistered": 2,
    "passPercent": 100,
    "pendingPercent": 0,
    "other": 0,
    "hasOther": false,
    "skipped": 0,
    "hasSkipped": false
  },
  "results": [
    {
      "uuid": "c852326b-0c7b-475d-88e5-24318556b94d",
      "title": "",
      "fullFile": "cypress\\e2e\\cucumber\\Features\\RegisterTest.feature",
      "file": "cypress\\e2e\\cucumber\\Features\\RegisterTest.feature",
      "beforeHooks": [],
      "afterHooks": [],
      "tests": [],
      "suites": [
        {
          "uuid": "ef4430be-8e38-4c77-ade2-f229abeb5b6b",
          "title": "Register Functionality",
          "fullFile": "",
          "file": "",
          "beforeHooks": [],
          "afterHooks": [],
          "tests": [
            {
              "title": "User is able to Access Register Page",
              "fullTitle": "Register Functionality User is able to Access Register Page",
              "timedOut": null,
              "duration": 2582,
              "state": "passed",
              "speed": "fast",
              "pass": true,
              "fail": false,
              "pending": false,
              "context": null,
              "code": "const state = window.testState;\nreturn cy\n  .then(() => state.onStartScenario(scenario, indexedSteps))\n  .then(() =>\n    resolveAndRunBeforeHooks.call(this, scenario.tags, state.feature.name)\n  )\n  .then(() =>\n    indexedSteps.forEach((step) =>\n      stepTest.call(this, state, step, rowData)\n    )\n  )\n  .then(() => state.onFinishScenario(scenario));",
              "err": {},
              "uuid": "fb418f18-ca48-443a-849a-10883f7ca7ae",
              "parentUUID": "ef4430be-8e38-4c77-ade2-f229abeb5b6b",
              "isHook": false,
              "skipped": false
            },
            {
              "title": "User is able to register account with inputted credentials (example #1)",
              "fullTitle": "Register Functionality User is able to register account with inputted credentials (example #1)",
              "timedOut": null,
              "duration": 3766,
              "state": "passed",
              "speed": "fast",
              "pass": true,
              "fail": false,
              "pending": false,
              "context": null,
              "code": "const state = window.testState;\nreturn cy\n  .then(() => state.onStartScenario(scenario, indexedSteps))\n  .then(() =>\n    resolveAndRunBeforeHooks.call(this, scenario.tags, state.feature.name)\n  )\n  .then(() =>\n    indexedSteps.forEach((step) =>\n      stepTest.call(this, state, step, rowData)\n    )\n  )\n  .then(() => state.onFinishScenario(scenario));",
              "err": {},
              "uuid": "0c63ce2a-14c3-4666-ae79-f14ba2b20781",
              "parentUUID": "ef4430be-8e38-4c77-ade2-f229abeb5b6b",
              "isHook": false,
              "skipped": false
            }
          ],
          "suites": [],
          "passes": [
            "fb418f18-ca48-443a-849a-10883f7ca7ae",
            "0c63ce2a-14c3-4666-ae79-f14ba2b20781"
          ],
          "failures": [],
          "pending": [],
          "skipped": [],
          "duration": 6348,
          "root": false,
          "rootEmpty": false,
          "_timeout": 2000
        }
      ],
      "passes": [],
      "failures": [],
      "pending": [],
      "skipped": [],
      "duration": 0,
      "root": true,
      "rootEmpty": true,
      "_timeout": 2000
    }
  ],
  "meta": {
    "mocha": {
      "version": "7.0.1"
    },
    "mochawesome": {
      "options": {
        "quiet": false,
        "reportFilename": "mochawesome",
        "saveHtml": true,
        "saveJson": true,
        "consoleReporter": "spec",
        "useInlineDiffs": false,
        "code": true
      },
      "version": "7.1.3"
    },
    "marge": {
      "options": {
        "reportDir": "cypress/reports",
        "overwrite": false,
        "html": true,
        "json": true,
        "timestamp": "mmddyyyy_HHMMss"
      },
      "version": "6.2.0"
    }
  }
}