{
  "stats": {
    "suites": 1,
    "tests": 32,
    "passes": 31,
    "pending": 0,
    "failures": 1,
    "start": "2025-07-28T00:45:59.268Z",
    "end": "2025-07-28T00:49:53.797Z",
    "duration": 234529,
    "testsRegistered": 32,
    "passPercent": 96.875,
    "pendingPercent": 0,
    "other": 0,
    "hasOther": false,
    "skipped": 0,
    "hasSkipped": false
  },
  "results": [
    {
      "uuid": "e5337fc1-a5aa-49ec-9590-84902eeb68f3",
      "title": "",
      "fullFile": "cypress\\e2e\\cucumber\\Features\\KelasTest.feature",
      "file": "cypress\\e2e\\cucumber\\Features\\KelasTest.feature",
      "beforeHooks": [],
      "afterHooks": [],
      "tests": [],
      "suites": [
        {
          "uuid": "5bff097f-8281-4717-ad6b-463b4cc4223c",
          "title": "Kelas Functionality",
          "fullFile": "",
          "file": "",
          "beforeHooks": [],
          "afterHooks": [],
          "tests": [
            {
              "title": "User is able to access Shopee Premium LP by url",
              "fullTitle": "Kelas Functionality User is able to access Shopee Premium LP by url",
              "timedOut": null,
              "duration": 1474,
              "state": "passed",
              "speed": "fast",
              "pass": true,
              "fail": false,
              "pending": false,
              "context": null,
              "code": "const state = window.testState;\nreturn cy\n  .then(() => state.onStartScenario(scenario, indexedSteps))\n  .then(() =>\n    resolveAndRunBeforeHooks.call(this, scenario.tags, state.feature.name)\n  )\n  .then(() =>\n    indexedSteps.forEach((step) =>\n      stepTest.call(this, state, step, rowData)\n    )\n  )\n  .then(() => state.onFinishScenario(scenario));",
              "err": {},
              "uuid": "8b0febdd-d707-42ec-9371-7b1f62cc0efd",
              "parentUUID": "5bff097f-8281-4717-ad6b-463b4cc4223c",
              "isHook": false,
              "skipped": false
            },
            {
              "title": "User is able to access Tiktok Premium LP by url",
              "fullTitle": "Kelas Functionality User is able to access Tiktok Premium LP by url",
              "timedOut": null,
              "duration": 834,
              "state": "passed",
              "speed": "fast",
              "pass": true,
              "fail": false,
              "pending": false,
              "context": null,
              "code": "const state = window.testState;\nreturn cy\n  .then(() => state.onStartScenario(scenario, indexedSteps))\n  .then(() =>\n    resolveAndRunBeforeHooks.call(this, scenario.tags, state.feature.name)\n  )\n  .then(() =>\n    indexedSteps.forEach((step) =>\n      stepTest.call(this, state, step, rowData)\n    )\n  )\n  .then(() => state.onFinishScenario(scenario));",
              "err": {},
              "uuid": "0bdc0292-5018-4e49-ae92-7dd2115f2ecc",
              "parentUUID": "5bff097f-8281-4717-ad6b-463b4cc4223c",
              "isHook": false,
              "skipped": false
            },
            {
              "title": "User is able to access Courses Premium LP via Home Search (example #1)",
              "fullTitle": "Kelas Functionality User is able to access Courses Premium LP via Home Search (example #1)",
              "timedOut": null,
              "duration": 3827,
              "state": "passed",
              "speed": "fast",
              "pass": true,
              "fail": false,
              "pending": false,
              "context": null,
              "code": "const state = window.testState;\nreturn cy\n  .then(() => state.onStartScenario(scenario, indexedSteps))\n  .then(() =>\n    resolveAndRunBeforeHooks.call(this, scenario.tags, state.feature.name)\n  )\n  .then(() =>\n    indexedSteps.forEach((step) =>\n      stepTest.call(this, state, step, rowData)\n    )\n  )\n  .then(() => state.onFinishScenario(scenario));",
              "err": {},
              "uuid": "6bb04eb8-72a6-4804-90aa-7850af8489df",
              "parentUUID": "5bff097f-8281-4717-ad6b-463b4cc4223c",
              "isHook": false,
              "skipped": false
            },
            {
              "title": "User is able to access Courses Premium LP via Home Search (example #2)",
              "fullTitle": "Kelas Functionality User is able to access Courses Premium LP via Home Search (example #2)",
              "timedOut": null,
              "duration": 3188,
              "state": "passed",
              "speed": "fast",
              "pass": true,
              "fail": false,
              "pending": false,
              "context": null,
              "code": "const state = window.testState;\nreturn cy\n  .then(() => state.onStartScenario(scenario, indexedSteps))\n  .then(() =>\n    resolveAndRunBeforeHooks.call(this, scenario.tags, state.feature.name)\n  )\n  .then(() =>\n    indexedSteps.forEach((step) =>\n      stepTest.call(this, state, step, rowData)\n    )\n  )\n  .then(() => state.onFinishScenario(scenario));",
              "err": {},
              "uuid": "486dff48-a3e5-48c9-909d-99939a3ca81f",
              "parentUUID": "5bff097f-8281-4717-ad6b-463b4cc4223c",
              "isHook": false,
              "skipped": false
            },
            {
              "title": "User is able to click Marketplace Mastery Basic Saya Mau by Shopee Premium LP",
              "fullTitle": "Kelas Functionality User is able to click Marketplace Mastery Basic Saya Mau by Shopee Premium LP",
              "timedOut": null,
              "duration": 10745,
              "state": "passed",
              "speed": "slow",
              "pass": true,
              "fail": false,
              "pending": false,
              "context": null,
              "code": "const state = window.testState;\nreturn cy\n  .then(() => state.onStartScenario(scenario, indexedSteps))\n  .then(() =>\n    resolveAndRunBeforeHooks.call(this, scenario.tags, state.feature.name)\n  )\n  .then(() =>\n    indexedSteps.forEach((step) =>\n      stepTest.call(this, state, step, rowData)\n    )\n  )\n  .then(() => state.onFinishScenario(scenario));",
              "err": {},
              "uuid": "8ce3b24a-a656-4af4-88f0-e33aac39fc58",
              "parentUUID": "5bff097f-8281-4717-ad6b-463b4cc4223c",
              "isHook": false,
              "skipped": false
            },
            {
              "title": "User is able to click Shopee Premium Saya Mau",
              "fullTitle": "Kelas Functionality User is able to click Shopee Premium Saya Mau",
              "timedOut": null,
              "duration": 9756,
              "state": "passed",
              "speed": "medium",
              "pass": true,
              "fail": false,
              "pending": false,
              "context": null,
              "code": "const state = window.testState;\nreturn cy\n  .then(() => state.onStartScenario(scenario, indexedSteps))\n  .then(() =>\n    resolveAndRunBeforeHooks.call(this, scenario.tags, state.feature.name)\n  )\n  .then(() =>\n    indexedSteps.forEach((step) =>\n      stepTest.call(this, state, step, rowData)\n    )\n  )\n  .then(() => state.onFinishScenario(scenario));",
              "err": {},
              "uuid": "d7a558ef-a105-4e2c-a5fe-11189049178a",
              "parentUUID": "5bff097f-8281-4717-ad6b-463b4cc4223c",
              "isHook": false,
              "skipped": false
            },
            {
              "title": "User is able to click Super Mentor Shopee Saya Mau Bundle",
              "fullTitle": "Kelas Functionality User is able to click Super Mentor Shopee Saya Mau Bundle",
              "timedOut": null,
              "duration": 10025,
              "state": "passed",
              "speed": "slow",
              "pass": true,
              "fail": false,
              "pending": false,
              "context": null,
              "code": "const state = window.testState;\nreturn cy\n  .then(() => state.onStartScenario(scenario, indexedSteps))\n  .then(() =>\n    resolveAndRunBeforeHooks.call(this, scenario.tags, state.feature.name)\n  )\n  .then(() =>\n    indexedSteps.forEach((step) =>\n      stepTest.call(this, state, step, rowData)\n    )\n  )\n  .then(() => state.onFinishScenario(scenario));",
              "err": {},
              "uuid": "7bdd35de-b731-4a48-af8e-e2afa1ec8625",
              "parentUUID": "5bff097f-8281-4717-ad6b-463b4cc4223c",
              "isHook": false,
              "skipped": false
            },
            {
              "title": "User is not able to access Shopee Premium Checkout Page when not logged in",
              "fullTitle": "Kelas Functionality User is not able to access Shopee Premium Checkout Page when not logged in",
              "timedOut": null,
              "duration": 5002,
              "state": "passed",
              "speed": "medium",
              "pass": true,
              "fail": false,
              "pending": false,
              "context": null,
              "code": "const state = window.testState;\nreturn cy\n  .then(() => state.onStartScenario(scenario, indexedSteps))\n  .then(() =>\n    resolveAndRunBeforeHooks.call(this, scenario.tags, state.feature.name)\n  )\n  .then(() =>\n    indexedSteps.forEach((step) =>\n      stepTest.call(this, state, step, rowData)\n    )\n  )\n  .then(() => state.onFinishScenario(scenario));",
              "err": {},
              "uuid": "86bcf914-252c-40dc-8bcc-85e6c35cf1fc",
              "parentUUID": "5bff097f-8281-4717-ad6b-463b4cc4223c",
              "isHook": false,
              "skipped": false
            },
            {
              "title": "User is not able to access Marketplace Mastery Basic Checkout Page by LP Shopee when not logged in",
              "fullTitle": "Kelas Functionality User is not able to access Marketplace Mastery Basic Checkout Page by LP Shopee when not logged in",
              "timedOut": null,
              "duration": 4810,
              "state": "passed",
              "speed": "fast",
              "pass": true,
              "fail": false,
              "pending": false,
              "context": null,
              "code": "const state = window.testState;\nreturn cy\n  .then(() => state.onStartScenario(scenario, indexedSteps))\n  .then(() =>\n    resolveAndRunBeforeHooks.call(this, scenario.tags, state.feature.name)\n  )\n  .then(() =>\n    indexedSteps.forEach((step) =>\n      stepTest.call(this, state, step, rowData)\n    )\n  )\n  .then(() => state.onFinishScenario(scenario));",
              "err": {},
              "uuid": "a4e4d6b6-9a71-4416-b1f1-a80eeb24c305",
              "parentUUID": "5bff097f-8281-4717-ad6b-463b4cc4223c",
              "isHook": false,
              "skipped": false
            },
            {
              "title": "User is not able to access Shopee Premium Plus Checkout Page when not logged in",
              "fullTitle": "Kelas Functionality User is not able to access Shopee Premium Plus Checkout Page when not logged in",
              "timedOut": null,
              "duration": 4838,
              "state": "passed",
              "speed": "fast",
              "pass": true,
              "fail": false,
              "pending": false,
              "context": null,
              "code": "const state = window.testState;\nreturn cy\n  .then(() => state.onStartScenario(scenario, indexedSteps))\n  .then(() =>\n    resolveAndRunBeforeHooks.call(this, scenario.tags, state.feature.name)\n  )\n  .then(() =>\n    indexedSteps.forEach((step) =>\n      stepTest.call(this, state, step, rowData)\n    )\n  )\n  .then(() => state.onFinishScenario(scenario));",
              "err": {},
              "uuid": "0e837dc2-35ac-42c3-82b9-23b2a65bf27d",
              "parentUUID": "5bff097f-8281-4717-ad6b-463b4cc4223c",
              "isHook": false,
              "skipped": false
            },
            {
              "title": "User is able to click Lihat Jasa Management Marketplace Saya Mau by Shopee Premium LP",
              "fullTitle": "Kelas Functionality User is able to click Lihat Jasa Management Marketplace Saya Mau by Shopee Premium LP",
              "timedOut": null,
              "duration": 12814,
              "state": "failed",
              "speed": null,
              "pass": false,
              "fail": true,
              "pending": false,
              "context": null,
              "code": "const state = window.testState;\nreturn cy\n  .then(() => state.onStartScenario(scenario, indexedSteps))\n  .then(() =>\n    resolveAndRunBeforeHooks.call(this, scenario.tags, state.feature.name)\n  )\n  .then(() =>\n    indexedSteps.forEach((step) =>\n      stepTest.call(this, state, step, rowData)\n    )\n  )\n  .then(() => state.onFinishScenario(scenario));",
              "err": {
                "message": "AssertionError: Timed out retrying after 4000ms: Expected to find element: `[data-testid='package-management-market-place']`, but never found it.",
                "estack": "AssertionError: Timed out retrying after 4000ms: Expected to find element: `[data-testid='package-management-market-place']`, but never found it.\n    at scrollUntilElementViewBySelector (cypress/e2e/cucumber/Utils/baseClass.cy.js:21:19)\n    at ShopeePremiumLPPage.clickLihatJasaManagementMarketplace (cypress/e2e/cucumber/Pages/User/ShopeePremiumLPPage.cy.js:77:37)\n    at Context.eval (cypress/e2e/cucumber/Tests/User/ShopeePremiumLPTest.cy.js:41:18)\n    at Context.resolveAndRunStepDefinition (node_modules/cypress-cucumber-preprocessor/lib/resolveStepDefinition.js:193:0)\n    at Context.eval (node_modules/cypress-cucumber-preprocessor/lib/createTestFromScenario.js:27:0)",
                "diff": null
              },
              "uuid": "c42b57b0-9fef-4a89-95ce-1149bf00f3db",
              "parentUUID": "5bff097f-8281-4717-ad6b-463b4cc4223c",
              "isHook": false,
              "skipped": false
            },
            {
              "title": "User is able to click Tiktok Premium Plus Saya Mau Bundle",
              "fullTitle": "Kelas Functionality User is able to click Tiktok Premium Plus Saya Mau Bundle",
              "timedOut": null,
              "duration": 9964,
              "state": "passed",
              "speed": "medium",
              "pass": true,
              "fail": false,
              "pending": false,
              "context": null,
              "code": "const state = window.testState;\nreturn cy\n  .then(() => state.onStartScenario(scenario, indexedSteps))\n  .then(() =>\n    resolveAndRunBeforeHooks.call(this, scenario.tags, state.feature.name)\n  )\n  .then(() =>\n    indexedSteps.forEach((step) =>\n      stepTest.call(this, state, step, rowData)\n    )\n  )\n  .then(() => state.onFinishScenario(scenario));",
              "err": {},
              "uuid": "e755c306-53a6-4371-9c50-fe4695356011",
              "parentUUID": "5bff097f-8281-4717-ad6b-463b4cc4223c",
              "isHook": false,
              "skipped": false
            },
            {
              "title": "User is able to click Tiktok Premium Business Saya Mau",
              "fullTitle": "Kelas Functionality User is able to click Tiktok Premium Business Saya Mau",
              "timedOut": null,
              "duration": 10030,
              "state": "passed",
              "speed": "slow",
              "pass": true,
              "fail": false,
              "pending": false,
              "context": null,
              "code": "const state = window.testState;\nreturn cy\n  .then(() => state.onStartScenario(scenario, indexedSteps))\n  .then(() =>\n    resolveAndRunBeforeHooks.call(this, scenario.tags, state.feature.name)\n  )\n  .then(() =>\n    indexedSteps.forEach((step) =>\n      stepTest.call(this, state, step, rowData)\n    )\n  )\n  .then(() => state.onFinishScenario(scenario));",
              "err": {},
              "uuid": "0f8f87c0-38fb-4623-82ee-a2e09aa2bb67",
              "parentUUID": "5bff097f-8281-4717-ad6b-463b4cc4223c",
              "isHook": false,
              "skipped": false
            },
            {
              "title": "User is able to click Lihat Jasa Management Social Media Saya Mau by Tiktok Premium LP",
              "fullTitle": "Kelas Functionality User is able to click Lihat Jasa Management Social Media Saya Mau by Tiktok Premium LP",
              "timedOut": null,
              "duration": 9674,
              "state": "passed",
              "speed": "medium",
              "pass": true,
              "fail": false,
              "pending": false,
              "context": null,
              "code": "const state = window.testState;\nreturn cy\n  .then(() => state.onStartScenario(scenario, indexedSteps))\n  .then(() =>\n    resolveAndRunBeforeHooks.call(this, scenario.tags, state.feature.name)\n  )\n  .then(() =>\n    indexedSteps.forEach((step) =>\n      stepTest.call(this, state, step, rowData)\n    )\n  )\n  .then(() => state.onFinishScenario(scenario));",
              "err": {},
              "uuid": "86ac465a-3d91-4e16-bcc5-1dd3a8eb5b4f",
              "parentUUID": "5bff097f-8281-4717-ad6b-463b4cc4223c",
              "isHook": false,
              "skipped": false
            },
            {
              "title": "User is not able to access Tiktok Premium Business Checkout Page when not logged in",
              "fullTitle": "Kelas Functionality User is not able to access Tiktok Premium Business Checkout Page when not logged in",
              "timedOut": null,
              "duration": 4661,
              "state": "passed",
              "speed": "fast",
              "pass": true,
              "fail": false,
              "pending": false,
              "context": null,
              "code": "const state = window.testState;\nreturn cy\n  .then(() => state.onStartScenario(scenario, indexedSteps))\n  .then(() =>\n    resolveAndRunBeforeHooks.call(this, scenario.tags, state.feature.name)\n  )\n  .then(() =>\n    indexedSteps.forEach((step) =>\n      stepTest.call(this, state, step, rowData)\n    )\n  )\n  .then(() => state.onFinishScenario(scenario));",
              "err": {},
              "uuid": "097bc1fa-8781-46b1-8aef-82244876595e",
              "parentUUID": "5bff097f-8281-4717-ad6b-463b4cc4223c",
              "isHook": false,
              "skipped": false
            },
            {
              "title": "User is not able to access Tiktok Premium Plus Checkout Page when not logged in",
              "fullTitle": "Kelas Functionality User is not able to access Tiktok Premium Plus Checkout Page when not logged in",
              "timedOut": null,
              "duration": 4473,
              "state": "passed",
              "speed": "fast",
              "pass": true,
              "fail": false,
              "pending": false,
              "context": null,
              "code": "const state = window.testState;\nreturn cy\n  .then(() => state.onStartScenario(scenario, indexedSteps))\n  .then(() =>\n    resolveAndRunBeforeHooks.call(this, scenario.tags, state.feature.name)\n  )\n  .then(() =>\n    indexedSteps.forEach((step) =>\n      stepTest.call(this, state, step, rowData)\n    )\n  )\n  .then(() => state.onFinishScenario(scenario));",
              "err": {},
              "uuid": "6f726e51-b972-4e89-8c2d-c376af1bbc37",
              "parentUUID": "5bff097f-8281-4717-ad6b-463b4cc4223c",
              "isHook": false,
              "skipped": false
            },
            {
              "title": "User is able to access course checkout page by url (example #1)",
              "fullTitle": "Kelas Functionality User is able to access course checkout page by url (example #1)",
              "timedOut": null,
              "duration": 5859,
              "state": "passed",
              "speed": "medium",
              "pass": true,
              "fail": false,
              "pending": false,
              "context": null,
              "code": "const state = window.testState;\nreturn cy\n  .then(() => state.onStartScenario(scenario, indexedSteps))\n  .then(() =>\n    resolveAndRunBeforeHooks.call(this, scenario.tags, state.feature.name)\n  )\n  .then(() =>\n    indexedSteps.forEach((step) =>\n      stepTest.call(this, state, step, rowData)\n    )\n  )\n  .then(() => state.onFinishScenario(scenario));",
              "err": {},
              "uuid": "d8161e04-e3e0-4589-bf48-511f8efcff73",
              "parentUUID": "5bff097f-8281-4717-ad6b-463b4cc4223c",
              "isHook": false,
              "skipped": false
            },
            {
              "title": "User is able to access course checkout page by url (example #2)",
              "fullTitle": "Kelas Functionality User is able to access course checkout page by url (example #2)",
              "timedOut": null,
              "duration": 5887,
              "state": "passed",
              "speed": "medium",
              "pass": true,
              "fail": false,
              "pending": false,
              "context": null,
              "code": "const state = window.testState;\nreturn cy\n  .then(() => state.onStartScenario(scenario, indexedSteps))\n  .then(() =>\n    resolveAndRunBeforeHooks.call(this, scenario.tags, state.feature.name)\n  )\n  .then(() =>\n    indexedSteps.forEach((step) =>\n      stepTest.call(this, state, step, rowData)\n    )\n  )\n  .then(() => state.onFinishScenario(scenario));",
              "err": {},
              "uuid": "2f8a21d9-5dee-4225-9331-a0d08c6afa37",
              "parentUUID": "5bff097f-8281-4717-ad6b-463b4cc4223c",
              "isHook": false,
              "skipped": false
            },
            {
              "title": "User cannot access checkout page by url when user not logged in (example #1)",
              "fullTitle": "Kelas Functionality User cannot access checkout page by url when user not logged in (example #1)",
              "timedOut": null,
              "duration": 1571,
              "state": "passed",
              "speed": "fast",
              "pass": true,
              "fail": false,
              "pending": false,
              "context": null,
              "code": "const state = window.testState;\nreturn cy\n  .then(() => state.onStartScenario(scenario, indexedSteps))\n  .then(() =>\n    resolveAndRunBeforeHooks.call(this, scenario.tags, state.feature.name)\n  )\n  .then(() =>\n    indexedSteps.forEach((step) =>\n      stepTest.call(this, state, step, rowData)\n    )\n  )\n  .then(() => state.onFinishScenario(scenario));",
              "err": {},
              "uuid": "7b8d4e72-d0b5-49df-9d42-ee71c67c8049",
              "parentUUID": "5bff097f-8281-4717-ad6b-463b4cc4223c",
              "isHook": false,
              "skipped": false
            },
            {
              "title": "User cannot access checkout page by url when user not logged in (example #2)",
              "fullTitle": "Kelas Functionality User cannot access checkout page by url when user not logged in (example #2)",
              "timedOut": null,
              "duration": 1296,
              "state": "passed",
              "speed": "fast",
              "pass": true,
              "fail": false,
              "pending": false,
              "context": null,
              "code": "const state = window.testState;\nreturn cy\n  .then(() => state.onStartScenario(scenario, indexedSteps))\n  .then(() =>\n    resolveAndRunBeforeHooks.call(this, scenario.tags, state.feature.name)\n  )\n  .then(() =>\n    indexedSteps.forEach((step) =>\n      stepTest.call(this, state, step, rowData)\n    )\n  )\n  .then(() => state.onFinishScenario(scenario));",
              "err": {},
              "uuid": "59daaadd-a1c8-4c49-a22b-476581b396fa",
              "parentUUID": "5bff097f-8281-4717-ad6b-463b4cc4223c",
              "isHook": false,
              "skipped": false
            },
            {
              "title": "User is able to enter General Kupon Kelas Code",
              "fullTitle": "Kelas Functionality User is able to enter General Kupon Kelas Code",
              "timedOut": null,
              "duration": 8462,
              "state": "passed",
              "speed": "medium",
              "pass": true,
              "fail": false,
              "pending": false,
              "context": null,
              "code": "const state = window.testState;\nreturn cy\n  .then(() => state.onStartScenario(scenario, indexedSteps))\n  .then(() =>\n    resolveAndRunBeforeHooks.call(this, scenario.tags, state.feature.name)\n  )\n  .then(() =>\n    indexedSteps.forEach((step) =>\n      stepTest.call(this, state, step, rowData)\n    )\n  )\n  .then(() => state.onFinishScenario(scenario));",
              "err": {},
              "uuid": "bee1b2e1-890d-4f86-b795-1f27a6678d13",
              "parentUUID": "5bff097f-8281-4717-ad6b-463b4cc4223c",
              "isHook": false,
              "skipped": false
            },
            {
              "title": "User is able to choose General Kupon Kelas",
              "fullTitle": "Kelas Functionality User is able to choose General Kupon Kelas",
              "timedOut": null,
              "duration": 8898,
              "state": "passed",
              "speed": "medium",
              "pass": true,
              "fail": false,
              "pending": false,
              "context": null,
              "code": "const state = window.testState;\nreturn cy\n  .then(() => state.onStartScenario(scenario, indexedSteps))\n  .then(() =>\n    resolveAndRunBeforeHooks.call(this, scenario.tags, state.feature.name)\n  )\n  .then(() =>\n    indexedSteps.forEach((step) =>\n      stepTest.call(this, state, step, rowData)\n    )\n  )\n  .then(() => state.onFinishScenario(scenario));",
              "err": {},
              "uuid": "280062e4-6a5c-4861-a849-589cbf747319",
              "parentUUID": "5bff097f-8281-4717-ad6b-463b4cc4223c",
              "isHook": false,
              "skipped": false
            },
            {
              "title": "User is able to reset Kupon Kelas",
              "fullTitle": "Kelas Functionality User is able to reset Kupon Kelas",
              "timedOut": null,
              "duration": 9872,
              "state": "passed",
              "speed": "medium",
              "pass": true,
              "fail": false,
              "pending": false,
              "context": null,
              "code": "const state = window.testState;\nreturn cy\n  .then(() => state.onStartScenario(scenario, indexedSteps))\n  .then(() =>\n    resolveAndRunBeforeHooks.call(this, scenario.tags, state.feature.name)\n  )\n  .then(() =>\n    indexedSteps.forEach((step) =>\n      stepTest.call(this, state, step, rowData)\n    )\n  )\n  .then(() => state.onFinishScenario(scenario));",
              "err": {},
              "uuid": "91360407-15ed-40e2-9901-56feabf0034f",
              "parentUUID": "5bff097f-8281-4717-ad6b-463b4cc4223c",
              "isHook": false,
              "skipped": false
            },
            {
              "title": "User is able to view General Kupon Terms & Condition",
              "fullTitle": "Kelas Functionality User is able to view General Kupon Terms & Condition",
              "timedOut": null,
              "duration": 8041,
              "state": "passed",
              "speed": "medium",
              "pass": true,
              "fail": false,
              "pending": false,
              "context": null,
              "code": "const state = window.testState;\nreturn cy\n  .then(() => state.onStartScenario(scenario, indexedSteps))\n  .then(() =>\n    resolveAndRunBeforeHooks.call(this, scenario.tags, state.feature.name)\n  )\n  .then(() =>\n    indexedSteps.forEach((step) =>\n      stepTest.call(this, state, step, rowData)\n    )\n  )\n  .then(() => state.onFinishScenario(scenario));",
              "err": {},
              "uuid": "9b9c3e13-45b9-4734-9b48-ca2d098c0ccd",
              "parentUUID": "5bff097f-8281-4717-ad6b-463b4cc4223c",
              "isHook": false,
              "skipped": false
            },
            {
              "title": "User is able to checkout Course with VA and Kupon Kelas",
              "fullTitle": "Kelas Functionality User is able to checkout Course with VA and Kupon Kelas",
              "timedOut": null,
              "duration": 11086,
              "state": "passed",
              "speed": "slow",
              "pass": true,
              "fail": false,
              "pending": false,
              "context": null,
              "code": "const state = window.testState;\nreturn cy\n  .then(() => state.onStartScenario(scenario, indexedSteps))\n  .then(() =>\n    resolveAndRunBeforeHooks.call(this, scenario.tags, state.feature.name)\n  )\n  .then(() =>\n    indexedSteps.forEach((step) =>\n      stepTest.call(this, state, step, rowData)\n    )\n  )\n  .then(() => state.onFinishScenario(scenario));",
              "err": {},
              "uuid": "6bbbecad-7dda-4b1a-8039-6c7bd5161209",
              "parentUUID": "5bff097f-8281-4717-ad6b-463b4cc4223c",
              "isHook": false,
              "skipped": false
            },
            {
              "title": "User is able to checkout Course with QRIS",
              "fullTitle": "Kelas Functionality User is able to checkout Course with QRIS",
              "timedOut": null,
              "duration": 11628,
              "state": "passed",
              "speed": "slow",
              "pass": true,
              "fail": false,
              "pending": false,
              "context": null,
              "code": "const state = window.testState;\nreturn cy\n  .then(() => state.onStartScenario(scenario, indexedSteps))\n  .then(() =>\n    resolveAndRunBeforeHooks.call(this, scenario.tags, state.feature.name)\n  )\n  .then(() =>\n    indexedSteps.forEach((step) =>\n      stepTest.call(this, state, step, rowData)\n    )\n  )\n  .then(() => state.onFinishScenario(scenario));",
              "err": {},
              "uuid": "8e842969-fd2c-469d-90fa-21dc3f15a6be",
              "parentUUID": "5bff097f-8281-4717-ad6b-463b4cc4223c",
              "isHook": false,
              "skipped": false
            },
            {
              "title": "User is able to access Thankyou Page by url",
              "fullTitle": "Kelas Functionality User is able to access Thankyou Page by url",
              "timedOut": null,
              "duration": 6363,
              "state": "passed",
              "speed": "medium",
              "pass": true,
              "fail": false,
              "pending": false,
              "context": null,
              "code": "const state = window.testState;\nreturn cy\n  .then(() => state.onStartScenario(scenario, indexedSteps))\n  .then(() =>\n    resolveAndRunBeforeHooks.call(this, scenario.tags, state.feature.name)\n  )\n  .then(() =>\n    indexedSteps.forEach((step) =>\n      stepTest.call(this, state, step, rowData)\n    )\n  )\n  .then(() => state.onFinishScenario(scenario));",
              "err": {},
              "uuid": "d6bed20a-7c2e-43d1-b631-0d2a88257f01",
              "parentUUID": "5bff097f-8281-4717-ad6b-463b4cc4223c",
              "isHook": false,
              "skipped": false
            },
            {
              "title": "User is able to Close Thakyou Page",
              "fullTitle": "Kelas Functionality User is able to Close Thakyou Page",
              "timedOut": null,
              "duration": 7542,
              "state": "passed",
              "speed": "medium",
              "pass": true,
              "fail": false,
              "pending": false,
              "context": null,
              "code": "const state = window.testState;\nreturn cy\n  .then(() => state.onStartScenario(scenario, indexedSteps))\n  .then(() =>\n    resolveAndRunBeforeHooks.call(this, scenario.tags, state.feature.name)\n  )\n  .then(() =>\n    indexedSteps.forEach((step) =>\n      stepTest.call(this, state, step, rowData)\n    )\n  )\n  .then(() => state.onFinishScenario(scenario));",
              "err": {},
              "uuid": "319e1128-fd7c-4cf1-96d9-64e9cb1283f4",
              "parentUUID": "5bff097f-8281-4717-ad6b-463b4cc4223c",
              "isHook": false,
              "skipped": false
            },
            {
              "title": "User is able to access Daftar Kelas Terbaik by Lihat Semua button",
              "fullTitle": "Kelas Functionality User is able to access Daftar Kelas Terbaik by Lihat Semua button",
              "timedOut": null,
              "duration": 7974,
              "state": "passed",
              "speed": "medium",
              "pass": true,
              "fail": false,
              "pending": false,
              "context": null,
              "code": "const state = window.testState;\nreturn cy\n  .then(() => state.onStartScenario(scenario, indexedSteps))\n  .then(() =>\n    resolveAndRunBeforeHooks.call(this, scenario.tags, state.feature.name)\n  )\n  .then(() =>\n    indexedSteps.forEach((step) =>\n      stepTest.call(this, state, step, rowData)\n    )\n  )\n  .then(() => state.onFinishScenario(scenario));",
              "err": {},
              "uuid": "5a37520f-acfd-4920-a92d-9c753f39cc78",
              "parentUUID": "5bff097f-8281-4717-ad6b-463b4cc4223c",
              "isHook": false,
              "skipped": false
            },
            {
              "title": "User is able to access Course LP by Lihat Kelas button",
              "fullTitle": "Kelas Functionality User is able to access Course LP by Lihat Kelas button",
              "timedOut": null,
              "duration": 8453,
              "state": "passed",
              "speed": "medium",
              "pass": true,
              "fail": false,
              "pending": false,
              "context": null,
              "code": "const state = window.testState;\nreturn cy\n  .then(() => state.onStartScenario(scenario, indexedSteps))\n  .then(() =>\n    resolveAndRunBeforeHooks.call(this, scenario.tags, state.feature.name)\n  )\n  .then(() =>\n    indexedSteps.forEach((step) =>\n      stepTest.call(this, state, step, rowData)\n    )\n  )\n  .then(() => state.onFinishScenario(scenario));",
              "err": {},
              "uuid": "9c1676ab-0653-4c72-b898-6878dc025d77",
              "parentUUID": "5bff097f-8281-4717-ad6b-463b4cc4223c",
              "isHook": false,
              "skipped": false
            },
            {
              "title": "User is able to access Shopee Premium Checkout Page by Checkout button",
              "fullTitle": "Kelas Functionality User is able to access Shopee Premium Checkout Page by Checkout button",
              "timedOut": null,
              "duration": 7318,
              "state": "passed",
              "speed": "medium",
              "pass": true,
              "fail": false,
              "pending": false,
              "context": null,
              "code": "const state = window.testState;\nreturn cy\n  .then(() => state.onStartScenario(scenario, indexedSteps))\n  .then(() =>\n    resolveAndRunBeforeHooks.call(this, scenario.tags, state.feature.name)\n  )\n  .then(() =>\n    indexedSteps.forEach((step) =>\n      stepTest.call(this, state, step, rowData)\n    )\n  )\n  .then(() => state.onFinishScenario(scenario));",
              "err": {},
              "uuid": "06bbdbb7-6c71-4391-b11f-3f258c32de0b",
              "parentUUID": "5bff097f-8281-4717-ad6b-463b4cc4223c",
              "isHook": false,
              "skipped": false
            },
            {
              "title": "User is able to access Shopee Premium Learning Page by Learning button",
              "fullTitle": "Kelas Functionality User is able to access Shopee Premium Learning Page by Learning button",
              "timedOut": null,
              "duration": 6999,
              "state": "passed",
              "speed": "medium",
              "pass": true,
              "fail": false,
              "pending": false,
              "context": null,
              "code": "const state = window.testState;\nreturn cy\n  .then(() => state.onStartScenario(scenario, indexedSteps))\n  .then(() =>\n    resolveAndRunBeforeHooks.call(this, scenario.tags, state.feature.name)\n  )\n  .then(() =>\n    indexedSteps.forEach((step) =>\n      stepTest.call(this, state, step, rowData)\n    )\n  )\n  .then(() => state.onFinishScenario(scenario));",
              "err": {},
              "uuid": "98af8728-7f8e-4a63-a739-0f65b1bfd2d0",
              "parentUUID": "5bff097f-8281-4717-ad6b-463b4cc4223c",
              "isHook": false,
              "skipped": false
            }
          ],
          "suites": [],
          "passes": [
            "8b0febdd-d707-42ec-9371-7b1f62cc0efd",
            "0bdc0292-5018-4e49-ae92-7dd2115f2ecc",
            "6bb04eb8-72a6-4804-90aa-7850af8489df",
            "486dff48-a3e5-48c9-909d-99939a3ca81f",
            "8ce3b24a-a656-4af4-88f0-e33aac39fc58",
            "d7a558ef-a105-4e2c-a5fe-11189049178a",
            "7bdd35de-b731-4a48-af8e-e2afa1ec8625",
            "86bcf914-252c-40dc-8bcc-85e6c35cf1fc",
            "a4e4d6b6-9a71-4416-b1f1-a80eeb24c305",
            "0e837dc2-35ac-42c3-82b9-23b2a65bf27d",
            "e755c306-53a6-4371-9c50-fe4695356011",
            "0f8f87c0-38fb-4623-82ee-a2e09aa2bb67",
            "86ac465a-3d91-4e16-bcc5-1dd3a8eb5b4f",
            "097bc1fa-8781-46b1-8aef-82244876595e",
            "6f726e51-b972-4e89-8c2d-c376af1bbc37",
            "d8161e04-e3e0-4589-bf48-511f8efcff73",
            "2f8a21d9-5dee-4225-9331-a0d08c6afa37",
            "7b8d4e72-d0b5-49df-9d42-ee71c67c8049",
            "59daaadd-a1c8-4c49-a22b-476581b396fa",
            "bee1b2e1-890d-4f86-b795-1f27a6678d13",
            "280062e4-6a5c-4861-a849-589cbf747319",
            "91360407-15ed-40e2-9901-56feabf0034f",
            "9b9c3e13-45b9-4734-9b48-ca2d098c0ccd",
            "6bbbecad-7dda-4b1a-8039-6c7bd5161209",
            "8e842969-fd2c-469d-90fa-21dc3f15a6be",
            "d6bed20a-7c2e-43d1-b631-0d2a88257f01",
            "319e1128-fd7c-4cf1-96d9-64e9cb1283f4",
            "5a37520f-acfd-4920-a92d-9c753f39cc78",
            "9c1676ab-0653-4c72-b898-6878dc025d77",
            "06bbdbb7-6c71-4391-b11f-3f258c32de0b",
            "98af8728-7f8e-4a63-a739-0f65b1bfd2d0"
          ],
          "failures": [
            "c42b57b0-9fef-4a89-95ce-1149bf00f3db"
          ],
          "pending": [],
          "skipped": [],
          "duration": 223364,
          "root": false,
          "rootEmpty": false,
          "_timeout": 2000
        }
      ],
      "passes": [],
      "failures": [],
      "pending": [],
      "skipped": [],
      "duration": 0,
      "root": true,
      "rootEmpty": true,
      "_timeout": 2000
    }
  ],
  "meta": {
    "mocha": {
      "version": "7.0.1"
    },
    "mochawesome": {
      "options": {
        "quiet": false,
        "reportFilename": "mochawesome",
        "saveHtml": true,
        "saveJson": true,
        "consoleReporter": "spec",
        "useInlineDiffs": false,
        "code": true
      },
      "version": "7.1.3"
    },
    "marge": {
      "options": {
        "reportDir": "cypress/reports",
        "overwrite": false,
        "html": true,
        "json": true,
        "timestamp": "mmddyyyy_HHMMss"
      },
      "version": "6.2.0"
    }
  }
}