{
  "stats": {
    "suites": 1,
    "tests": 36,
    "passes": 36,
    "pending": 0,
    "failures": 0,
    "start": "2025-07-28T00:34:17.557Z",
    "end": "2025-07-28T00:36:56.254Z",
    "duration": 158697,
    "testsRegistered": 36,
    "passPercent": 100,
    "pendingPercent": 0,
    "other": 0,
    "hasOther": false,
    "skipped": 0,
    "hasSkipped": false
  },
  "results": [
    {
      "uuid": "03229ec7-c7d9-4ebf-9a4e-d5e7d17f8c86",
      "title": "",
      "fullFile": "cypress\\e2e\\cucumber\\Features\\JasaTest.feature",
      "file": "cypress\\e2e\\cucumber\\Features\\JasaTest.feature",
      "beforeHooks": [],
      "afterHooks": [],
      "tests": [],
      "suites": [
        {
          "uuid": "44fcb972-7ce8-4278-a6a7-04b0424cfe41",
          "title": "Jasa Functionality",
          "fullFile": "",
          "file": "",
          "beforeHooks": [],
          "afterHooks": [],
          "tests": [
            {
              "title": "User is able to access Semua Jasa page by url",
              "fullTitle": "Jasa Functionality User is able to access Semua Jasa page by url",
              "timedOut": null,
              "duration": 1389,
              "state": "passed",
              "speed": "fast",
              "pass": true,
              "fail": false,
              "pending": false,
              "context": null,
              "code": "const state = window.testState;\nreturn cy\n  .then(() => state.onStartScenario(scenario, indexedSteps))\n  .then(() =>\n    resolveAndRunBeforeHooks.call(this, scenario.tags, state.feature.name)\n  )\n  .then(() =>\n    indexedSteps.forEach((step) =>\n      stepTest.call(this, state, step, rowData)\n    )\n  )\n  .then(() => state.onFinishScenario(scenario));",
              "err": {},
              "uuid": "4cf31b4b-794c-4e44-815a-bb9bd190882d",
              "parentUUID": "44fcb972-7ce8-4278-a6a7-04b0424cfe41",
              "isHook": false,
              "skipped": false
            },
            {
              "title": "User is able to click kontak admin MEA",
              "fullTitle": "Jasa Functionality User is able to click kontak admin MEA",
              "timedOut": null,
              "duration": 2940,
              "state": "passed",
              "speed": "fast",
              "pass": true,
              "fail": false,
              "pending": false,
              "context": null,
              "code": "const state = window.testState;\nreturn cy\n  .then(() => state.onStartScenario(scenario, indexedSteps))\n  .then(() =>\n    resolveAndRunBeforeHooks.call(this, scenario.tags, state.feature.name)\n  )\n  .then(() =>\n    indexedSteps.forEach((step) =>\n      stepTest.call(this, state, step, rowData)\n    )\n  )\n  .then(() => state.onFinishScenario(scenario));",
              "err": {},
              "uuid": "7cc7ab81-ad49-40f1-95f1-410eedcea9d7",
              "parentUUID": "44fcb972-7ce8-4278-a6a7-04b0424cfe41",
              "isHook": false,
              "skipped": false
            },
            {
              "title": "User is able to click marketplace management button",
              "fullTitle": "Jasa Functionality User is able to click marketplace management button",
              "timedOut": null,
              "duration": 3180,
              "state": "passed",
              "speed": "fast",
              "pass": true,
              "fail": false,
              "pending": false,
              "context": null,
              "code": "const state = window.testState;\nreturn cy\n  .then(() => state.onStartScenario(scenario, indexedSteps))\n  .then(() =>\n    resolveAndRunBeforeHooks.call(this, scenario.tags, state.feature.name)\n  )\n  .then(() =>\n    indexedSteps.forEach((step) =>\n      stepTest.call(this, state, step, rowData)\n    )\n  )\n  .then(() => state.onFinishScenario(scenario));",
              "err": {},
              "uuid": "ba8b6ad4-bbdd-47e0-98d5-d8edc8c918cf",
              "parentUUID": "44fcb972-7ce8-4278-a6a7-04b0424cfe41",
              "isHook": false,
              "skipped": false
            },
            {
              "title": "User is able to click social media management button",
              "fullTitle": "Jasa Functionality User is able to click social media management button",
              "timedOut": null,
              "duration": 2892,
              "state": "passed",
              "speed": "fast",
              "pass": true,
              "fail": false,
              "pending": false,
              "context": null,
              "code": "const state = window.testState;\nreturn cy\n  .then(() => state.onStartScenario(scenario, indexedSteps))\n  .then(() =>\n    resolveAndRunBeforeHooks.call(this, scenario.tags, state.feature.name)\n  )\n  .then(() =>\n    indexedSteps.forEach((step) =>\n      stepTest.call(this, state, step, rowData)\n    )\n  )\n  .then(() => state.onFinishScenario(scenario));",
              "err": {},
              "uuid": "44e9f1d1-ef17-40de-be0e-3c1fb92a0a27",
              "parentUUID": "44fcb972-7ce8-4278-a6a7-04b0424cfe41",
              "isHook": false,
              "skipped": false
            },
            {
              "title": "User is able to click search engine marketing management",
              "fullTitle": "Jasa Functionality User is able to click search engine marketing management",
              "timedOut": null,
              "duration": 3952,
              "state": "passed",
              "speed": "fast",
              "pass": true,
              "fail": false,
              "pending": false,
              "context": null,
              "code": "const state = window.testState;\nreturn cy\n  .then(() => state.onStartScenario(scenario, indexedSteps))\n  .then(() =>\n    resolveAndRunBeforeHooks.call(this, scenario.tags, state.feature.name)\n  )\n  .then(() =>\n    indexedSteps.forEach((step) =>\n      stepTest.call(this, state, step, rowData)\n    )\n  )\n  .then(() => state.onFinishScenario(scenario));",
              "err": {},
              "uuid": "4ce9d22f-26b8-495c-8993-a0e8b3a485db",
              "parentUUID": "44fcb972-7ce8-4278-a6a7-04b0424cfe41",
              "isHook": false,
              "skipped": false
            },
            {
              "title": "User is able to click email marketing management",
              "fullTitle": "Jasa Functionality User is able to click email marketing management",
              "timedOut": null,
              "duration": 4421,
              "state": "passed",
              "speed": "fast",
              "pass": true,
              "fail": false,
              "pending": false,
              "context": null,
              "code": "const state = window.testState;\nreturn cy\n  .then(() => state.onStartScenario(scenario, indexedSteps))\n  .then(() =>\n    resolveAndRunBeforeHooks.call(this, scenario.tags, state.feature.name)\n  )\n  .then(() =>\n    indexedSteps.forEach((step) =>\n      stepTest.call(this, state, step, rowData)\n    )\n  )\n  .then(() => state.onFinishScenario(scenario));",
              "err": {},
              "uuid": "7be0708f-e7d1-4cee-820a-e0b82c6d0970",
              "parentUUID": "44fcb972-7ce8-4278-a6a7-04b0424cfe41",
              "isHook": false,
              "skipped": false
            },
            {
              "title": "User is able to click fotografi dan video produk",
              "fullTitle": "Jasa Functionality User is able to click fotografi dan video produk",
              "timedOut": null,
              "duration": 5124,
              "state": "passed",
              "speed": "medium",
              "pass": true,
              "fail": false,
              "pending": false,
              "context": null,
              "code": "const state = window.testState;\nreturn cy\n  .then(() => state.onStartScenario(scenario, indexedSteps))\n  .then(() =>\n    resolveAndRunBeforeHooks.call(this, scenario.tags, state.feature.name)\n  )\n  .then(() =>\n    indexedSteps.forEach((step) =>\n      stepTest.call(this, state, step, rowData)\n    )\n  )\n  .then(() => state.onFinishScenario(scenario));",
              "err": {},
              "uuid": "2bbf72f9-9b5b-4ef4-8f0c-e1b80c8706c0",
              "parentUUID": "44fcb972-7ce8-4278-a6a7-04b0424cfe41",
              "isHook": false,
              "skipped": false
            },
            {
              "title": "User is able to click Webinar",
              "fullTitle": "Jasa Functionality User is able to click Webinar",
              "timedOut": null,
              "duration": 5470,
              "state": "passed",
              "speed": "medium",
              "pass": true,
              "fail": false,
              "pending": false,
              "context": null,
              "code": "const state = window.testState;\nreturn cy\n  .then(() => state.onStartScenario(scenario, indexedSteps))\n  .then(() =>\n    resolveAndRunBeforeHooks.call(this, scenario.tags, state.feature.name)\n  )\n  .then(() =>\n    indexedSteps.forEach((step) =>\n      stepTest.call(this, state, step, rowData)\n    )\n  )\n  .then(() => state.onFinishScenario(scenario));",
              "err": {},
              "uuid": "636e8be7-3fba-459e-9b3a-11cf615a14b0",
              "parentUUID": "44fcb972-7ce8-4278-a6a7-04b0424cfe41",
              "isHook": false,
              "skipped": false
            },
            {
              "title": "User is able to click Training & Coaching",
              "fullTitle": "Jasa Functionality User is able to click Training & Coaching",
              "timedOut": null,
              "duration": 4975,
              "state": "passed",
              "speed": "fast",
              "pass": true,
              "fail": false,
              "pending": false,
              "context": null,
              "code": "const state = window.testState;\nreturn cy\n  .then(() => state.onStartScenario(scenario, indexedSteps))\n  .then(() =>\n    resolveAndRunBeforeHooks.call(this, scenario.tags, state.feature.name)\n  )\n  .then(() =>\n    indexedSteps.forEach((step) =>\n      stepTest.call(this, state, step, rowData)\n    )\n  )\n  .then(() => state.onFinishScenario(scenario));",
              "err": {},
              "uuid": "64f390ad-e89f-4462-af9f-494362415f63",
              "parentUUID": "44fcb972-7ce8-4278-a6a7-04b0424cfe41",
              "isHook": false,
              "skipped": false
            },
            {
              "title": "User is able to access Tentang Jasa Management Marketplace by url",
              "fullTitle": "Jasa Functionality User is able to access Tentang Jasa Management Marketplace by url",
              "timedOut": null,
              "duration": 1029,
              "state": "passed",
              "speed": "fast",
              "pass": true,
              "fail": false,
              "pending": false,
              "context": null,
              "code": "const state = window.testState;\nreturn cy\n  .then(() => state.onStartScenario(scenario, indexedSteps))\n  .then(() =>\n    resolveAndRunBeforeHooks.call(this, scenario.tags, state.feature.name)\n  )\n  .then(() =>\n    indexedSteps.forEach((step) =>\n      stepTest.call(this, state, step, rowData)\n    )\n  )\n  .then(() => state.onFinishScenario(scenario));",
              "err": {},
              "uuid": "3669fa9b-4e81-4fa7-8350-dc97984c8149",
              "parentUUID": "44fcb972-7ce8-4278-a6a7-04b0424cfe41",
              "isHook": false,
              "skipped": false
            },
            {
              "title": "User is able to click paket pak encep in Tentang Jasa Management Marketplace page",
              "fullTitle": "Jasa Functionality User is able to click paket pak encep in Tentang Jasa Management Marketplace page",
              "timedOut": null,
              "duration": 4551,
              "state": "passed",
              "speed": "fast",
              "pass": true,
              "fail": false,
              "pending": false,
              "context": null,
              "code": "const state = window.testState;\nreturn cy\n  .then(() => state.onStartScenario(scenario, indexedSteps))\n  .then(() =>\n    resolveAndRunBeforeHooks.call(this, scenario.tags, state.feature.name)\n  )\n  .then(() =>\n    indexedSteps.forEach((step) =>\n      stepTest.call(this, state, step, rowData)\n    )\n  )\n  .then(() => state.onFinishScenario(scenario));",
              "err": {},
              "uuid": "b7bf751c-ab7b-4da6-87b8-8770f5f1538b",
              "parentUUID": "44fcb972-7ce8-4278-a6a7-04b0424cfe41",
              "isHook": false,
              "skipped": false
            },
            {
              "title": "User is able to click paket pak rosidi in Tentang Jasa Management Marketplace page",
              "fullTitle": "Jasa Functionality User is able to click paket pak rosidi in Tentang Jasa Management Marketplace page",
              "timedOut": null,
              "duration": 3922,
              "state": "passed",
              "speed": "fast",
              "pass": true,
              "fail": false,
              "pending": false,
              "context": null,
              "code": "const state = window.testState;\nreturn cy\n  .then(() => state.onStartScenario(scenario, indexedSteps))\n  .then(() =>\n    resolveAndRunBeforeHooks.call(this, scenario.tags, state.feature.name)\n  )\n  .then(() =>\n    indexedSteps.forEach((step) =>\n      stepTest.call(this, state, step, rowData)\n    )\n  )\n  .then(() => state.onFinishScenario(scenario));",
              "err": {},
              "uuid": "ca240832-5869-4ebf-aeda-a997d3d314b3",
              "parentUUID": "44fcb972-7ce8-4278-a6a7-04b0424cfe41",
              "isHook": false,
              "skipped": false
            },
            {
              "title": "User is able to click paket pak odang in Tentang Jasa Management Marketplace page",
              "fullTitle": "Jasa Functionality User is able to click paket pak odang in Tentang Jasa Management Marketplace page",
              "timedOut": null,
              "duration": 3894,
              "state": "passed",
              "speed": "fast",
              "pass": true,
              "fail": false,
              "pending": false,
              "context": null,
              "code": "const state = window.testState;\nreturn cy\n  .then(() => state.onStartScenario(scenario, indexedSteps))\n  .then(() =>\n    resolveAndRunBeforeHooks.call(this, scenario.tags, state.feature.name)\n  )\n  .then(() =>\n    indexedSteps.forEach((step) =>\n      stepTest.call(this, state, step, rowData)\n    )\n  )\n  .then(() => state.onFinishScenario(scenario));",
              "err": {},
              "uuid": "bc8429dc-54c0-43a9-879b-16b880f58e7f",
              "parentUUID": "44fcb972-7ce8-4278-a6a7-04b0424cfe41",
              "isHook": false,
              "skipped": false
            },
            {
              "title": "User is able to click paket pak untung in Tentang Jasa Management Marketplace page",
              "fullTitle": "Jasa Functionality User is able to click paket pak untung in Tentang Jasa Management Marketplace page",
              "timedOut": null,
              "duration": 4190,
              "state": "passed",
              "speed": "fast",
              "pass": true,
              "fail": false,
              "pending": false,
              "context": null,
              "code": "const state = window.testState;\nreturn cy\n  .then(() => state.onStartScenario(scenario, indexedSteps))\n  .then(() =>\n    resolveAndRunBeforeHooks.call(this, scenario.tags, state.feature.name)\n  )\n  .then(() =>\n    indexedSteps.forEach((step) =>\n      stepTest.call(this, state, step, rowData)\n    )\n  )\n  .then(() => state.onFinishScenario(scenario));",
              "err": {},
              "uuid": "336cb874-b8b7-47b0-8dfc-26872904b154",
              "parentUUID": "44fcb972-7ce8-4278-a6a7-04b0424cfe41",
              "isHook": false,
              "skipped": false
            },
            {
              "title": "User is able to access Pilihan Jasa Management by url",
              "fullTitle": "Jasa Functionality User is able to access Pilihan Jasa Management by url",
              "timedOut": null,
              "duration": 1463,
              "state": "passed",
              "speed": "fast",
              "pass": true,
              "fail": false,
              "pending": false,
              "context": null,
              "code": "const state = window.testState;\nreturn cy\n  .then(() => state.onStartScenario(scenario, indexedSteps))\n  .then(() =>\n    resolveAndRunBeforeHooks.call(this, scenario.tags, state.feature.name)\n  )\n  .then(() =>\n    indexedSteps.forEach((step) =>\n      stepTest.call(this, state, step, rowData)\n    )\n  )\n  .then(() => state.onFinishScenario(scenario));",
              "err": {},
              "uuid": "c7fe0c7b-c4ac-4be3-9a3c-b0bf453b60b8",
              "parentUUID": "44fcb972-7ce8-4278-a6a7-04b0424cfe41",
              "isHook": false,
              "skipped": false
            },
            {
              "title": "User is able to click some service in Pilihan Jasa Management Marketplace page (example #1)",
              "fullTitle": "Jasa Functionality User is able to click some service in Pilihan Jasa Management Marketplace page (example #1)",
              "timedOut": null,
              "duration": 7863,
              "state": "passed",
              "speed": "medium",
              "pass": true,
              "fail": false,
              "pending": false,
              "context": null,
              "code": "const state = window.testState;\nreturn cy\n  .then(() => state.onStartScenario(scenario, indexedSteps))\n  .then(() =>\n    resolveAndRunBeforeHooks.call(this, scenario.tags, state.feature.name)\n  )\n  .then(() =>\n    indexedSteps.forEach((step) =>\n      stepTest.call(this, state, step, rowData)\n    )\n  )\n  .then(() => state.onFinishScenario(scenario));",
              "err": {},
              "uuid": "f33a0672-1cd7-4d1d-80b1-c54c96f8b4d9",
              "parentUUID": "44fcb972-7ce8-4278-a6a7-04b0424cfe41",
              "isHook": false,
              "skipped": false
            },
            {
              "title": "User is able to click some service in Pilihan Jasa Management Marketplace page (example #2)",
              "fullTitle": "Jasa Functionality User is able to click some service in Pilihan Jasa Management Marketplace page (example #2)",
              "timedOut": null,
              "duration": 7161,
              "state": "passed",
              "speed": "medium",
              "pass": true,
              "fail": false,
              "pending": false,
              "context": null,
              "code": "const state = window.testState;\nreturn cy\n  .then(() => state.onStartScenario(scenario, indexedSteps))\n  .then(() =>\n    resolveAndRunBeforeHooks.call(this, scenario.tags, state.feature.name)\n  )\n  .then(() =>\n    indexedSteps.forEach((step) =>\n      stepTest.call(this, state, step, rowData)\n    )\n  )\n  .then(() => state.onFinishScenario(scenario));",
              "err": {},
              "uuid": "8dd181d8-f22d-4b54-9354-9f1aa1b5e92e",
              "parentUUID": "44fcb972-7ce8-4278-a6a7-04b0424cfe41",
              "isHook": false,
              "skipped": false
            },
            {
              "title": "User is able to access Tentang jasa Socmed by url",
              "fullTitle": "Jasa Functionality User is able to access Tentang jasa Socmed by url",
              "timedOut": null,
              "duration": 1461,
              "state": "passed",
              "speed": "fast",
              "pass": true,
              "fail": false,
              "pending": false,
              "context": null,
              "code": "const state = window.testState;\nreturn cy\n  .then(() => state.onStartScenario(scenario, indexedSteps))\n  .then(() =>\n    resolveAndRunBeforeHooks.call(this, scenario.tags, state.feature.name)\n  )\n  .then(() =>\n    indexedSteps.forEach((step) =>\n      stepTest.call(this, state, step, rowData)\n    )\n  )\n  .then(() => state.onFinishScenario(scenario));",
              "err": {},
              "uuid": "e35d1723-ff19-4d8a-8bc6-96407c27179f",
              "parentUUID": "44fcb972-7ce8-4278-a6a7-04b0424cfe41",
              "isHook": false,
              "skipped": false
            },
            {
              "title": "User is able to click paket bu lastri in Tentang Jasa Management Socmed page",
              "fullTitle": "Jasa Functionality User is able to click paket bu lastri in Tentang Jasa Management Socmed page",
              "timedOut": null,
              "duration": 3281,
              "state": "passed",
              "speed": "fast",
              "pass": true,
              "fail": false,
              "pending": false,
              "context": null,
              "code": "const state = window.testState;\nreturn cy\n  .then(() => state.onStartScenario(scenario, indexedSteps))\n  .then(() =>\n    resolveAndRunBeforeHooks.call(this, scenario.tags, state.feature.name)\n  )\n  .then(() =>\n    indexedSteps.forEach((step) =>\n      stepTest.call(this, state, step, rowData)\n    )\n  )\n  .then(() => state.onFinishScenario(scenario));",
              "err": {},
              "uuid": "3545afdf-cc56-490f-b8e9-fad3d951542f",
              "parentUUID": "44fcb972-7ce8-4278-a6a7-04b0424cfe41",
              "isHook": false,
              "skipped": false
            },
            {
              "title": "User is able to click paket bu lastri plus in Tentang Jasa Management Socmed page",
              "fullTitle": "Jasa Functionality User is able to click paket bu lastri plus in Tentang Jasa Management Socmed page",
              "timedOut": null,
              "duration": 3331,
              "state": "passed",
              "speed": "fast",
              "pass": true,
              "fail": false,
              "pending": false,
              "context": null,
              "code": "const state = window.testState;\nreturn cy\n  .then(() => state.onStartScenario(scenario, indexedSteps))\n  .then(() =>\n    resolveAndRunBeforeHooks.call(this, scenario.tags, state.feature.name)\n  )\n  .then(() =>\n    indexedSteps.forEach((step) =>\n      stepTest.call(this, state, step, rowData)\n    )\n  )\n  .then(() => state.onFinishScenario(scenario));",
              "err": {},
              "uuid": "ae40f9ff-8727-485c-80b3-b7388bc9e026",
              "parentUUID": "44fcb972-7ce8-4278-a6a7-04b0424cfe41",
              "isHook": false,
              "skipped": false
            },
            {
              "title": "User is able to click paket bu sisil in Tentang Jasa Management Socmed page",
              "fullTitle": "Jasa Functionality User is able to click paket bu sisil in Tentang Jasa Management Socmed page",
              "timedOut": null,
              "duration": 3288,
              "state": "passed",
              "speed": "fast",
              "pass": true,
              "fail": false,
              "pending": false,
              "context": null,
              "code": "const state = window.testState;\nreturn cy\n  .then(() => state.onStartScenario(scenario, indexedSteps))\n  .then(() =>\n    resolveAndRunBeforeHooks.call(this, scenario.tags, state.feature.name)\n  )\n  .then(() =>\n    indexedSteps.forEach((step) =>\n      stepTest.call(this, state, step, rowData)\n    )\n  )\n  .then(() => state.onFinishScenario(scenario));",
              "err": {},
              "uuid": "6db32caf-794d-4f7e-83b9-82e6b72f0693",
              "parentUUID": "44fcb972-7ce8-4278-a6a7-04b0424cfe41",
              "isHook": false,
              "skipped": false
            },
            {
              "title": "User is able to access Tentang Jasa Tiktok Shop by url",
              "fullTitle": "Jasa Functionality User is able to access Tentang Jasa Tiktok Shop by url",
              "timedOut": null,
              "duration": 1307,
              "state": "passed",
              "speed": "fast",
              "pass": true,
              "fail": false,
              "pending": false,
              "context": null,
              "code": "const state = window.testState;\nreturn cy\n  .then(() => state.onStartScenario(scenario, indexedSteps))\n  .then(() =>\n    resolveAndRunBeforeHooks.call(this, scenario.tags, state.feature.name)\n  )\n  .then(() =>\n    indexedSteps.forEach((step) =>\n      stepTest.call(this, state, step, rowData)\n    )\n  )\n  .then(() => state.onFinishScenario(scenario));",
              "err": {},
              "uuid": "70f93e94-38ae-44db-b51a-ab0be680f714",
              "parentUUID": "44fcb972-7ce8-4278-a6a7-04b0424cfe41",
              "isHook": false,
              "skipped": false
            },
            {
              "title": "User is able to click paket bu lastri in Tentang Jasa Tiktok Shop page",
              "fullTitle": "Jasa Functionality User is able to click paket bu lastri in Tentang Jasa Tiktok Shop page",
              "timedOut": null,
              "duration": 3617,
              "state": "passed",
              "speed": "fast",
              "pass": true,
              "fail": false,
              "pending": false,
              "context": null,
              "code": "const state = window.testState;\nreturn cy\n  .then(() => state.onStartScenario(scenario, indexedSteps))\n  .then(() =>\n    resolveAndRunBeforeHooks.call(this, scenario.tags, state.feature.name)\n  )\n  .then(() =>\n    indexedSteps.forEach((step) =>\n      stepTest.call(this, state, step, rowData)\n    )\n  )\n  .then(() => state.onFinishScenario(scenario));",
              "err": {},
              "uuid": "3ae54c92-e21e-47d2-b32d-0a13cc8910d9",
              "parentUUID": "44fcb972-7ce8-4278-a6a7-04b0424cfe41",
              "isHook": false,
              "skipped": false
            },
            {
              "title": "User is able to click paket bu lastri plus in Tentang Jasa Management Socmed page",
              "fullTitle": "Jasa Functionality User is able to click paket bu lastri plus in Tentang Jasa Management Socmed page",
              "timedOut": null,
              "duration": 3161,
              "state": "passed",
              "speed": "fast",
              "pass": true,
              "fail": false,
              "pending": false,
              "context": null,
              "code": "const state = window.testState;\nreturn cy\n  .then(() => state.onStartScenario(scenario, indexedSteps))\n  .then(() =>\n    resolveAndRunBeforeHooks.call(this, scenario.tags, state.feature.name)\n  )\n  .then(() =>\n    indexedSteps.forEach((step) =>\n      stepTest.call(this, state, step, rowData)\n    )\n  )\n  .then(() => state.onFinishScenario(scenario));",
              "err": {},
              "uuid": "f2e4adaa-8a19-43c8-b239-437106a73ada",
              "parentUUID": "44fcb972-7ce8-4278-a6a7-04b0424cfe41",
              "isHook": false,
              "skipped": false
            },
            {
              "title": "User is able to click paket bu sisil in Tentang Jasa Management Socmed page",
              "fullTitle": "Jasa Functionality User is able to click paket bu sisil in Tentang Jasa Management Socmed page",
              "timedOut": null,
              "duration": 3375,
              "state": "passed",
              "speed": "fast",
              "pass": true,
              "fail": false,
              "pending": false,
              "context": null,
              "code": "const state = window.testState;\nreturn cy\n  .then(() => state.onStartScenario(scenario, indexedSteps))\n  .then(() =>\n    resolveAndRunBeforeHooks.call(this, scenario.tags, state.feature.name)\n  )\n  .then(() =>\n    indexedSteps.forEach((step) =>\n      stepTest.call(this, state, step, rowData)\n    )\n  )\n  .then(() => state.onFinishScenario(scenario));",
              "err": {},
              "uuid": "6c5f6741-63c2-4be9-a90c-0edde1c0fa89",
              "parentUUID": "44fcb972-7ce8-4278-a6a7-04b0424cfe41",
              "isHook": false,
              "skipped": false
            },
            {
              "title": "User in able to access Pilihan jasa Socmed by url",
              "fullTitle": "Jasa Functionality User in able to access Pilihan jasa Socmed by url",
              "timedOut": null,
              "duration": 1230,
              "state": "passed",
              "speed": "fast",
              "pass": true,
              "fail": false,
              "pending": false,
              "context": null,
              "code": "const state = window.testState;\nreturn cy\n  .then(() => state.onStartScenario(scenario, indexedSteps))\n  .then(() =>\n    resolveAndRunBeforeHooks.call(this, scenario.tags, state.feature.name)\n  )\n  .then(() =>\n    indexedSteps.forEach((step) =>\n      stepTest.call(this, state, step, rowData)\n    )\n  )\n  .then(() => state.onFinishScenario(scenario));",
              "err": {},
              "uuid": "2fd22151-e8cc-4491-a892-d9acff48aaa5",
              "parentUUID": "44fcb972-7ce8-4278-a6a7-04b0424cfe41",
              "isHook": false,
              "skipped": false
            },
            {
              "title": "User click some service in Pilihan Jasa Management Social Media page (example #1)",
              "fullTitle": "Jasa Functionality User click some service in Pilihan Jasa Management Social Media page (example #1)",
              "timedOut": null,
              "duration": 8637,
              "state": "passed",
              "speed": "medium",
              "pass": true,
              "fail": false,
              "pending": false,
              "context": null,
              "code": "const state = window.testState;\nreturn cy\n  .then(() => state.onStartScenario(scenario, indexedSteps))\n  .then(() =>\n    resolveAndRunBeforeHooks.call(this, scenario.tags, state.feature.name)\n  )\n  .then(() =>\n    indexedSteps.forEach((step) =>\n      stepTest.call(this, state, step, rowData)\n    )\n  )\n  .then(() => state.onFinishScenario(scenario));",
              "err": {},
              "uuid": "476a5d89-aa93-4d25-951c-b25e5807b4c8",
              "parentUUID": "44fcb972-7ce8-4278-a6a7-04b0424cfe41",
              "isHook": false,
              "skipped": false
            },
            {
              "title": "User click some service in Pilihan Jasa Management Social Media page (example #2)",
              "fullTitle": "Jasa Functionality User click some service in Pilihan Jasa Management Social Media page (example #2)",
              "timedOut": null,
              "duration": 8638,
              "state": "passed",
              "speed": "medium",
              "pass": true,
              "fail": false,
              "pending": false,
              "context": null,
              "code": "const state = window.testState;\nreturn cy\n  .then(() => state.onStartScenario(scenario, indexedSteps))\n  .then(() =>\n    resolveAndRunBeforeHooks.call(this, scenario.tags, state.feature.name)\n  )\n  .then(() =>\n    indexedSteps.forEach((step) =>\n      stepTest.call(this, state, step, rowData)\n    )\n  )\n  .then(() => state.onFinishScenario(scenario));",
              "err": {},
              "uuid": "4abb891a-8878-4d08-b789-afc0db1590f7",
              "parentUUID": "44fcb972-7ce8-4278-a6a7-04b0424cfe41",
              "isHook": false,
              "skipped": false
            },
            {
              "title": "User click some service in Pilihan Jasa Management Social Media page (example #3)",
              "fullTitle": "Jasa Functionality User click some service in Pilihan Jasa Management Social Media page (example #3)",
              "timedOut": null,
              "duration": 8745,
              "state": "passed",
              "speed": "medium",
              "pass": true,
              "fail": false,
              "pending": false,
              "context": null,
              "code": "const state = window.testState;\nreturn cy\n  .then(() => state.onStartScenario(scenario, indexedSteps))\n  .then(() =>\n    resolveAndRunBeforeHooks.call(this, scenario.tags, state.feature.name)\n  )\n  .then(() =>\n    indexedSteps.forEach((step) =>\n      stepTest.call(this, state, step, rowData)\n    )\n  )\n  .then(() => state.onFinishScenario(scenario));",
              "err": {},
              "uuid": "7d496c83-717f-409b-859b-fb8da897dab7",
              "parentUUID": "44fcb972-7ce8-4278-a6a7-04b0424cfe41",
              "isHook": false,
              "skipped": false
            },
            {
              "title": "User is able to access Training and Coaching page by url",
              "fullTitle": "Jasa Functionality User is able to access Training and Coaching page by url",
              "timedOut": null,
              "duration": 1267,
              "state": "passed",
              "speed": "fast",
              "pass": true,
              "fail": false,
              "pending": false,
              "context": null,
              "code": "const state = window.testState;\nreturn cy\n  .then(() => state.onStartScenario(scenario, indexedSteps))\n  .then(() =>\n    resolveAndRunBeforeHooks.call(this, scenario.tags, state.feature.name)\n  )\n  .then(() =>\n    indexedSteps.forEach((step) =>\n      stepTest.call(this, state, step, rowData)\n    )\n  )\n  .then(() => state.onFinishScenario(scenario));",
              "err": {},
              "uuid": "e08a8613-9dd9-4f4a-9510-2c80117d9801",
              "parentUUID": "44fcb972-7ce8-4278-a6a7-04b0424cfe41",
              "isHook": false,
              "skipped": false
            },
            {
              "title": "User click Training & Coaching service in Training & Coaching page (example #1)",
              "fullTitle": "Jasa Functionality User click Training & Coaching service in Training & Coaching page (example #1)",
              "timedOut": null,
              "duration": 6747,
              "state": "passed",
              "speed": "medium",
              "pass": true,
              "fail": false,
              "pending": false,
              "context": null,
              "code": "const state = window.testState;\nreturn cy\n  .then(() => state.onStartScenario(scenario, indexedSteps))\n  .then(() =>\n    resolveAndRunBeforeHooks.call(this, scenario.tags, state.feature.name)\n  )\n  .then(() =>\n    indexedSteps.forEach((step) =>\n      stepTest.call(this, state, step, rowData)\n    )\n  )\n  .then(() => state.onFinishScenario(scenario));",
              "err": {},
              "uuid": "986768a1-9524-43bb-b679-3e7218e12e04",
              "parentUUID": "44fcb972-7ce8-4278-a6a7-04b0424cfe41",
              "isHook": false,
              "skipped": false
            },
            {
              "title": "User is able to access course checkout page by url",
              "fullTitle": "Jasa Functionality User is able to access course checkout page by url",
              "timedOut": null,
              "duration": 5732,
              "state": "passed",
              "speed": "medium",
              "pass": true,
              "fail": false,
              "pending": false,
              "context": null,
              "code": "const state = window.testState;\nreturn cy\n  .then(() => state.onStartScenario(scenario, indexedSteps))\n  .then(() =>\n    resolveAndRunBeforeHooks.call(this, scenario.tags, state.feature.name)\n  )\n  .then(() =>\n    indexedSteps.forEach((step) =>\n      stepTest.call(this, state, step, rowData)\n    )\n  )\n  .then(() => state.onFinishScenario(scenario));",
              "err": {},
              "uuid": "52a6d256-8930-480a-b5b7-9cb7c043abb9",
              "parentUUID": "44fcb972-7ce8-4278-a6a7-04b0424cfe41",
              "isHook": false,
              "skipped": false
            },
            {
              "title": "User cannot access Jasa checkout page when user not logged in",
              "fullTitle": "Jasa Functionality User cannot access Jasa checkout page when user not logged in",
              "timedOut": null,
              "duration": 2986,
              "state": "passed",
              "speed": "fast",
              "pass": true,
              "fail": false,
              "pending": false,
              "context": null,
              "code": "const state = window.testState;\nreturn cy\n  .then(() => state.onStartScenario(scenario, indexedSteps))\n  .then(() =>\n    resolveAndRunBeforeHooks.call(this, scenario.tags, state.feature.name)\n  )\n  .then(() =>\n    indexedSteps.forEach((step) =>\n      stepTest.call(this, state, step, rowData)\n    )\n  )\n  .then(() => state.onFinishScenario(scenario));",
              "err": {},
              "uuid": "445975f9-c989-4310-af5c-6c3aea372f3f",
              "parentUUID": "44fcb972-7ce8-4278-a6a7-04b0424cfe41",
              "isHook": false,
              "skipped": false
            },
            {
              "title": "User cannot access checkout page by url when user not logged in",
              "fullTitle": "Jasa Functionality User cannot access checkout page by url when user not logged in",
              "timedOut": null,
              "duration": 1033,
              "state": "passed",
              "speed": "fast",
              "pass": true,
              "fail": false,
              "pending": false,
              "context": null,
              "code": "const state = window.testState;\nreturn cy\n  .then(() => state.onStartScenario(scenario, indexedSteps))\n  .then(() =>\n    resolveAndRunBeforeHooks.call(this, scenario.tags, state.feature.name)\n  )\n  .then(() =>\n    indexedSteps.forEach((step) =>\n      stepTest.call(this, state, step, rowData)\n    )\n  )\n  .then(() => state.onFinishScenario(scenario));",
              "err": {},
              "uuid": "05c62297-9063-4cdd-a78c-ecf90d40bda0",
              "parentUUID": "44fcb972-7ce8-4278-a6a7-04b0424cfe41",
              "isHook": false,
              "skipped": false
            },
            {
              "title": "User able to confirm Jasa confirmation modal box message",
              "fullTitle": "Jasa Functionality User able to confirm Jasa confirmation modal box message",
              "timedOut": null,
              "duration": 6554,
              "state": "passed",
              "speed": "medium",
              "pass": true,
              "fail": false,
              "pending": false,
              "context": null,
              "code": "const state = window.testState;\nreturn cy\n  .then(() => state.onStartScenario(scenario, indexedSteps))\n  .then(() =>\n    resolveAndRunBeforeHooks.call(this, scenario.tags, state.feature.name)\n  )\n  .then(() =>\n    indexedSteps.forEach((step) =>\n      stepTest.call(this, state, step, rowData)\n    )\n  )\n  .then(() => state.onFinishScenario(scenario));",
              "err": {},
              "uuid": "dd0b6e01-bd49-4b2d-ab2b-397a32926d6d",
              "parentUUID": "44fcb972-7ce8-4278-a6a7-04b0424cfe41",
              "isHook": false,
              "skipped": false
            },
            {
              "title": "User able to checkout Jasa Service",
              "fullTitle": "Jasa Functionality User able to checkout Jasa Service",
              "timedOut": null,
              "duration": 8433,
              "state": "passed",
              "speed": "medium",
              "pass": true,
              "fail": false,
              "pending": false,
              "context": null,
              "code": "const state = window.testState;\nreturn cy\n  .then(() => state.onStartScenario(scenario, indexedSteps))\n  .then(() =>\n    resolveAndRunBeforeHooks.call(this, scenario.tags, state.feature.name)\n  )\n  .then(() =>\n    indexedSteps.forEach((step) =>\n      stepTest.call(this, state, step, rowData)\n    )\n  )\n  .then(() => state.onFinishScenario(scenario));",
              "err": {},
              "uuid": "395f7061-d680-4eed-ad4d-b5e57c31f6f8",
              "parentUUID": "44fcb972-7ce8-4278-a6a7-04b0424cfe41",
              "isHook": false,
              "skipped": false
            }
          ],
          "suites": [],
          "passes": [
            "4cf31b4b-794c-4e44-815a-bb9bd190882d",
            "7cc7ab81-ad49-40f1-95f1-410eedcea9d7",
            "ba8b6ad4-bbdd-47e0-98d5-d8edc8c918cf",
            "44e9f1d1-ef17-40de-be0e-3c1fb92a0a27",
            "4ce9d22f-26b8-495c-8993-a0e8b3a485db",
            "7be0708f-e7d1-4cee-820a-e0b82c6d0970",
            "2bbf72f9-9b5b-4ef4-8f0c-e1b80c8706c0",
            "636e8be7-3fba-459e-9b3a-11cf615a14b0",
            "64f390ad-e89f-4462-af9f-494362415f63",
            "3669fa9b-4e81-4fa7-8350-dc97984c8149",
            "b7bf751c-ab7b-4da6-87b8-8770f5f1538b",
            "ca240832-5869-4ebf-aeda-a997d3d314b3",
            "bc8429dc-54c0-43a9-879b-16b880f58e7f",
            "336cb874-b8b7-47b0-8dfc-26872904b154",
            "c7fe0c7b-c4ac-4be3-9a3c-b0bf453b60b8",
            "f33a0672-1cd7-4d1d-80b1-c54c96f8b4d9",
            "8dd181d8-f22d-4b54-9354-9f1aa1b5e92e",
            "e35d1723-ff19-4d8a-8bc6-96407c27179f",
            "3545afdf-cc56-490f-b8e9-fad3d951542f",
            "ae40f9ff-8727-485c-80b3-b7388bc9e026",
            "6db32caf-794d-4f7e-83b9-82e6b72f0693",
            "70f93e94-38ae-44db-b51a-ab0be680f714",
            "3ae54c92-e21e-47d2-b32d-0a13cc8910d9",
            "f2e4adaa-8a19-43c8-b239-437106a73ada",
            "6c5f6741-63c2-4be9-a90c-0edde1c0fa89",
            "2fd22151-e8cc-4491-a892-d9acff48aaa5",
            "476a5d89-aa93-4d25-951c-b25e5807b4c8",
            "4abb891a-8878-4d08-b789-afc0db1590f7",
            "7d496c83-717f-409b-859b-fb8da897dab7",
            "e08a8613-9dd9-4f4a-9510-2c80117d9801",
            "986768a1-9524-43bb-b679-3e7218e12e04",
            "52a6d256-8930-480a-b5b7-9cb7c043abb9",
            "445975f9-c989-4310-af5c-6c3aea372f3f",
            "05c62297-9063-4cdd-a78c-ecf90d40bda0",
            "dd0b6e01-bd49-4b2d-ab2b-397a32926d6d",
            "395f7061-d680-4eed-ad4d-b5e57c31f6f8"
          ],
          "failures": [],
          "pending": [],
          "skipped": [],
          "duration": 151239,
          "root": false,
          "rootEmpty": false,
          "_timeout": 2000
        }
      ],
      "passes": [],
      "failures": [],
      "pending": [],
      "skipped": [],
      "duration": 0,
      "root": true,
      "rootEmpty": true,
      "_timeout": 2000
    }
  ],
  "meta": {
    "mocha": {
      "version": "7.0.1"
    },
    "mochawesome": {
      "options": {
        "quiet": false,
        "reportFilename": "mochawesome",
        "saveHtml": true,
        "saveJson": true,
        "consoleReporter": "spec",
        "useInlineDiffs": false,
        "code": true
      },
      "version": "7.1.3"
    },
    "marge": {
      "options": {
        "reportDir": "cypress/reports",
        "overwrite": false,
        "html": true,
        "json": true,
        "timestamp": "mmddyyyy_HHMMss"
      },
      "version": "6.2.0"
    }
  }
}