{
  "stats": {
    "suites": 1,
    "tests": 32,
    "passes": 32,
    "pending": 0,
    "failures": 0,
    "start": "2025-07-28T00:28:00.597Z",
    "end": "2025-07-28T00:31:34.347Z",
    "duration": 213750,
    "testsRegistered": 32,
    "passPercent": 100,
    "pendingPercent": 0,
    "other": 0,
    "hasOther": false,
    "skipped": 0,
    "hasSkipped": false
  },
  "results": [
    {
      "uuid": "2ac4548b-74e4-47ab-818c-34f7a9162948",
      "title": "",
      "fullFile": "cypress\\e2e\\cucumber\\Features\\KelasTest.feature",
      "file": "cypress\\e2e\\cucumber\\Features\\KelasTest.feature",
      "beforeHooks": [],
      "afterHooks": [],
      "tests": [],
      "suites": [
        {
          "uuid": "2776464c-365d-4e4c-a28f-9b6e6b88a8e6",
          "title": "Kelas Functionality",
          "fullFile": "",
          "file": "",
          "beforeHooks": [],
          "afterHooks": [],
          "tests": [
            {
              "title": "User is able to access Shopee Premium LP by url",
              "fullTitle": "Kelas Functionality User is able to access Shopee Premium LP by url",
              "timedOut": null,
              "duration": 1427,
              "state": "passed",
              "speed": "fast",
              "pass": true,
              "fail": false,
              "pending": false,
              "context": null,
              "code": "const state = window.testState;\nreturn cy\n  .then(() => state.onStartScenario(scenario, indexedSteps))\n  .then(() =>\n    resolveAndRunBeforeHooks.call(this, scenario.tags, state.feature.name)\n  )\n  .then(() =>\n    indexedSteps.forEach((step) =>\n      stepTest.call(this, state, step, rowData)\n    )\n  )\n  .then(() => state.onFinishScenario(scenario));",
              "err": {},
              "uuid": "5f28b213-0686-4c6f-b71c-ab9505aecd48",
              "parentUUID": "2776464c-365d-4e4c-a28f-9b6e6b88a8e6",
              "isHook": false,
              "skipped": false
            },
            {
              "title": "User is able to access Tiktok Premium LP by url",
              "fullTitle": "Kelas Functionality User is able to access Tiktok Premium LP by url",
              "timedOut": null,
              "duration": 988,
              "state": "passed",
              "speed": "fast",
              "pass": true,
              "fail": false,
              "pending": false,
              "context": null,
              "code": "const state = window.testState;\nreturn cy\n  .then(() => state.onStartScenario(scenario, indexedSteps))\n  .then(() =>\n    resolveAndRunBeforeHooks.call(this, scenario.tags, state.feature.name)\n  )\n  .then(() =>\n    indexedSteps.forEach((step) =>\n      stepTest.call(this, state, step, rowData)\n    )\n  )\n  .then(() => state.onFinishScenario(scenario));",
              "err": {},
              "uuid": "2b0c4585-ff7f-444c-9b1d-53afcfcd5ac2",
              "parentUUID": "2776464c-365d-4e4c-a28f-9b6e6b88a8e6",
              "isHook": false,
              "skipped": false
            },
            {
              "title": "User is able to access Courses Premium LP via Home Search (example #1)",
              "fullTitle": "Kelas Functionality User is able to access Courses Premium LP via Home Search (example #1)",
              "timedOut": null,
              "duration": 3411,
              "state": "passed",
              "speed": "fast",
              "pass": true,
              "fail": false,
              "pending": false,
              "context": null,
              "code": "const state = window.testState;\nreturn cy\n  .then(() => state.onStartScenario(scenario, indexedSteps))\n  .then(() =>\n    resolveAndRunBeforeHooks.call(this, scenario.tags, state.feature.name)\n  )\n  .then(() =>\n    indexedSteps.forEach((step) =>\n      stepTest.call(this, state, step, rowData)\n    )\n  )\n  .then(() => state.onFinishScenario(scenario));",
              "err": {},
              "uuid": "4f480f3a-34da-44cf-8cd2-83b80d490b82",
              "parentUUID": "2776464c-365d-4e4c-a28f-9b6e6b88a8e6",
              "isHook": false,
              "skipped": false
            },
            {
              "title": "User is able to access Courses Premium LP via Home Search (example #2)",
              "fullTitle": "Kelas Functionality User is able to access Courses Premium LP via Home Search (example #2)",
              "timedOut": null,
              "duration": 3239,
              "state": "passed",
              "speed": "fast",
              "pass": true,
              "fail": false,
              "pending": false,
              "context": null,
              "code": "const state = window.testState;\nreturn cy\n  .then(() => state.onStartScenario(scenario, indexedSteps))\n  .then(() =>\n    resolveAndRunBeforeHooks.call(this, scenario.tags, state.feature.name)\n  )\n  .then(() =>\n    indexedSteps.forEach((step) =>\n      stepTest.call(this, state, step, rowData)\n    )\n  )\n  .then(() => state.onFinishScenario(scenario));",
              "err": {},
              "uuid": "811b5265-b191-437b-896f-2e508c877195",
              "parentUUID": "2776464c-365d-4e4c-a28f-9b6e6b88a8e6",
              "isHook": false,
              "skipped": false
            },
            {
              "title": "User is able to click Marketplace Mastery Basic Saya Mau by Shopee Premium LP",
              "fullTitle": "Kelas Functionality User is able to click Marketplace Mastery Basic Saya Mau by Shopee Premium LP",
              "timedOut": null,
              "duration": 11631,
              "state": "passed",
              "speed": "slow",
              "pass": true,
              "fail": false,
              "pending": false,
              "context": null,
              "code": "const state = window.testState;\nreturn cy\n  .then(() => state.onStartScenario(scenario, indexedSteps))\n  .then(() =>\n    resolveAndRunBeforeHooks.call(this, scenario.tags, state.feature.name)\n  )\n  .then(() =>\n    indexedSteps.forEach((step) =>\n      stepTest.call(this, state, step, rowData)\n    )\n  )\n  .then(() => state.onFinishScenario(scenario));",
              "err": {},
              "uuid": "6fb2aeae-4da6-419e-89bc-7d4a9f61676a",
              "parentUUID": "2776464c-365d-4e4c-a28f-9b6e6b88a8e6",
              "isHook": false,
              "skipped": false
            },
            {
              "title": "User is able to click Shopee Premium Saya Mau",
              "fullTitle": "Kelas Functionality User is able to click Shopee Premium Saya Mau",
              "timedOut": null,
              "duration": 10689,
              "state": "passed",
              "speed": "slow",
              "pass": true,
              "fail": false,
              "pending": false,
              "context": null,
              "code": "const state = window.testState;\nreturn cy\n  .then(() => state.onStartScenario(scenario, indexedSteps))\n  .then(() =>\n    resolveAndRunBeforeHooks.call(this, scenario.tags, state.feature.name)\n  )\n  .then(() =>\n    indexedSteps.forEach((step) =>\n      stepTest.call(this, state, step, rowData)\n    )\n  )\n  .then(() => state.onFinishScenario(scenario));",
              "err": {},
              "uuid": "655f288d-7dda-4508-aa5c-6c9c66245332",
              "parentUUID": "2776464c-365d-4e4c-a28f-9b6e6b88a8e6",
              "isHook": false,
              "skipped": false
            },
            {
              "title": "User is able to click Super Mentor Shopee Saya Mau Bundle",
              "fullTitle": "Kelas Functionality User is able to click Super Mentor Shopee Saya Mau Bundle",
              "timedOut": null,
              "duration": 9868,
              "state": "passed",
              "speed": "medium",
              "pass": true,
              "fail": false,
              "pending": false,
              "context": null,
              "code": "const state = window.testState;\nreturn cy\n  .then(() => state.onStartScenario(scenario, indexedSteps))\n  .then(() =>\n    resolveAndRunBeforeHooks.call(this, scenario.tags, state.feature.name)\n  )\n  .then(() =>\n    indexedSteps.forEach((step) =>\n      stepTest.call(this, state, step, rowData)\n    )\n  )\n  .then(() => state.onFinishScenario(scenario));",
              "err": {},
              "uuid": "8bbc764d-ade1-4b0a-a09d-125d8ad21079",
              "parentUUID": "2776464c-365d-4e4c-a28f-9b6e6b88a8e6",
              "isHook": false,
              "skipped": false
            },
            {
              "title": "User is not able to access Shopee Premium Checkout Page when not logged in",
              "fullTitle": "Kelas Functionality User is not able to access Shopee Premium Checkout Page when not logged in",
              "timedOut": null,
              "duration": 5139,
              "state": "passed",
              "speed": "medium",
              "pass": true,
              "fail": false,
              "pending": false,
              "context": null,
              "code": "const state = window.testState;\nreturn cy\n  .then(() => state.onStartScenario(scenario, indexedSteps))\n  .then(() =>\n    resolveAndRunBeforeHooks.call(this, scenario.tags, state.feature.name)\n  )\n  .then(() =>\n    indexedSteps.forEach((step) =>\n      stepTest.call(this, state, step, rowData)\n    )\n  )\n  .then(() => state.onFinishScenario(scenario));",
              "err": {},
              "uuid": "b9f96437-e830-493d-909c-eccca13c8068",
              "parentUUID": "2776464c-365d-4e4c-a28f-9b6e6b88a8e6",
              "isHook": false,
              "skipped": false
            },
            {
              "title": "User is not able to access Marketplace Mastery Basic Checkout Page by LP Shopee when not logged in",
              "fullTitle": "Kelas Functionality User is not able to access Marketplace Mastery Basic Checkout Page by LP Shopee when not logged in",
              "timedOut": null,
              "duration": 4848,
              "state": "passed",
              "speed": "fast",
              "pass": true,
              "fail": false,
              "pending": false,
              "context": null,
              "code": "const state = window.testState;\nreturn cy\n  .then(() => state.onStartScenario(scenario, indexedSteps))\n  .then(() =>\n    resolveAndRunBeforeHooks.call(this, scenario.tags, state.feature.name)\n  )\n  .then(() =>\n    indexedSteps.forEach((step) =>\n      stepTest.call(this, state, step, rowData)\n    )\n  )\n  .then(() => state.onFinishScenario(scenario));",
              "err": {},
              "uuid": "148ef907-96c9-4ae1-9fae-896c588b2f60",
              "parentUUID": "2776464c-365d-4e4c-a28f-9b6e6b88a8e6",
              "isHook": false,
              "skipped": false
            },
            {
              "title": "User is not able to access Shopee Premium Plus Checkout Page when not logged in",
              "fullTitle": "Kelas Functionality User is not able to access Shopee Premium Plus Checkout Page when not logged in",
              "timedOut": null,
              "duration": 4786,
              "state": "passed",
              "speed": "fast",
              "pass": true,
              "fail": false,
              "pending": false,
              "context": null,
              "code": "const state = window.testState;\nreturn cy\n  .then(() => state.onStartScenario(scenario, indexedSteps))\n  .then(() =>\n    resolveAndRunBeforeHooks.call(this, scenario.tags, state.feature.name)\n  )\n  .then(() =>\n    indexedSteps.forEach((step) =>\n      stepTest.call(this, state, step, rowData)\n    )\n  )\n  .then(() => state.onFinishScenario(scenario));",
              "err": {},
              "uuid": "622a84ac-3be4-41c2-bfe8-a253c2a0d2ff",
              "parentUUID": "2776464c-365d-4e4c-a28f-9b6e6b88a8e6",
              "isHook": false,
              "skipped": false
            },
            {
              "title": "User is able to click Lihat Jasa Management Marketplace Saya Mau by Shopee Premium LP",
              "fullTitle": "Kelas Functionality User is able to click Lihat Jasa Management Marketplace Saya Mau by Shopee Premium LP",
              "timedOut": null,
              "duration": 8992,
              "state": "passed",
              "speed": "medium",
              "pass": true,
              "fail": false,
              "pending": false,
              "context": null,
              "code": "const state = window.testState;\nreturn cy\n  .then(() => state.onStartScenario(scenario, indexedSteps))\n  .then(() =>\n    resolveAndRunBeforeHooks.call(this, scenario.tags, state.feature.name)\n  )\n  .then(() =>\n    indexedSteps.forEach((step) =>\n      stepTest.call(this, state, step, rowData)\n    )\n  )\n  .then(() => state.onFinishScenario(scenario));",
              "err": {},
              "uuid": "3b83d595-08cb-4c43-82ba-a63d989a43b4",
              "parentUUID": "2776464c-365d-4e4c-a28f-9b6e6b88a8e6",
              "isHook": false,
              "skipped": false
            },
            {
              "title": "User is able to click Tiktok Premium Plus Saya Mau Bundle",
              "fullTitle": "Kelas Functionality User is able to click Tiktok Premium Plus Saya Mau Bundle",
              "timedOut": null,
              "duration": 9250,
              "state": "passed",
              "speed": "medium",
              "pass": true,
              "fail": false,
              "pending": false,
              "context": null,
              "code": "const state = window.testState;\nreturn cy\n  .then(() => state.onStartScenario(scenario, indexedSteps))\n  .then(() =>\n    resolveAndRunBeforeHooks.call(this, scenario.tags, state.feature.name)\n  )\n  .then(() =>\n    indexedSteps.forEach((step) =>\n      stepTest.call(this, state, step, rowData)\n    )\n  )\n  .then(() => state.onFinishScenario(scenario));",
              "err": {},
              "uuid": "3dc65d2e-dbaf-435a-ba2e-6550257b3158",
              "parentUUID": "2776464c-365d-4e4c-a28f-9b6e6b88a8e6",
              "isHook": false,
              "skipped": false
            },
            {
              "title": "User is able to click Tiktok Premium Business Saya Mau",
              "fullTitle": "Kelas Functionality User is able to click Tiktok Premium Business Saya Mau",
              "timedOut": null,
              "duration": 9630,
              "state": "passed",
              "speed": "medium",
              "pass": true,
              "fail": false,
              "pending": false,
              "context": null,
              "code": "const state = window.testState;\nreturn cy\n  .then(() => state.onStartScenario(scenario, indexedSteps))\n  .then(() =>\n    resolveAndRunBeforeHooks.call(this, scenario.tags, state.feature.name)\n  )\n  .then(() =>\n    indexedSteps.forEach((step) =>\n      stepTest.call(this, state, step, rowData)\n    )\n  )\n  .then(() => state.onFinishScenario(scenario));",
              "err": {},
              "uuid": "beea1675-e298-406c-8015-c303db10fe08",
              "parentUUID": "2776464c-365d-4e4c-a28f-9b6e6b88a8e6",
              "isHook": false,
              "skipped": false
            },
            {
              "title": "User is able to click Lihat Jasa Management Social Media Saya Mau by Tiktok Premium LP",
              "fullTitle": "Kelas Functionality User is able to click Lihat Jasa Management Social Media Saya Mau by Tiktok Premium LP",
              "timedOut": null,
              "duration": 9561,
              "state": "passed",
              "speed": "medium",
              "pass": true,
              "fail": false,
              "pending": false,
              "context": null,
              "code": "const state = window.testState;\nreturn cy\n  .then(() => state.onStartScenario(scenario, indexedSteps))\n  .then(() =>\n    resolveAndRunBeforeHooks.call(this, scenario.tags, state.feature.name)\n  )\n  .then(() =>\n    indexedSteps.forEach((step) =>\n      stepTest.call(this, state, step, rowData)\n    )\n  )\n  .then(() => state.onFinishScenario(scenario));",
              "err": {},
              "uuid": "5888cd97-3445-45b4-b3d8-ea68ee514dc7",
              "parentUUID": "2776464c-365d-4e4c-a28f-9b6e6b88a8e6",
              "isHook": false,
              "skipped": false
            },
            {
              "title": "User is not able to access Tiktok Premium Business Checkout Page when not logged in",
              "fullTitle": "Kelas Functionality User is not able to access Tiktok Premium Business Checkout Page when not logged in",
              "timedOut": null,
              "duration": 4589,
              "state": "passed",
              "speed": "fast",
              "pass": true,
              "fail": false,
              "pending": false,
              "context": null,
              "code": "const state = window.testState;\nreturn cy\n  .then(() => state.onStartScenario(scenario, indexedSteps))\n  .then(() =>\n    resolveAndRunBeforeHooks.call(this, scenario.tags, state.feature.name)\n  )\n  .then(() =>\n    indexedSteps.forEach((step) =>\n      stepTest.call(this, state, step, rowData)\n    )\n  )\n  .then(() => state.onFinishScenario(scenario));",
              "err": {},
              "uuid": "1a01f3ed-f42d-456d-a813-f24f623af5eb",
              "parentUUID": "2776464c-365d-4e4c-a28f-9b6e6b88a8e6",
              "isHook": false,
              "skipped": false
            },
            {
              "title": "User is not able to access Tiktok Premium Plus Checkout Page when not logged in",
              "fullTitle": "Kelas Functionality User is not able to access Tiktok Premium Plus Checkout Page when not logged in",
              "timedOut": null,
              "duration": 4295,
              "state": "passed",
              "speed": "fast",
              "pass": true,
              "fail": false,
              "pending": false,
              "context": null,
              "code": "const state = window.testState;\nreturn cy\n  .then(() => state.onStartScenario(scenario, indexedSteps))\n  .then(() =>\n    resolveAndRunBeforeHooks.call(this, scenario.tags, state.feature.name)\n  )\n  .then(() =>\n    indexedSteps.forEach((step) =>\n      stepTest.call(this, state, step, rowData)\n    )\n  )\n  .then(() => state.onFinishScenario(scenario));",
              "err": {},
              "uuid": "3e8403ee-79c1-4ee7-962a-b192ecfd89b1",
              "parentUUID": "2776464c-365d-4e4c-a28f-9b6e6b88a8e6",
              "isHook": false,
              "skipped": false
            },
            {
              "title": "User is able to access course checkout page by url (example #1)",
              "fullTitle": "Kelas Functionality User is able to access course checkout page by url (example #1)",
              "timedOut": null,
              "duration": 5863,
              "state": "passed",
              "speed": "medium",
              "pass": true,
              "fail": false,
              "pending": false,
              "context": null,
              "code": "const state = window.testState;\nreturn cy\n  .then(() => state.onStartScenario(scenario, indexedSteps))\n  .then(() =>\n    resolveAndRunBeforeHooks.call(this, scenario.tags, state.feature.name)\n  )\n  .then(() =>\n    indexedSteps.forEach((step) =>\n      stepTest.call(this, state, step, rowData)\n    )\n  )\n  .then(() => state.onFinishScenario(scenario));",
              "err": {},
              "uuid": "f5eb93e0-0efa-4bb6-9552-a89b2e68fb27",
              "parentUUID": "2776464c-365d-4e4c-a28f-9b6e6b88a8e6",
              "isHook": false,
              "skipped": false
            },
            {
              "title": "User is able to access course checkout page by url (example #2)",
              "fullTitle": "Kelas Functionality User is able to access course checkout page by url (example #2)",
              "timedOut": null,
              "duration": 5770,
              "state": "passed",
              "speed": "medium",
              "pass": true,
              "fail": false,
              "pending": false,
              "context": null,
              "code": "const state = window.testState;\nreturn cy\n  .then(() => state.onStartScenario(scenario, indexedSteps))\n  .then(() =>\n    resolveAndRunBeforeHooks.call(this, scenario.tags, state.feature.name)\n  )\n  .then(() =>\n    indexedSteps.forEach((step) =>\n      stepTest.call(this, state, step, rowData)\n    )\n  )\n  .then(() => state.onFinishScenario(scenario));",
              "err": {},
              "uuid": "bebe4912-0923-4665-9551-28faf54fd2a8",
              "parentUUID": "2776464c-365d-4e4c-a28f-9b6e6b88a8e6",
              "isHook": false,
              "skipped": false
            },
            {
              "title": "User cannot access checkout page by url when user not logged in (example #1)",
              "fullTitle": "Kelas Functionality User cannot access checkout page by url when user not logged in (example #1)",
              "timedOut": null,
              "duration": 1230,
              "state": "passed",
              "speed": "fast",
              "pass": true,
              "fail": false,
              "pending": false,
              "context": null,
              "code": "const state = window.testState;\nreturn cy\n  .then(() => state.onStartScenario(scenario, indexedSteps))\n  .then(() =>\n    resolveAndRunBeforeHooks.call(this, scenario.tags, state.feature.name)\n  )\n  .then(() =>\n    indexedSteps.forEach((step) =>\n      stepTest.call(this, state, step, rowData)\n    )\n  )\n  .then(() => state.onFinishScenario(scenario));",
              "err": {},
              "uuid": "487debb5-70f5-4cc6-9bfd-6f33336730fe",
              "parentUUID": "2776464c-365d-4e4c-a28f-9b6e6b88a8e6",
              "isHook": false,
              "skipped": false
            },
            {
              "title": "User cannot access checkout page by url when user not logged in (example #2)",
              "fullTitle": "Kelas Functionality User cannot access checkout page by url when user not logged in (example #2)",
              "timedOut": null,
              "duration": 1101,
              "state": "passed",
              "speed": "fast",
              "pass": true,
              "fail": false,
              "pending": false,
              "context": null,
              "code": "const state = window.testState;\nreturn cy\n  .then(() => state.onStartScenario(scenario, indexedSteps))\n  .then(() =>\n    resolveAndRunBeforeHooks.call(this, scenario.tags, state.feature.name)\n  )\n  .then(() =>\n    indexedSteps.forEach((step) =>\n      stepTest.call(this, state, step, rowData)\n    )\n  )\n  .then(() => state.onFinishScenario(scenario));",
              "err": {},
              "uuid": "125734d4-6500-47c2-ac59-e62ca067ae65",
              "parentUUID": "2776464c-365d-4e4c-a28f-9b6e6b88a8e6",
              "isHook": false,
              "skipped": false
            },
            {
              "title": "User is able to enter General Kupon Kelas Code",
              "fullTitle": "Kelas Functionality User is able to enter General Kupon Kelas Code",
              "timedOut": null,
              "duration": 7561,
              "state": "passed",
              "speed": "medium",
              "pass": true,
              "fail": false,
              "pending": false,
              "context": null,
              "code": "const state = window.testState;\nreturn cy\n  .then(() => state.onStartScenario(scenario, indexedSteps))\n  .then(() =>\n    resolveAndRunBeforeHooks.call(this, scenario.tags, state.feature.name)\n  )\n  .then(() =>\n    indexedSteps.forEach((step) =>\n      stepTest.call(this, state, step, rowData)\n    )\n  )\n  .then(() => state.onFinishScenario(scenario));",
              "err": {},
              "uuid": "edc9f39a-3180-4500-9e3b-c6494276fa07",
              "parentUUID": "2776464c-365d-4e4c-a28f-9b6e6b88a8e6",
              "isHook": false,
              "skipped": false
            },
            {
              "title": "User is able to choose General Kupon Kelas",
              "fullTitle": "Kelas Functionality User is able to choose General Kupon Kelas",
              "timedOut": null,
              "duration": 7276,
              "state": "passed",
              "speed": "medium",
              "pass": true,
              "fail": false,
              "pending": false,
              "context": null,
              "code": "const state = window.testState;\nreturn cy\n  .then(() => state.onStartScenario(scenario, indexedSteps))\n  .then(() =>\n    resolveAndRunBeforeHooks.call(this, scenario.tags, state.feature.name)\n  )\n  .then(() =>\n    indexedSteps.forEach((step) =>\n      stepTest.call(this, state, step, rowData)\n    )\n  )\n  .then(() => state.onFinishScenario(scenario));",
              "err": {},
              "uuid": "663b4ad4-3e92-4ce8-859c-f44ed61a8a6b",
              "parentUUID": "2776464c-365d-4e4c-a28f-9b6e6b88a8e6",
              "isHook": false,
              "skipped": false
            },
            {
              "title": "User is able to reset Kupon Kelas",
              "fullTitle": "Kelas Functionality User is able to reset Kupon Kelas",
              "timedOut": null,
              "duration": 7667,
              "state": "passed",
              "speed": "medium",
              "pass": true,
              "fail": false,
              "pending": false,
              "context": null,
              "code": "const state = window.testState;\nreturn cy\n  .then(() => state.onStartScenario(scenario, indexedSteps))\n  .then(() =>\n    resolveAndRunBeforeHooks.call(this, scenario.tags, state.feature.name)\n  )\n  .then(() =>\n    indexedSteps.forEach((step) =>\n      stepTest.call(this, state, step, rowData)\n    )\n  )\n  .then(() => state.onFinishScenario(scenario));",
              "err": {},
              "uuid": "79ee019e-06e4-47c8-acef-bce3bf47c32b",
              "parentUUID": "2776464c-365d-4e4c-a28f-9b6e6b88a8e6",
              "isHook": false,
              "skipped": false
            },
            {
              "title": "User is able to view General Kupon Terms & Condition",
              "fullTitle": "Kelas Functionality User is able to view General Kupon Terms & Condition",
              "timedOut": null,
              "duration": 7094,
              "state": "passed",
              "speed": "medium",
              "pass": true,
              "fail": false,
              "pending": false,
              "context": null,
              "code": "const state = window.testState;\nreturn cy\n  .then(() => state.onStartScenario(scenario, indexedSteps))\n  .then(() =>\n    resolveAndRunBeforeHooks.call(this, scenario.tags, state.feature.name)\n  )\n  .then(() =>\n    indexedSteps.forEach((step) =>\n      stepTest.call(this, state, step, rowData)\n    )\n  )\n  .then(() => state.onFinishScenario(scenario));",
              "err": {},
              "uuid": "a251e19f-adce-407c-9a56-614ce4395374",
              "parentUUID": "2776464c-365d-4e4c-a28f-9b6e6b88a8e6",
              "isHook": false,
              "skipped": false
            },
            {
              "title": "User is able to checkout Course with VA and Kupon Kelas",
              "fullTitle": "Kelas Functionality User is able to checkout Course with VA and Kupon Kelas",
              "timedOut": null,
              "duration": 9473,
              "state": "passed",
              "speed": "medium",
              "pass": true,
              "fail": false,
              "pending": false,
              "context": null,
              "code": "const state = window.testState;\nreturn cy\n  .then(() => state.onStartScenario(scenario, indexedSteps))\n  .then(() =>\n    resolveAndRunBeforeHooks.call(this, scenario.tags, state.feature.name)\n  )\n  .then(() =>\n    indexedSteps.forEach((step) =>\n      stepTest.call(this, state, step, rowData)\n    )\n  )\n  .then(() => state.onFinishScenario(scenario));",
              "err": {},
              "uuid": "cfe49206-985b-4f03-962a-bc390afb4f7c",
              "parentUUID": "2776464c-365d-4e4c-a28f-9b6e6b88a8e6",
              "isHook": false,
              "skipped": false
            },
            {
              "title": "User is able to checkout Course with QRIS",
              "fullTitle": "Kelas Functionality User is able to checkout Course with QRIS",
              "timedOut": null,
              "duration": 9808,
              "state": "passed",
              "speed": "medium",
              "pass": true,
              "fail": false,
              "pending": false,
              "context": null,
              "code": "const state = window.testState;\nreturn cy\n  .then(() => state.onStartScenario(scenario, indexedSteps))\n  .then(() =>\n    resolveAndRunBeforeHooks.call(this, scenario.tags, state.feature.name)\n  )\n  .then(() =>\n    indexedSteps.forEach((step) =>\n      stepTest.call(this, state, step, rowData)\n    )\n  )\n  .then(() => state.onFinishScenario(scenario));",
              "err": {},
              "uuid": "13935fa4-2bc8-4f1c-bde5-8875959df186",
              "parentUUID": "2776464c-365d-4e4c-a28f-9b6e6b88a8e6",
              "isHook": false,
              "skipped": false
            },
            {
              "title": "User is able to access Thankyou Page by url",
              "fullTitle": "Kelas Functionality User is able to access Thankyou Page by url",
              "timedOut": null,
              "duration": 6161,
              "state": "passed",
              "speed": "medium",
              "pass": true,
              "fail": false,
              "pending": false,
              "context": null,
              "code": "const state = window.testState;\nreturn cy\n  .then(() => state.onStartScenario(scenario, indexedSteps))\n  .then(() =>\n    resolveAndRunBeforeHooks.call(this, scenario.tags, state.feature.name)\n  )\n  .then(() =>\n    indexedSteps.forEach((step) =>\n      stepTest.call(this, state, step, rowData)\n    )\n  )\n  .then(() => state.onFinishScenario(scenario));",
              "err": {},
              "uuid": "22a0b78e-ca18-47c8-bbd0-7d2e6e64f472",
              "parentUUID": "2776464c-365d-4e4c-a28f-9b6e6b88a8e6",
              "isHook": false,
              "skipped": false
            },
            {
              "title": "User is able to Close Thakyou Page",
              "fullTitle": "Kelas Functionality User is able to Close Thakyou Page",
              "timedOut": null,
              "duration": 6311,
              "state": "passed",
              "speed": "medium",
              "pass": true,
              "fail": false,
              "pending": false,
              "context": null,
              "code": "const state = window.testState;\nreturn cy\n  .then(() => state.onStartScenario(scenario, indexedSteps))\n  .then(() =>\n    resolveAndRunBeforeHooks.call(this, scenario.tags, state.feature.name)\n  )\n  .then(() =>\n    indexedSteps.forEach((step) =>\n      stepTest.call(this, state, step, rowData)\n    )\n  )\n  .then(() => state.onFinishScenario(scenario));",
              "err": {},
              "uuid": "2d781db7-d2a9-4cd0-b32b-d501c558d867",
              "parentUUID": "2776464c-365d-4e4c-a28f-9b6e6b88a8e6",
              "isHook": false,
              "skipped": false
            },
            {
              "title": "User is able to access Daftar Kelas Terbaik by Lihat Semua button",
              "fullTitle": "Kelas Functionality User is able to access Daftar Kelas Terbaik by Lihat Semua button",
              "timedOut": null,
              "duration": 6341,
              "state": "passed",
              "speed": "medium",
              "pass": true,
              "fail": false,
              "pending": false,
              "context": null,
              "code": "const state = window.testState;\nreturn cy\n  .then(() => state.onStartScenario(scenario, indexedSteps))\n  .then(() =>\n    resolveAndRunBeforeHooks.call(this, scenario.tags, state.feature.name)\n  )\n  .then(() =>\n    indexedSteps.forEach((step) =>\n      stepTest.call(this, state, step, rowData)\n    )\n  )\n  .then(() => state.onFinishScenario(scenario));",
              "err": {},
              "uuid": "a1d36cb9-04fe-4ce1-a345-4589df5b9440",
              "parentUUID": "2776464c-365d-4e4c-a28f-9b6e6b88a8e6",
              "isHook": false,
              "skipped": false
            },
            {
              "title": "User is able to access Course LP by Lihat Kelas button",
              "fullTitle": "Kelas Functionality User is able to access Course LP by Lihat Kelas button",
              "timedOut": null,
              "duration": 7008,
              "state": "passed",
              "speed": "medium",
              "pass": true,
              "fail": false,
              "pending": false,
              "context": null,
              "code": "const state = window.testState;\nreturn cy\n  .then(() => state.onStartScenario(scenario, indexedSteps))\n  .then(() =>\n    resolveAndRunBeforeHooks.call(this, scenario.tags, state.feature.name)\n  )\n  .then(() =>\n    indexedSteps.forEach((step) =>\n      stepTest.call(this, state, step, rowData)\n    )\n  )\n  .then(() => state.onFinishScenario(scenario));",
              "err": {},
              "uuid": "b90f9fbe-ee5e-4f7f-a445-3446cec11be1",
              "parentUUID": "2776464c-365d-4e4c-a28f-9b6e6b88a8e6",
              "isHook": false,
              "skipped": false
            },
            {
              "title": "User is able to access Shopee Premium Checkout Page by Checkout button",
              "fullTitle": "Kelas Functionality User is able to access Shopee Premium Checkout Page by Checkout button",
              "timedOut": null,
              "duration": 6719,
              "state": "passed",
              "speed": "medium",
              "pass": true,
              "fail": false,
              "pending": false,
              "context": null,
              "code": "const state = window.testState;\nreturn cy\n  .then(() => state.onStartScenario(scenario, indexedSteps))\n  .then(() =>\n    resolveAndRunBeforeHooks.call(this, scenario.tags, state.feature.name)\n  )\n  .then(() =>\n    indexedSteps.forEach((step) =>\n      stepTest.call(this, state, step, rowData)\n    )\n  )\n  .then(() => state.onFinishScenario(scenario));",
              "err": {},
              "uuid": "b23b48e3-06b5-4525-bba5-2d1a77e61617",
              "parentUUID": "2776464c-365d-4e4c-a28f-9b6e6b88a8e6",
              "isHook": false,
              "skipped": false
            },
            {
              "title": "User is able to access Shopee Premium Learning Page by Learning button",
              "fullTitle": "Kelas Functionality User is able to access Shopee Premium Learning Page by Learning button",
              "timedOut": null,
              "duration": 6641,
              "state": "passed",
              "speed": "medium",
              "pass": true,
              "fail": false,
              "pending": false,
              "context": null,
              "code": "const state = window.testState;\nreturn cy\n  .then(() => state.onStartScenario(scenario, indexedSteps))\n  .then(() =>\n    resolveAndRunBeforeHooks.call(this, scenario.tags, state.feature.name)\n  )\n  .then(() =>\n    indexedSteps.forEach((step) =>\n      stepTest.call(this, state, step, rowData)\n    )\n  )\n  .then(() => state.onFinishScenario(scenario));",
              "err": {},
              "uuid": "f2dc76de-f421-441b-b894-a019434bb6ee",
              "parentUUID": "2776464c-365d-4e4c-a28f-9b6e6b88a8e6",
              "isHook": false,
              "skipped": false
            }
          ],
          "suites": [],
          "passes": [
            "5f28b213-0686-4c6f-b71c-ab9505aecd48",
            "2b0c4585-ff7f-444c-9b1d-53afcfcd5ac2",
            "4f480f3a-34da-44cf-8cd2-83b80d490b82",
            "811b5265-b191-437b-896f-2e508c877195",
            "6fb2aeae-4da6-419e-89bc-7d4a9f61676a",
            "655f288d-7dda-4508-aa5c-6c9c66245332",
            "8bbc764d-ade1-4b0a-a09d-125d8ad21079",
            "b9f96437-e830-493d-909c-eccca13c8068",
            "148ef907-96c9-4ae1-9fae-896c588b2f60",
            "622a84ac-3be4-41c2-bfe8-a253c2a0d2ff",
            "3b83d595-08cb-4c43-82ba-a63d989a43b4",
            "3dc65d2e-dbaf-435a-ba2e-6550257b3158",
            "beea1675-e298-406c-8015-c303db10fe08",
            "5888cd97-3445-45b4-b3d8-ea68ee514dc7",
            "1a01f3ed-f42d-456d-a813-f24f623af5eb",
            "3e8403ee-79c1-4ee7-962a-b192ecfd89b1",
            "f5eb93e0-0efa-4bb6-9552-a89b2e68fb27",
            "bebe4912-0923-4665-9551-28faf54fd2a8",
            "487debb5-70f5-4cc6-9bfd-6f33336730fe",
            "125734d4-6500-47c2-ac59-e62ca067ae65",
            "edc9f39a-3180-4500-9e3b-c6494276fa07",
            "663b4ad4-3e92-4ce8-859c-f44ed61a8a6b",
            "79ee019e-06e4-47c8-acef-bce3bf47c32b",
            "a251e19f-adce-407c-9a56-614ce4395374",
            "cfe49206-985b-4f03-962a-bc390afb4f7c",
            "13935fa4-2bc8-4f1c-bde5-8875959df186",
            "22a0b78e-ca18-47c8-bbd0-7d2e6e64f472",
            "2d781db7-d2a9-4cd0-b32b-d501c558d867",
            "a1d36cb9-04fe-4ce1-a345-4589df5b9440",
            "b90f9fbe-ee5e-4f7f-a445-3446cec11be1",
            "b23b48e3-06b5-4525-bba5-2d1a77e61617",
            "f2dc76de-f421-441b-b894-a019434bb6ee"
          ],
          "failures": [],
          "pending": [],
          "skipped": [],
          "duration": 204367,
          "root": false,
          "rootEmpty": false,
          "_timeout": 2000
        }
      ],
      "passes": [],
      "failures": [],
      "pending": [],
      "skipped": [],
      "duration": 0,
      "root": true,
      "rootEmpty": true,
      "_timeout": 2000
    }
  ],
  "meta": {
    "mocha": {
      "version": "7.0.1"
    },
    "mochawesome": {
      "options": {
        "quiet": false,
        "reportFilename": "mochawesome",
        "saveHtml": true,
        "saveJson": true,
        "consoleReporter": "spec",
        "useInlineDiffs": false,
        "code": true
      },
      "version": "7.1.3"
    },
    "marge": {
      "options": {
        "reportDir": "cypress/reports",
        "overwrite": false,
        "html": true,
        "json": true,
        "timestamp": "mmddyyyy_HHMMss"
      },
      "version": "6.2.0"
    }
  }
}