{
  "stats": {
    "suites": 1,
    "tests": 2,
    "passes": 2,
    "pending": 0,
    "failures": 0,
    "start": "2025-07-28T00:42:55.398Z",
    "end": "2025-07-28T00:43:02.980Z",
    "duration": 7582,
    "testsRegistered": 2,
    "passPercent": 100,
    "pendingPercent": 0,
    "other": 0,
    "hasOther": false,
    "skipped": 0,
    "hasSkipped": false
  },
  "results": [
    {
      "uuid": "3f0e60fa-9d5a-43ad-8971-f7a2701ea9f8",
      "title": "",
      "fullFile": "cypress\\e2e\\cucumber\\Features\\HomePageTest.feature",
      "file": "cypress\\e2e\\cucumber\\Features\\HomePageTest.feature",
      "beforeHooks": [],
      "afterHooks": [],
      "tests": [],
      "suites": [
        {
          "uuid": "a8afb34f-462b-40f1-9409-ea1059c0bb9f",
          "title": "Homepage Functionality",
          "fullFile": "",
          "file": "",
          "beforeHooks": [],
          "afterHooks": [],
          "tests": [
            {
              "title": "User can access Login Page by click button Daftar/Masuk",
              "fullTitle": "Homepage Functionality User can access Login Page by click button Daftar/Masuk",
              "timedOut": null,
              "duration": 2061,
              "state": "passed",
              "speed": "fast",
              "pass": true,
              "fail": false,
              "pending": false,
              "context": null,
              "code": "const state = window.testState;\nreturn cy\n  .then(() => state.onStartScenario(scenario, indexedSteps))\n  .then(() =>\n    resolveAndRunBeforeHooks.call(this, scenario.tags, state.feature.name)\n  )\n  .then(() =>\n    indexedSteps.forEach((step) =>\n      stepTest.call(this, state, step, rowData)\n    )\n  )\n  .then(() => state.onFinishScenario(scenario));",
              "err": {},
              "uuid": "a406fa52-a7e3-4599-815f-a8f8aac8c329",
              "parentUUID": "a8afb34f-462b-40f1-9409-ea1059c0bb9f",
              "isHook": false,
              "skipped": false
            },
            {
              "title": "User can access Daftar Kelas Premium List by navbar Kelas",
              "fullTitle": "Homepage Functionality User can access Daftar Kelas Premium List by navbar Kelas",
              "timedOut": null,
              "duration": 1513,
              "state": "passed",
              "speed": "fast",
              "pass": true,
              "fail": false,
              "pending": false,
              "context": null,
              "code": "const state = window.testState;\nreturn cy\n  .then(() => state.onStartScenario(scenario, indexedSteps))\n  .then(() =>\n    resolveAndRunBeforeHooks.call(this, scenario.tags, state.feature.name)\n  )\n  .then(() =>\n    indexedSteps.forEach((step) =>\n      stepTest.call(this, state, step, rowData)\n    )\n  )\n  .then(() => state.onFinishScenario(scenario));",
              "err": {},
              "uuid": "99824b30-7564-44df-aa07-dc4770f3c36f",
              "parentUUID": "a8afb34f-462b-40f1-9409-ea1059c0bb9f",
              "isHook": false,
              "skipped": false
            }
          ],
          "suites": [],
          "passes": [
            "a406fa52-a7e3-4599-815f-a8f8aac8c329",
            "99824b30-7564-44df-aa07-dc4770f3c36f"
          ],
          "failures": [],
          "pending": [],
          "skipped": [],
          "duration": 3574,
          "root": false,
          "rootEmpty": false,
          "_timeout": 2000
        }
      ],
      "passes": [],
      "failures": [],
      "pending": [],
      "skipped": [],
      "duration": 0,
      "root": true,
      "rootEmpty": true,
      "_timeout": 2000
    }
  ],
  "meta": {
    "mocha": {
      "version": "7.0.1"
    },
    "mochawesome": {
      "options": {
        "quiet": false,
        "reportFilename": "mochawesome",
        "saveHtml": true,
        "saveJson": true,
        "consoleReporter": "spec",
        "useInlineDiffs": false,
        "code": true
      },
      "version": "7.1.3"
    },
    "marge": {
      "options": {
        "reportDir": "cypress/reports",
        "overwrite": false,
        "html": true,
        "json": true,
        "timestamp": "mmddyyyy_HHMMss"
      },
      "version": "6.2.0"
    }
  }
}