{
  "stats": {
    "suites": 1,
    "tests": 5,
    "passes": 5,
    "pending": 0,
    "failures": 0,
    "start": "2025-07-28T00:31:41.652Z",
    "end": "2025-07-28T00:31:57.034Z",
    "duration": 15382,
    "testsRegistered": 5,
    "passPercent": 100,
    "pendingPercent": 0,
    "other": 0,
    "hasOther": false,
    "skipped": 0,
    "hasSkipped": false
  },
  "results": [
    {
      "uuid": "15386419-710a-47ed-8fcb-e1705c2bc8e0",
      "title": "",
      "fullFile": "cypress\\e2e\\cucumber\\Features\\LoginTest.feature",
      "file": "cypress\\e2e\\cucumber\\Features\\LoginTest.feature",
      "beforeHooks": [],
      "afterHooks": [],
      "tests": [],
      "suites": [
        {
          "uuid": "14eabf9e-24f3-46e2-8a4d-5ae7cd1e5261",
          "title": "Login Functionality",
          "fullFile": "",
          "file": "",
          "beforeHooks": [],
          "afterHooks": [],
          "tests": [
            {
              "title": "User is able to access Login page by url",
              "fullTitle": "Login Functionality User is able to access Login page by url",
              "timedOut": null,
              "duration": 1395,
              "state": "passed",
              "speed": "fast",
              "pass": true,
              "fail": false,
              "pending": false,
              "context": null,
              "code": "const state = window.testState;\nreturn cy\n  .then(() => state.onStartScenario(scenario, indexedSteps))\n  .then(() =>\n    resolveAndRunBeforeHooks.call(this, scenario.tags, state.feature.name)\n  )\n  .then(() =>\n    indexedSteps.forEach((step) =>\n      stepTest.call(this, state, step, rowData)\n    )\n  )\n  .then(() => state.onFinishScenario(scenario));",
              "err": {},
              "uuid": "54300545-693b-4202-980e-971878abfa45",
              "parentUUID": "14eabf9e-24f3-46e2-8a4d-5ae7cd1e5261",
              "isHook": false,
              "skipped": false
            },
            {
              "title": "User cannot login with wrong email or password (example #1)",
              "fullTitle": "Login Functionality User cannot login with wrong email or password (example #1)",
              "timedOut": null,
              "duration": 2881,
              "state": "passed",
              "speed": "fast",
              "pass": true,
              "fail": false,
              "pending": false,
              "context": null,
              "code": "const state = window.testState;\nreturn cy\n  .then(() => state.onStartScenario(scenario, indexedSteps))\n  .then(() =>\n    resolveAndRunBeforeHooks.call(this, scenario.tags, state.feature.name)\n  )\n  .then(() =>\n    indexedSteps.forEach((step) =>\n      stepTest.call(this, state, step, rowData)\n    )\n  )\n  .then(() => state.onFinishScenario(scenario));",
              "err": {},
              "uuid": "4d7846d6-8476-4621-848f-71e672d53a0a",
              "parentUUID": "14eabf9e-24f3-46e2-8a4d-5ae7cd1e5261",
              "isHook": false,
              "skipped": false
            },
            {
              "title": "User cannot login with wrong email or password (example #2)",
              "fullTitle": "Login Functionality User cannot login with wrong email or password (example #2)",
              "timedOut": null,
              "duration": 2778,
              "state": "passed",
              "speed": "fast",
              "pass": true,
              "fail": false,
              "pending": false,
              "context": null,
              "code": "const state = window.testState;\nreturn cy\n  .then(() => state.onStartScenario(scenario, indexedSteps))\n  .then(() =>\n    resolveAndRunBeforeHooks.call(this, scenario.tags, state.feature.name)\n  )\n  .then(() =>\n    indexedSteps.forEach((step) =>\n      stepTest.call(this, state, step, rowData)\n    )\n  )\n  .then(() => state.onFinishScenario(scenario));",
              "err": {},
              "uuid": "be0dd656-f40f-4e2e-aefd-dd12482e53bc",
              "parentUUID": "14eabf9e-24f3-46e2-8a4d-5ae7cd1e5261",
              "isHook": false,
              "skipped": false
            },
            {
              "title": "User cannot login with wrong email format (example #1)",
              "fullTitle": "Login Functionality User cannot login with wrong email format (example #1)",
              "timedOut": null,
              "duration": 2198,
              "state": "passed",
              "speed": "fast",
              "pass": true,
              "fail": false,
              "pending": false,
              "context": null,
              "code": "const state = window.testState;\nreturn cy\n  .then(() => state.onStartScenario(scenario, indexedSteps))\n  .then(() =>\n    resolveAndRunBeforeHooks.call(this, scenario.tags, state.feature.name)\n  )\n  .then(() =>\n    indexedSteps.forEach((step) =>\n      stepTest.call(this, state, step, rowData)\n    )\n  )\n  .then(() => state.onFinishScenario(scenario));",
              "err": {},
              "uuid": "0ffa6815-6341-4dd8-a6ae-7cfcad152b2e",
              "parentUUID": "14eabf9e-24f3-46e2-8a4d-5ae7cd1e5261",
              "isHook": false,
              "skipped": false
            },
            {
              "title": "User can login with inputted credentials (example #1)",
              "fullTitle": "Login Functionality User can login with inputted credentials (example #1)",
              "timedOut": null,
              "duration": 2144,
              "state": "passed",
              "speed": "fast",
              "pass": true,
              "fail": false,
              "pending": false,
              "context": null,
              "code": "const state = window.testState;\nreturn cy\n  .then(() => state.onStartScenario(scenario, indexedSteps))\n  .then(() =>\n    resolveAndRunBeforeHooks.call(this, scenario.tags, state.feature.name)\n  )\n  .then(() =>\n    indexedSteps.forEach((step) =>\n      stepTest.call(this, state, step, rowData)\n    )\n  )\n  .then(() => state.onFinishScenario(scenario));",
              "err": {},
              "uuid": "df781531-f99a-4ffb-816c-5c6ef1397379",
              "parentUUID": "14eabf9e-24f3-46e2-8a4d-5ae7cd1e5261",
              "isHook": false,
              "skipped": false
            }
          ],
          "suites": [],
          "passes": [
            "54300545-693b-4202-980e-971878abfa45",
            "4d7846d6-8476-4621-848f-71e672d53a0a",
            "be0dd656-f40f-4e2e-aefd-dd12482e53bc",
            "0ffa6815-6341-4dd8-a6ae-7cfcad152b2e",
            "df781531-f99a-4ffb-816c-5c6ef1397379"
          ],
          "failures": [],
          "pending": [],
          "skipped": [],
          "duration": 11396,
          "root": false,
          "rootEmpty": false,
          "_timeout": 2000
        }
      ],
      "passes": [],
      "failures": [],
      "pending": [],
      "skipped": [],
      "duration": 0,
      "root": true,
      "rootEmpty": true,
      "_timeout": 2000
    }
  ],
  "meta": {
    "mocha": {
      "version": "7.0.1"
    },
    "mochawesome": {
      "options": {
        "quiet": false,
        "reportFilename": "mochawesome",
        "saveHtml": true,
        "saveJson": true,
        "consoleReporter": "spec",
        "useInlineDiffs": false,
        "code": true
      },
      "version": "7.1.3"
    },
    "marge": {
      "options": {
        "reportDir": "cypress/reports",
        "overwrite": false,
        "html": true,
        "json": true,
        "timestamp": "mmddyyyy_HHMMss"
      },
      "version": "6.2.0"
    }
  }
}