{
  "stats": {
    "suites": 1,
    "tests": 2,
    "passes": 2,
    "pending": 0,
    "failures": 0,
    "start": "2025-07-28T00:24:50.147Z",
    "end": "2025-07-28T00:24:57.398Z",
    "duration": 7251,
    "testsRegistered": 2,
    "passPercent": 100,
    "pendingPercent": 0,
    "other": 0,
    "hasOther": false,
    "skipped": 0,
    "hasSkipped": false
  },
  "results": [
    {
      "uuid": "7987be34-37ab-458c-989d-7ad588985036",
      "title": "",
      "fullFile": "cypress\\e2e\\cucumber\\Features\\HomePageTest.feature",
      "file": "cypress\\e2e\\cucumber\\Features\\HomePageTest.feature",
      "beforeHooks": [],
      "afterHooks": [],
      "tests": [],
      "suites": [
        {
          "uuid": "a63efb06-55cb-4680-8b34-74c5d462d2af",
          "title": "Homepage Functionality",
          "fullFile": "",
          "file": "",
          "beforeHooks": [],
          "afterHooks": [],
          "tests": [
            {
              "title": "User can access Login Page by click button Daftar/Masuk",
              "fullTitle": "Homepage Functionality User can access Login Page by click button Daftar/Masuk",
              "timedOut": null,
              "duration": 2030,
              "state": "passed",
              "speed": "fast",
              "pass": true,
              "fail": false,
              "pending": false,
              "context": null,
              "code": "const state = window.testState;\nreturn cy\n  .then(() => state.onStartScenario(scenario, indexedSteps))\n  .then(() =>\n    resolveAndRunBeforeHooks.call(this, scenario.tags, state.feature.name)\n  )\n  .then(() =>\n    indexedSteps.forEach((step) =>\n      stepTest.call(this, state, step, rowData)\n    )\n  )\n  .then(() => state.onFinishScenario(scenario));",
              "err": {},
              "uuid": "bac84995-c2c4-4eb9-a3d0-91e4fd32edb7",
              "parentUUID": "a63efb06-55cb-4680-8b34-74c5d462d2af",
              "isHook": false,
              "skipped": false
            },
            {
              "title": "User can access Daftar Kelas Premium List by navbar Kelas",
              "fullTitle": "Homepage Functionality User can access Daftar Kelas Premium List by navbar Kelas",
              "timedOut": null,
              "duration": 1452,
              "state": "passed",
              "speed": "fast",
              "pass": true,
              "fail": false,
              "pending": false,
              "context": null,
              "code": "const state = window.testState;\nreturn cy\n  .then(() => state.onStartScenario(scenario, indexedSteps))\n  .then(() =>\n    resolveAndRunBeforeHooks.call(this, scenario.tags, state.feature.name)\n  )\n  .then(() =>\n    indexedSteps.forEach((step) =>\n      stepTest.call(this, state, step, rowData)\n    )\n  )\n  .then(() => state.onFinishScenario(scenario));",
              "err": {},
              "uuid": "74c51aa9-6474-4a18-b76d-d138b66e3eb4",
              "parentUUID": "a63efb06-55cb-4680-8b34-74c5d462d2af",
              "isHook": false,
              "skipped": false
            }
          ],
          "suites": [],
          "passes": [
            "bac84995-c2c4-4eb9-a3d0-91e4fd32edb7",
            "74c51aa9-6474-4a18-b76d-d138b66e3eb4"
          ],
          "failures": [],
          "pending": [],
          "skipped": [],
          "duration": 3482,
          "root": false,
          "rootEmpty": false,
          "_timeout": 2000
        }
      ],
      "passes": [],
      "failures": [],
      "pending": [],
      "skipped": [],
      "duration": 0,
      "root": true,
      "rootEmpty": true,
      "_timeout": 2000
    }
  ],
  "meta": {
    "mocha": {
      "version": "7.0.1"
    },
    "mochawesome": {
      "options": {
        "quiet": false,
        "reportFilename": "mochawesome",
        "saveHtml": true,
        "saveJson": true,
        "consoleReporter": "spec",
        "useInlineDiffs": false,
        "code": true
      },
      "version": "7.1.3"
    },
    "marge": {
      "options": {
        "reportDir": "cypress/reports",
        "overwrite": false,
        "html": true,
        "json": true,
        "timestamp": "mmddyyyy_HHMMss"
      },
      "version": "6.2.0"
    }
  }
}