{
  "stats": {
    "suites": 1,
    "tests": 36,
    "passes": 36,
    "pending": 0,
    "failures": 0,
    "start": "2025-07-28T00:25:05.868Z",
    "end": "2025-07-28T00:27:52.599Z",
    "duration": 166731,
    "testsRegistered": 36,
    "passPercent": 100,
    "pendingPercent": 0,
    "other": 0,
    "hasOther": false,
    "skipped": 0,
    "hasSkipped": false
  },
  "results": [
    {
      "uuid": "a483157c-547c-4021-823c-1b69a9b25de0",
      "title": "",
      "fullFile": "cypress\\e2e\\cucumber\\Features\\JasaTest.feature",
      "file": "cypress\\e2e\\cucumber\\Features\\JasaTest.feature",
      "beforeHooks": [],
      "afterHooks": [],
      "tests": [],
      "suites": [
        {
          "uuid": "69ea677a-eb66-4cef-bab3-144a300ea0d2",
          "title": "Jasa Functionality",
          "fullFile": "",
          "file": "",
          "beforeHooks": [],
          "afterHooks": [],
          "tests": [
            {
              "title": "User is able to access Semua Jasa page by url",
              "fullTitle": "Jasa Functionality User is able to access Semua Jasa page by url",
              "timedOut": null,
              "duration": 1348,
              "state": "passed",
              "speed": "fast",
              "pass": true,
              "fail": false,
              "pending": false,
              "context": null,
              "code": "const state = window.testState;\nreturn cy\n  .then(() => state.onStartScenario(scenario, indexedSteps))\n  .then(() =>\n    resolveAndRunBeforeHooks.call(this, scenario.tags, state.feature.name)\n  )\n  .then(() =>\n    indexedSteps.forEach((step) =>\n      stepTest.call(this, state, step, rowData)\n    )\n  )\n  .then(() => state.onFinishScenario(scenario));",
              "err": {},
              "uuid": "98c41ca7-edcb-4e95-92ee-cf1b8a1db17b",
              "parentUUID": "69ea677a-eb66-4cef-bab3-144a300ea0d2",
              "isHook": false,
              "skipped": false
            },
            {
              "title": "User is able to click kontak admin MEA",
              "fullTitle": "Jasa Functionality User is able to click kontak admin MEA",
              "timedOut": null,
              "duration": 3796,
              "state": "passed",
              "speed": "fast",
              "pass": true,
              "fail": false,
              "pending": false,
              "context": null,
              "code": "const state = window.testState;\nreturn cy\n  .then(() => state.onStartScenario(scenario, indexedSteps))\n  .then(() =>\n    resolveAndRunBeforeHooks.call(this, scenario.tags, state.feature.name)\n  )\n  .then(() =>\n    indexedSteps.forEach((step) =>\n      stepTest.call(this, state, step, rowData)\n    )\n  )\n  .then(() => state.onFinishScenario(scenario));",
              "err": {},
              "uuid": "1d9b3412-a4e2-41ed-bfe8-6600f50df412",
              "parentUUID": "69ea677a-eb66-4cef-bab3-144a300ea0d2",
              "isHook": false,
              "skipped": false
            },
            {
              "title": "User is able to click marketplace management button",
              "fullTitle": "Jasa Functionality User is able to click marketplace management button",
              "timedOut": null,
              "duration": 3333,
              "state": "passed",
              "speed": "fast",
              "pass": true,
              "fail": false,
              "pending": false,
              "context": null,
              "code": "const state = window.testState;\nreturn cy\n  .then(() => state.onStartScenario(scenario, indexedSteps))\n  .then(() =>\n    resolveAndRunBeforeHooks.call(this, scenario.tags, state.feature.name)\n  )\n  .then(() =>\n    indexedSteps.forEach((step) =>\n      stepTest.call(this, state, step, rowData)\n    )\n  )\n  .then(() => state.onFinishScenario(scenario));",
              "err": {},
              "uuid": "5ba525c7-4818-4dff-96cb-5c4fc7018b86",
              "parentUUID": "69ea677a-eb66-4cef-bab3-144a300ea0d2",
              "isHook": false,
              "skipped": false
            },
            {
              "title": "User is able to click social media management button",
              "fullTitle": "Jasa Functionality User is able to click social media management button",
              "timedOut": null,
              "duration": 3582,
              "state": "passed",
              "speed": "fast",
              "pass": true,
              "fail": false,
              "pending": false,
              "context": null,
              "code": "const state = window.testState;\nreturn cy\n  .then(() => state.onStartScenario(scenario, indexedSteps))\n  .then(() =>\n    resolveAndRunBeforeHooks.call(this, scenario.tags, state.feature.name)\n  )\n  .then(() =>\n    indexedSteps.forEach((step) =>\n      stepTest.call(this, state, step, rowData)\n    )\n  )\n  .then(() => state.onFinishScenario(scenario));",
              "err": {},
              "uuid": "b91fdfc0-0e21-497f-b37c-41c7b4525c0b",
              "parentUUID": "69ea677a-eb66-4cef-bab3-144a300ea0d2",
              "isHook": false,
              "skipped": false
            },
            {
              "title": "User is able to click search engine marketing management",
              "fullTitle": "Jasa Functionality User is able to click search engine marketing management",
              "timedOut": null,
              "duration": 3784,
              "state": "passed",
              "speed": "fast",
              "pass": true,
              "fail": false,
              "pending": false,
              "context": null,
              "code": "const state = window.testState;\nreturn cy\n  .then(() => state.onStartScenario(scenario, indexedSteps))\n  .then(() =>\n    resolveAndRunBeforeHooks.call(this, scenario.tags, state.feature.name)\n  )\n  .then(() =>\n    indexedSteps.forEach((step) =>\n      stepTest.call(this, state, step, rowData)\n    )\n  )\n  .then(() => state.onFinishScenario(scenario));",
              "err": {},
              "uuid": "6d75190b-ef4c-49c9-a518-0feb3641c327",
              "parentUUID": "69ea677a-eb66-4cef-bab3-144a300ea0d2",
              "isHook": false,
              "skipped": false
            },
            {
              "title": "User is able to click email marketing management",
              "fullTitle": "Jasa Functionality User is able to click email marketing management",
              "timedOut": null,
              "duration": 4260,
              "state": "passed",
              "speed": "fast",
              "pass": true,
              "fail": false,
              "pending": false,
              "context": null,
              "code": "const state = window.testState;\nreturn cy\n  .then(() => state.onStartScenario(scenario, indexedSteps))\n  .then(() =>\n    resolveAndRunBeforeHooks.call(this, scenario.tags, state.feature.name)\n  )\n  .then(() =>\n    indexedSteps.forEach((step) =>\n      stepTest.call(this, state, step, rowData)\n    )\n  )\n  .then(() => state.onFinishScenario(scenario));",
              "err": {},
              "uuid": "def71b9c-25a9-49ee-a2c8-f80f6f1cb436",
              "parentUUID": "69ea677a-eb66-4cef-bab3-144a300ea0d2",
              "isHook": false,
              "skipped": false
            },
            {
              "title": "User is able to click fotografi dan video produk",
              "fullTitle": "Jasa Functionality User is able to click fotografi dan video produk",
              "timedOut": null,
              "duration": 4811,
              "state": "passed",
              "speed": "fast",
              "pass": true,
              "fail": false,
              "pending": false,
              "context": null,
              "code": "const state = window.testState;\nreturn cy\n  .then(() => state.onStartScenario(scenario, indexedSteps))\n  .then(() =>\n    resolveAndRunBeforeHooks.call(this, scenario.tags, state.feature.name)\n  )\n  .then(() =>\n    indexedSteps.forEach((step) =>\n      stepTest.call(this, state, step, rowData)\n    )\n  )\n  .then(() => state.onFinishScenario(scenario));",
              "err": {},
              "uuid": "b3a83dc8-6dd6-46d1-9712-ce7f2dc76b54",
              "parentUUID": "69ea677a-eb66-4cef-bab3-144a300ea0d2",
              "isHook": false,
              "skipped": false
            },
            {
              "title": "User is able to click Webinar",
              "fullTitle": "Jasa Functionality User is able to click Webinar",
              "timedOut": null,
              "duration": 5292,
              "state": "passed",
              "speed": "medium",
              "pass": true,
              "fail": false,
              "pending": false,
              "context": null,
              "code": "const state = window.testState;\nreturn cy\n  .then(() => state.onStartScenario(scenario, indexedSteps))\n  .then(() =>\n    resolveAndRunBeforeHooks.call(this, scenario.tags, state.feature.name)\n  )\n  .then(() =>\n    indexedSteps.forEach((step) =>\n      stepTest.call(this, state, step, rowData)\n    )\n  )\n  .then(() => state.onFinishScenario(scenario));",
              "err": {},
              "uuid": "8791391f-982b-42af-ac9e-cda6801296ca",
              "parentUUID": "69ea677a-eb66-4cef-bab3-144a300ea0d2",
              "isHook": false,
              "skipped": false
            },
            {
              "title": "User is able to click Training & Coaching",
              "fullTitle": "Jasa Functionality User is able to click Training & Coaching",
              "timedOut": null,
              "duration": 4913,
              "state": "passed",
              "speed": "fast",
              "pass": true,
              "fail": false,
              "pending": false,
              "context": null,
              "code": "const state = window.testState;\nreturn cy\n  .then(() => state.onStartScenario(scenario, indexedSteps))\n  .then(() =>\n    resolveAndRunBeforeHooks.call(this, scenario.tags, state.feature.name)\n  )\n  .then(() =>\n    indexedSteps.forEach((step) =>\n      stepTest.call(this, state, step, rowData)\n    )\n  )\n  .then(() => state.onFinishScenario(scenario));",
              "err": {},
              "uuid": "189fa2e3-1aa4-494c-80fa-cee526c3a9d4",
              "parentUUID": "69ea677a-eb66-4cef-bab3-144a300ea0d2",
              "isHook": false,
              "skipped": false
            },
            {
              "title": "User is able to access Tentang Jasa Management Marketplace by url",
              "fullTitle": "Jasa Functionality User is able to access Tentang Jasa Management Marketplace by url",
              "timedOut": null,
              "duration": 1352,
              "state": "passed",
              "speed": "fast",
              "pass": true,
              "fail": false,
              "pending": false,
              "context": null,
              "code": "const state = window.testState;\nreturn cy\n  .then(() => state.onStartScenario(scenario, indexedSteps))\n  .then(() =>\n    resolveAndRunBeforeHooks.call(this, scenario.tags, state.feature.name)\n  )\n  .then(() =>\n    indexedSteps.forEach((step) =>\n      stepTest.call(this, state, step, rowData)\n    )\n  )\n  .then(() => state.onFinishScenario(scenario));",
              "err": {},
              "uuid": "2727ca44-467e-479e-99fd-6fadf5beacb4",
              "parentUUID": "69ea677a-eb66-4cef-bab3-144a300ea0d2",
              "isHook": false,
              "skipped": false
            },
            {
              "title": "User is able to click paket pak encep in Tentang Jasa Management Marketplace page",
              "fullTitle": "Jasa Functionality User is able to click paket pak encep in Tentang Jasa Management Marketplace page",
              "timedOut": null,
              "duration": 4579,
              "state": "passed",
              "speed": "fast",
              "pass": true,
              "fail": false,
              "pending": false,
              "context": null,
              "code": "const state = window.testState;\nreturn cy\n  .then(() => state.onStartScenario(scenario, indexedSteps))\n  .then(() =>\n    resolveAndRunBeforeHooks.call(this, scenario.tags, state.feature.name)\n  )\n  .then(() =>\n    indexedSteps.forEach((step) =>\n      stepTest.call(this, state, step, rowData)\n    )\n  )\n  .then(() => state.onFinishScenario(scenario));",
              "err": {},
              "uuid": "14a7e292-b4d4-438b-93a0-5b916a6f0a5d",
              "parentUUID": "69ea677a-eb66-4cef-bab3-144a300ea0d2",
              "isHook": false,
              "skipped": false
            },
            {
              "title": "User is able to click paket pak rosidi in Tentang Jasa Management Marketplace page",
              "fullTitle": "Jasa Functionality User is able to click paket pak rosidi in Tentang Jasa Management Marketplace page",
              "timedOut": null,
              "duration": 3810,
              "state": "passed",
              "speed": "fast",
              "pass": true,
              "fail": false,
              "pending": false,
              "context": null,
              "code": "const state = window.testState;\nreturn cy\n  .then(() => state.onStartScenario(scenario, indexedSteps))\n  .then(() =>\n    resolveAndRunBeforeHooks.call(this, scenario.tags, state.feature.name)\n  )\n  .then(() =>\n    indexedSteps.forEach((step) =>\n      stepTest.call(this, state, step, rowData)\n    )\n  )\n  .then(() => state.onFinishScenario(scenario));",
              "err": {},
              "uuid": "7e08d21a-7829-4339-a68a-d31f3d9cd354",
              "parentUUID": "69ea677a-eb66-4cef-bab3-144a300ea0d2",
              "isHook": false,
              "skipped": false
            },
            {
              "title": "User is able to click paket pak odang in Tentang Jasa Management Marketplace page",
              "fullTitle": "Jasa Functionality User is able to click paket pak odang in Tentang Jasa Management Marketplace page",
              "timedOut": null,
              "duration": 4085,
              "state": "passed",
              "speed": "fast",
              "pass": true,
              "fail": false,
              "pending": false,
              "context": null,
              "code": "const state = window.testState;\nreturn cy\n  .then(() => state.onStartScenario(scenario, indexedSteps))\n  .then(() =>\n    resolveAndRunBeforeHooks.call(this, scenario.tags, state.feature.name)\n  )\n  .then(() =>\n    indexedSteps.forEach((step) =>\n      stepTest.call(this, state, step, rowData)\n    )\n  )\n  .then(() => state.onFinishScenario(scenario));",
              "err": {},
              "uuid": "081a5248-e8ad-4814-906b-fefac85393ca",
              "parentUUID": "69ea677a-eb66-4cef-bab3-144a300ea0d2",
              "isHook": false,
              "skipped": false
            },
            {
              "title": "User is able to click paket pak untung in Tentang Jasa Management Marketplace page",
              "fullTitle": "Jasa Functionality User is able to click paket pak untung in Tentang Jasa Management Marketplace page",
              "timedOut": null,
              "duration": 4265,
              "state": "passed",
              "speed": "fast",
              "pass": true,
              "fail": false,
              "pending": false,
              "context": null,
              "code": "const state = window.testState;\nreturn cy\n  .then(() => state.onStartScenario(scenario, indexedSteps))\n  .then(() =>\n    resolveAndRunBeforeHooks.call(this, scenario.tags, state.feature.name)\n  )\n  .then(() =>\n    indexedSteps.forEach((step) =>\n      stepTest.call(this, state, step, rowData)\n    )\n  )\n  .then(() => state.onFinishScenario(scenario));",
              "err": {},
              "uuid": "d7f324f8-0377-4501-88ef-c7d0ccb237f0",
              "parentUUID": "69ea677a-eb66-4cef-bab3-144a300ea0d2",
              "isHook": false,
              "skipped": false
            },
            {
              "title": "User is able to access Pilihan Jasa Management by url",
              "fullTitle": "Jasa Functionality User is able to access Pilihan Jasa Management by url",
              "timedOut": null,
              "duration": 968,
              "state": "passed",
              "speed": "fast",
              "pass": true,
              "fail": false,
              "pending": false,
              "context": null,
              "code": "const state = window.testState;\nreturn cy\n  .then(() => state.onStartScenario(scenario, indexedSteps))\n  .then(() =>\n    resolveAndRunBeforeHooks.call(this, scenario.tags, state.feature.name)\n  )\n  .then(() =>\n    indexedSteps.forEach((step) =>\n      stepTest.call(this, state, step, rowData)\n    )\n  )\n  .then(() => state.onFinishScenario(scenario));",
              "err": {},
              "uuid": "ca228809-57fc-4684-b30d-f8820759a758",
              "parentUUID": "69ea677a-eb66-4cef-bab3-144a300ea0d2",
              "isHook": false,
              "skipped": false
            },
            {
              "title": "User is able to click some service in Pilihan Jasa Management Marketplace page (example #1)",
              "fullTitle": "Jasa Functionality User is able to click some service in Pilihan Jasa Management Marketplace page (example #1)",
              "timedOut": null,
              "duration": 8559,
              "state": "passed",
              "speed": "medium",
              "pass": true,
              "fail": false,
              "pending": false,
              "context": null,
              "code": "const state = window.testState;\nreturn cy\n  .then(() => state.onStartScenario(scenario, indexedSteps))\n  .then(() =>\n    resolveAndRunBeforeHooks.call(this, scenario.tags, state.feature.name)\n  )\n  .then(() =>\n    indexedSteps.forEach((step) =>\n      stepTest.call(this, state, step, rowData)\n    )\n  )\n  .then(() => state.onFinishScenario(scenario));",
              "err": {},
              "uuid": "c99275d9-c649-46e8-8ca9-d5ca7f68feca",
              "parentUUID": "69ea677a-eb66-4cef-bab3-144a300ea0d2",
              "isHook": false,
              "skipped": false
            },
            {
              "title": "User is able to click some service in Pilihan Jasa Management Marketplace page (example #2)",
              "fullTitle": "Jasa Functionality User is able to click some service in Pilihan Jasa Management Marketplace page (example #2)",
              "timedOut": null,
              "duration": 7854,
              "state": "passed",
              "speed": "medium",
              "pass": true,
              "fail": false,
              "pending": false,
              "context": null,
              "code": "const state = window.testState;\nreturn cy\n  .then(() => state.onStartScenario(scenario, indexedSteps))\n  .then(() =>\n    resolveAndRunBeforeHooks.call(this, scenario.tags, state.feature.name)\n  )\n  .then(() =>\n    indexedSteps.forEach((step) =>\n      stepTest.call(this, state, step, rowData)\n    )\n  )\n  .then(() => state.onFinishScenario(scenario));",
              "err": {},
              "uuid": "88f379cb-75c9-45db-abc5-b832a06ca4ee",
              "parentUUID": "69ea677a-eb66-4cef-bab3-144a300ea0d2",
              "isHook": false,
              "skipped": false
            },
            {
              "title": "User is able to access Tentang jasa Socmed by url",
              "fullTitle": "Jasa Functionality User is able to access Tentang jasa Socmed by url",
              "timedOut": null,
              "duration": 1391,
              "state": "passed",
              "speed": "fast",
              "pass": true,
              "fail": false,
              "pending": false,
              "context": null,
              "code": "const state = window.testState;\nreturn cy\n  .then(() => state.onStartScenario(scenario, indexedSteps))\n  .then(() =>\n    resolveAndRunBeforeHooks.call(this, scenario.tags, state.feature.name)\n  )\n  .then(() =>\n    indexedSteps.forEach((step) =>\n      stepTest.call(this, state, step, rowData)\n    )\n  )\n  .then(() => state.onFinishScenario(scenario));",
              "err": {},
              "uuid": "1e784f7e-58dc-424c-a7c6-cc65da80aa7b",
              "parentUUID": "69ea677a-eb66-4cef-bab3-144a300ea0d2",
              "isHook": false,
              "skipped": false
            },
            {
              "title": "User is able to click paket bu lastri in Tentang Jasa Management Socmed page",
              "fullTitle": "Jasa Functionality User is able to click paket bu lastri in Tentang Jasa Management Socmed page",
              "timedOut": null,
              "duration": 3833,
              "state": "passed",
              "speed": "fast",
              "pass": true,
              "fail": false,
              "pending": false,
              "context": null,
              "code": "const state = window.testState;\nreturn cy\n  .then(() => state.onStartScenario(scenario, indexedSteps))\n  .then(() =>\n    resolveAndRunBeforeHooks.call(this, scenario.tags, state.feature.name)\n  )\n  .then(() =>\n    indexedSteps.forEach((step) =>\n      stepTest.call(this, state, step, rowData)\n    )\n  )\n  .then(() => state.onFinishScenario(scenario));",
              "err": {},
              "uuid": "ab5c1d44-618d-4a66-92ac-7bf477a335ec",
              "parentUUID": "69ea677a-eb66-4cef-bab3-144a300ea0d2",
              "isHook": false,
              "skipped": false
            },
            {
              "title": "User is able to click paket bu lastri plus in Tentang Jasa Management Socmed page",
              "fullTitle": "Jasa Functionality User is able to click paket bu lastri plus in Tentang Jasa Management Socmed page",
              "timedOut": null,
              "duration": 3481,
              "state": "passed",
              "speed": "fast",
              "pass": true,
              "fail": false,
              "pending": false,
              "context": null,
              "code": "const state = window.testState;\nreturn cy\n  .then(() => state.onStartScenario(scenario, indexedSteps))\n  .then(() =>\n    resolveAndRunBeforeHooks.call(this, scenario.tags, state.feature.name)\n  )\n  .then(() =>\n    indexedSteps.forEach((step) =>\n      stepTest.call(this, state, step, rowData)\n    )\n  )\n  .then(() => state.onFinishScenario(scenario));",
              "err": {},
              "uuid": "03efa00e-8cd3-4468-ac42-7a730920fba3",
              "parentUUID": "69ea677a-eb66-4cef-bab3-144a300ea0d2",
              "isHook": false,
              "skipped": false
            },
            {
              "title": "User is able to click paket bu sisil in Tentang Jasa Management Socmed page",
              "fullTitle": "Jasa Functionality User is able to click paket bu sisil in Tentang Jasa Management Socmed page",
              "timedOut": null,
              "duration": 3462,
              "state": "passed",
              "speed": "fast",
              "pass": true,
              "fail": false,
              "pending": false,
              "context": null,
              "code": "const state = window.testState;\nreturn cy\n  .then(() => state.onStartScenario(scenario, indexedSteps))\n  .then(() =>\n    resolveAndRunBeforeHooks.call(this, scenario.tags, state.feature.name)\n  )\n  .then(() =>\n    indexedSteps.forEach((step) =>\n      stepTest.call(this, state, step, rowData)\n    )\n  )\n  .then(() => state.onFinishScenario(scenario));",
              "err": {},
              "uuid": "4e066016-8761-4396-90c5-804b2bc4dc49",
              "parentUUID": "69ea677a-eb66-4cef-bab3-144a300ea0d2",
              "isHook": false,
              "skipped": false
            },
            {
              "title": "User is able to access Tentang Jasa Tiktok Shop by url",
              "fullTitle": "Jasa Functionality User is able to access Tentang Jasa Tiktok Shop by url",
              "timedOut": null,
              "duration": 1395,
              "state": "passed",
              "speed": "fast",
              "pass": true,
              "fail": false,
              "pending": false,
              "context": null,
              "code": "const state = window.testState;\nreturn cy\n  .then(() => state.onStartScenario(scenario, indexedSteps))\n  .then(() =>\n    resolveAndRunBeforeHooks.call(this, scenario.tags, state.feature.name)\n  )\n  .then(() =>\n    indexedSteps.forEach((step) =>\n      stepTest.call(this, state, step, rowData)\n    )\n  )\n  .then(() => state.onFinishScenario(scenario));",
              "err": {},
              "uuid": "0c9464f7-f523-46d4-906a-8a646e261f8d",
              "parentUUID": "69ea677a-eb66-4cef-bab3-144a300ea0d2",
              "isHook": false,
              "skipped": false
            },
            {
              "title": "User is able to click paket bu lastri in Tentang Jasa Tiktok Shop page",
              "fullTitle": "Jasa Functionality User is able to click paket bu lastri in Tentang Jasa Tiktok Shop page",
              "timedOut": null,
              "duration": 3817,
              "state": "passed",
              "speed": "fast",
              "pass": true,
              "fail": false,
              "pending": false,
              "context": null,
              "code": "const state = window.testState;\nreturn cy\n  .then(() => state.onStartScenario(scenario, indexedSteps))\n  .then(() =>\n    resolveAndRunBeforeHooks.call(this, scenario.tags, state.feature.name)\n  )\n  .then(() =>\n    indexedSteps.forEach((step) =>\n      stepTest.call(this, state, step, rowData)\n    )\n  )\n  .then(() => state.onFinishScenario(scenario));",
              "err": {},
              "uuid": "96274407-5dc4-44c5-afe5-ad5909408bb3",
              "parentUUID": "69ea677a-eb66-4cef-bab3-144a300ea0d2",
              "isHook": false,
              "skipped": false
            },
            {
              "title": "User is able to click paket bu lastri plus in Tentang Jasa Management Socmed page",
              "fullTitle": "Jasa Functionality User is able to click paket bu lastri plus in Tentang Jasa Management Socmed page",
              "timedOut": null,
              "duration": 3411,
              "state": "passed",
              "speed": "fast",
              "pass": true,
              "fail": false,
              "pending": false,
              "context": null,
              "code": "const state = window.testState;\nreturn cy\n  .then(() => state.onStartScenario(scenario, indexedSteps))\n  .then(() =>\n    resolveAndRunBeforeHooks.call(this, scenario.tags, state.feature.name)\n  )\n  .then(() =>\n    indexedSteps.forEach((step) =>\n      stepTest.call(this, state, step, rowData)\n    )\n  )\n  .then(() => state.onFinishScenario(scenario));",
              "err": {},
              "uuid": "3c544d9c-1031-4958-9195-e40952197f5f",
              "parentUUID": "69ea677a-eb66-4cef-bab3-144a300ea0d2",
              "isHook": false,
              "skipped": false
            },
            {
              "title": "User is able to click paket bu sisil in Tentang Jasa Management Socmed page",
              "fullTitle": "Jasa Functionality User is able to click paket bu sisil in Tentang Jasa Management Socmed page",
              "timedOut": null,
              "duration": 3540,
              "state": "passed",
              "speed": "fast",
              "pass": true,
              "fail": false,
              "pending": false,
              "context": null,
              "code": "const state = window.testState;\nreturn cy\n  .then(() => state.onStartScenario(scenario, indexedSteps))\n  .then(() =>\n    resolveAndRunBeforeHooks.call(this, scenario.tags, state.feature.name)\n  )\n  .then(() =>\n    indexedSteps.forEach((step) =>\n      stepTest.call(this, state, step, rowData)\n    )\n  )\n  .then(() => state.onFinishScenario(scenario));",
              "err": {},
              "uuid": "571b44d9-ea52-4058-89ff-c6754d4bbaee",
              "parentUUID": "69ea677a-eb66-4cef-bab3-144a300ea0d2",
              "isHook": false,
              "skipped": false
            },
            {
              "title": "User in able to access Pilihan jasa Socmed by url",
              "fullTitle": "Jasa Functionality User in able to access Pilihan jasa Socmed by url",
              "timedOut": null,
              "duration": 1493,
              "state": "passed",
              "speed": "fast",
              "pass": true,
              "fail": false,
              "pending": false,
              "context": null,
              "code": "const state = window.testState;\nreturn cy\n  .then(() => state.onStartScenario(scenario, indexedSteps))\n  .then(() =>\n    resolveAndRunBeforeHooks.call(this, scenario.tags, state.feature.name)\n  )\n  .then(() =>\n    indexedSteps.forEach((step) =>\n      stepTest.call(this, state, step, rowData)\n    )\n  )\n  .then(() => state.onFinishScenario(scenario));",
              "err": {},
              "uuid": "c1335d5e-2c9e-4321-89f1-28284d0f4cee",
              "parentUUID": "69ea677a-eb66-4cef-bab3-144a300ea0d2",
              "isHook": false,
              "skipped": false
            },
            {
              "title": "User click some service in Pilihan Jasa Management Social Media page (example #1)",
              "fullTitle": "Jasa Functionality User click some service in Pilihan Jasa Management Social Media page (example #1)",
              "timedOut": null,
              "duration": 9639,
              "state": "passed",
              "speed": "medium",
              "pass": true,
              "fail": false,
              "pending": false,
              "context": null,
              "code": "const state = window.testState;\nreturn cy\n  .then(() => state.onStartScenario(scenario, indexedSteps))\n  .then(() =>\n    resolveAndRunBeforeHooks.call(this, scenario.tags, state.feature.name)\n  )\n  .then(() =>\n    indexedSteps.forEach((step) =>\n      stepTest.call(this, state, step, rowData)\n    )\n  )\n  .then(() => state.onFinishScenario(scenario));",
              "err": {},
              "uuid": "cf6fbd9d-bfdb-416d-8042-bf0d08fbc148",
              "parentUUID": "69ea677a-eb66-4cef-bab3-144a300ea0d2",
              "isHook": false,
              "skipped": false
            },
            {
              "title": "User click some service in Pilihan Jasa Management Social Media page (example #2)",
              "fullTitle": "Jasa Functionality User click some service in Pilihan Jasa Management Social Media page (example #2)",
              "timedOut": null,
              "duration": 9291,
              "state": "passed",
              "speed": "medium",
              "pass": true,
              "fail": false,
              "pending": false,
              "context": null,
              "code": "const state = window.testState;\nreturn cy\n  .then(() => state.onStartScenario(scenario, indexedSteps))\n  .then(() =>\n    resolveAndRunBeforeHooks.call(this, scenario.tags, state.feature.name)\n  )\n  .then(() =>\n    indexedSteps.forEach((step) =>\n      stepTest.call(this, state, step, rowData)\n    )\n  )\n  .then(() => state.onFinishScenario(scenario));",
              "err": {},
              "uuid": "2b39cb19-98ef-4c3a-9246-23139148e312",
              "parentUUID": "69ea677a-eb66-4cef-bab3-144a300ea0d2",
              "isHook": false,
              "skipped": false
            },
            {
              "title": "User click some service in Pilihan Jasa Management Social Media page (example #3)",
              "fullTitle": "Jasa Functionality User click some service in Pilihan Jasa Management Social Media page (example #3)",
              "timedOut": null,
              "duration": 8740,
              "state": "passed",
              "speed": "medium",
              "pass": true,
              "fail": false,
              "pending": false,
              "context": null,
              "code": "const state = window.testState;\nreturn cy\n  .then(() => state.onStartScenario(scenario, indexedSteps))\n  .then(() =>\n    resolveAndRunBeforeHooks.call(this, scenario.tags, state.feature.name)\n  )\n  .then(() =>\n    indexedSteps.forEach((step) =>\n      stepTest.call(this, state, step, rowData)\n    )\n  )\n  .then(() => state.onFinishScenario(scenario));",
              "err": {},
              "uuid": "aec41c8d-714b-4da1-8c74-b7f4db00571d",
              "parentUUID": "69ea677a-eb66-4cef-bab3-144a300ea0d2",
              "isHook": false,
              "skipped": false
            },
            {
              "title": "User is able to access Training and Coaching page by url",
              "fullTitle": "Jasa Functionality User is able to access Training and Coaching page by url",
              "timedOut": null,
              "duration": 1529,
              "state": "passed",
              "speed": "fast",
              "pass": true,
              "fail": false,
              "pending": false,
              "context": null,
              "code": "const state = window.testState;\nreturn cy\n  .then(() => state.onStartScenario(scenario, indexedSteps))\n  .then(() =>\n    resolveAndRunBeforeHooks.call(this, scenario.tags, state.feature.name)\n  )\n  .then(() =>\n    indexedSteps.forEach((step) =>\n      stepTest.call(this, state, step, rowData)\n    )\n  )\n  .then(() => state.onFinishScenario(scenario));",
              "err": {},
              "uuid": "3d11ad14-d3ce-4987-a630-150fe0543054",
              "parentUUID": "69ea677a-eb66-4cef-bab3-144a300ea0d2",
              "isHook": false,
              "skipped": false
            },
            {
              "title": "User click Training & Coaching service in Training & Coaching page (example #1)",
              "fullTitle": "Jasa Functionality User click Training & Coaching service in Training & Coaching page (example #1)",
              "timedOut": null,
              "duration": 6968,
              "state": "passed",
              "speed": "medium",
              "pass": true,
              "fail": false,
              "pending": false,
              "context": null,
              "code": "const state = window.testState;\nreturn cy\n  .then(() => state.onStartScenario(scenario, indexedSteps))\n  .then(() =>\n    resolveAndRunBeforeHooks.call(this, scenario.tags, state.feature.name)\n  )\n  .then(() =>\n    indexedSteps.forEach((step) =>\n      stepTest.call(this, state, step, rowData)\n    )\n  )\n  .then(() => state.onFinishScenario(scenario));",
              "err": {},
              "uuid": "323c69e6-d775-4849-bcfe-5f33d29c0f62",
              "parentUUID": "69ea677a-eb66-4cef-bab3-144a300ea0d2",
              "isHook": false,
              "skipped": false
            },
            {
              "title": "User is able to access course checkout page by url",
              "fullTitle": "Jasa Functionality User is able to access course checkout page by url",
              "timedOut": null,
              "duration": 5868,
              "state": "passed",
              "speed": "medium",
              "pass": true,
              "fail": false,
              "pending": false,
              "context": null,
              "code": "const state = window.testState;\nreturn cy\n  .then(() => state.onStartScenario(scenario, indexedSteps))\n  .then(() =>\n    resolveAndRunBeforeHooks.call(this, scenario.tags, state.feature.name)\n  )\n  .then(() =>\n    indexedSteps.forEach((step) =>\n      stepTest.call(this, state, step, rowData)\n    )\n  )\n  .then(() => state.onFinishScenario(scenario));",
              "err": {},
              "uuid": "67683321-c02f-4a51-a173-842fed15e9f5",
              "parentUUID": "69ea677a-eb66-4cef-bab3-144a300ea0d2",
              "isHook": false,
              "skipped": false
            },
            {
              "title": "User cannot access Jasa checkout page when user not logged in",
              "fullTitle": "Jasa Functionality User cannot access Jasa checkout page when user not logged in",
              "timedOut": null,
              "duration": 3103,
              "state": "passed",
              "speed": "fast",
              "pass": true,
              "fail": false,
              "pending": false,
              "context": null,
              "code": "const state = window.testState;\nreturn cy\n  .then(() => state.onStartScenario(scenario, indexedSteps))\n  .then(() =>\n    resolveAndRunBeforeHooks.call(this, scenario.tags, state.feature.name)\n  )\n  .then(() =>\n    indexedSteps.forEach((step) =>\n      stepTest.call(this, state, step, rowData)\n    )\n  )\n  .then(() => state.onFinishScenario(scenario));",
              "err": {},
              "uuid": "bac51751-102c-438b-b410-307fe2ba4357",
              "parentUUID": "69ea677a-eb66-4cef-bab3-144a300ea0d2",
              "isHook": false,
              "skipped": false
            },
            {
              "title": "User cannot access checkout page by url when user not logged in",
              "fullTitle": "Jasa Functionality User cannot access checkout page by url when user not logged in",
              "timedOut": null,
              "duration": 1113,
              "state": "passed",
              "speed": "fast",
              "pass": true,
              "fail": false,
              "pending": false,
              "context": null,
              "code": "const state = window.testState;\nreturn cy\n  .then(() => state.onStartScenario(scenario, indexedSteps))\n  .then(() =>\n    resolveAndRunBeforeHooks.call(this, scenario.tags, state.feature.name)\n  )\n  .then(() =>\n    indexedSteps.forEach((step) =>\n      stepTest.call(this, state, step, rowData)\n    )\n  )\n  .then(() => state.onFinishScenario(scenario));",
              "err": {},
              "uuid": "5180039f-d680-4f63-ace2-fc1db733e973",
              "parentUUID": "69ea677a-eb66-4cef-bab3-144a300ea0d2",
              "isHook": false,
              "skipped": false
            },
            {
              "title": "User able to confirm Jasa confirmation modal box message",
              "fullTitle": "Jasa Functionality User able to confirm Jasa confirmation modal box message",
              "timedOut": null,
              "duration": 6710,
              "state": "passed",
              "speed": "medium",
              "pass": true,
              "fail": false,
              "pending": false,
              "context": null,
              "code": "const state = window.testState;\nreturn cy\n  .then(() => state.onStartScenario(scenario, indexedSteps))\n  .then(() =>\n    resolveAndRunBeforeHooks.call(this, scenario.tags, state.feature.name)\n  )\n  .then(() =>\n    indexedSteps.forEach((step) =>\n      stepTest.call(this, state, step, rowData)\n    )\n  )\n  .then(() => state.onFinishScenario(scenario));",
              "err": {},
              "uuid": "47015148-ad8a-4f69-b73c-0de53dda221e",
              "parentUUID": "69ea677a-eb66-4cef-bab3-144a300ea0d2",
              "isHook": false,
              "skipped": false
            },
            {
              "title": "User able to checkout Jasa Service",
              "fullTitle": "Jasa Functionality User able to checkout Jasa Service",
              "timedOut": null,
              "duration": 8924,
              "state": "passed",
              "speed": "medium",
              "pass": true,
              "fail": false,
              "pending": false,
              "context": null,
              "code": "const state = window.testState;\nreturn cy\n  .then(() => state.onStartScenario(scenario, indexedSteps))\n  .then(() =>\n    resolveAndRunBeforeHooks.call(this, scenario.tags, state.feature.name)\n  )\n  .then(() =>\n    indexedSteps.forEach((step) =>\n      stepTest.call(this, state, step, rowData)\n    )\n  )\n  .then(() => state.onFinishScenario(scenario));",
              "err": {},
              "uuid": "814b56cd-2c14-462d-8d8c-7d0920342108",
              "parentUUID": "69ea677a-eb66-4cef-bab3-144a300ea0d2",
              "isHook": false,
              "skipped": false
            }
          ],
          "suites": [],
          "passes": [
            "98c41ca7-edcb-4e95-92ee-cf1b8a1db17b",
            "1d9b3412-a4e2-41ed-bfe8-6600f50df412",
            "5ba525c7-4818-4dff-96cb-5c4fc7018b86",
            "b91fdfc0-0e21-497f-b37c-41c7b4525c0b",
            "6d75190b-ef4c-49c9-a518-0feb3641c327",
            "def71b9c-25a9-49ee-a2c8-f80f6f1cb436",
            "b3a83dc8-6dd6-46d1-9712-ce7f2dc76b54",
            "8791391f-982b-42af-ac9e-cda6801296ca",
            "189fa2e3-1aa4-494c-80fa-cee526c3a9d4",
            "2727ca44-467e-479e-99fd-6fadf5beacb4",
            "14a7e292-b4d4-438b-93a0-5b916a6f0a5d",
            "7e08d21a-7829-4339-a68a-d31f3d9cd354",
            "081a5248-e8ad-4814-906b-fefac85393ca",
            "d7f324f8-0377-4501-88ef-c7d0ccb237f0",
            "ca228809-57fc-4684-b30d-f8820759a758",
            "c99275d9-c649-46e8-8ca9-d5ca7f68feca",
            "88f379cb-75c9-45db-abc5-b832a06ca4ee",
            "1e784f7e-58dc-424c-a7c6-cc65da80aa7b",
            "ab5c1d44-618d-4a66-92ac-7bf477a335ec",
            "03efa00e-8cd3-4468-ac42-7a730920fba3",
            "4e066016-8761-4396-90c5-804b2bc4dc49",
            "0c9464f7-f523-46d4-906a-8a646e261f8d",
            "96274407-5dc4-44c5-afe5-ad5909408bb3",
            "3c544d9c-1031-4958-9195-e40952197f5f",
            "571b44d9-ea52-4058-89ff-c6754d4bbaee",
            "c1335d5e-2c9e-4321-89f1-28284d0f4cee",
            "cf6fbd9d-bfdb-416d-8042-bf0d08fbc148",
            "2b39cb19-98ef-4c3a-9246-23139148e312",
            "aec41c8d-714b-4da1-8c74-b7f4db00571d",
            "3d11ad14-d3ce-4987-a630-150fe0543054",
            "323c69e6-d775-4849-bcfe-5f33d29c0f62",
            "67683321-c02f-4a51-a173-842fed15e9f5",
            "bac51751-102c-438b-b410-307fe2ba4357",
            "5180039f-d680-4f63-ace2-fc1db733e973",
            "47015148-ad8a-4f69-b73c-0de53dda221e",
            "814b56cd-2c14-462d-8d8c-7d0920342108"
          ],
          "failures": [],
          "pending": [],
          "skipped": [],
          "duration": 158299,
          "root": false,
          "rootEmpty": false,
          "_timeout": 2000
        }
      ],
      "passes": [],
      "failures": [],
      "pending": [],
      "skipped": [],
      "duration": 0,
      "root": true,
      "rootEmpty": true,
      "_timeout": 2000
    }
  ],
  "meta": {
    "mocha": {
      "version": "7.0.1"
    },
    "mochawesome": {
      "options": {
        "quiet": false,
        "reportFilename": "mochawesome",
        "saveHtml": true,
        "saveJson": true,
        "consoleReporter": "spec",
        "useInlineDiffs": false,
        "code": true
      },
      "version": "7.1.3"
    },
    "marge": {
      "options": {
        "reportDir": "cypress/reports",
        "overwrite": false,
        "html": true,
        "json": true,
        "timestamp": "mmddyyyy_HHMMss"
      },
      "version": "6.2.0"
    }
  }
}