{
  "stats": {
    "suites": 1,
    "tests": 32,
    "passes": 32,
    "pending": 0,
    "failures": 0,
    "start": "2025-07-28T00:37:04.236Z",
    "end": "2025-07-28T00:40:43.369Z",
    "duration": 219133,
    "testsRegistered": 32,
    "passPercent": 100,
    "pendingPercent": 0,
    "other": 0,
    "hasOther": false,
    "skipped": 0,
    "hasSkipped": false
  },
  "results": [
    {
      "uuid": "295b5b4d-dece-4f1e-8c94-5fb31fb56d43",
      "title": "",
      "fullFile": "cypress\\e2e\\cucumber\\Features\\KelasTest.feature",
      "file": "cypress\\e2e\\cucumber\\Features\\KelasTest.feature",
      "beforeHooks": [],
      "afterHooks": [],
      "tests": [],
      "suites": [
        {
          "uuid": "e587c3c6-3ab9-475f-bb50-ec57002cd28d",
          "title": "Kelas Functionality",
          "fullFile": "",
          "file": "",
          "beforeHooks": [],
          "afterHooks": [],
          "tests": [
            {
              "title": "User is able to access Shopee Premium LP by url",
              "fullTitle": "Kelas Functionality User is able to access Shopee Premium LP by url",
              "timedOut": null,
              "duration": 1174,
              "state": "passed",
              "speed": "fast",
              "pass": true,
              "fail": false,
              "pending": false,
              "context": null,
              "code": "const state = window.testState;\nreturn cy\n  .then(() => state.onStartScenario(scenario, indexedSteps))\n  .then(() =>\n    resolveAndRunBeforeHooks.call(this, scenario.tags, state.feature.name)\n  )\n  .then(() =>\n    indexedSteps.forEach((step) =>\n      stepTest.call(this, state, step, rowData)\n    )\n  )\n  .then(() => state.onFinishScenario(scenario));",
              "err": {},
              "uuid": "24a11e9a-42e0-4711-a070-67b9a5883125",
              "parentUUID": "e587c3c6-3ab9-475f-bb50-ec57002cd28d",
              "isHook": false,
              "skipped": false
            },
            {
              "title": "User is able to access Tiktok Premium LP by url",
              "fullTitle": "Kelas Functionality User is able to access Tiktok Premium LP by url",
              "timedOut": null,
              "duration": 1429,
              "state": "passed",
              "speed": "fast",
              "pass": true,
              "fail": false,
              "pending": false,
              "context": null,
              "code": "const state = window.testState;\nreturn cy\n  .then(() => state.onStartScenario(scenario, indexedSteps))\n  .then(() =>\n    resolveAndRunBeforeHooks.call(this, scenario.tags, state.feature.name)\n  )\n  .then(() =>\n    indexedSteps.forEach((step) =>\n      stepTest.call(this, state, step, rowData)\n    )\n  )\n  .then(() => state.onFinishScenario(scenario));",
              "err": {},
              "uuid": "070d04dd-b71b-4971-82fe-b34dd4915d07",
              "parentUUID": "e587c3c6-3ab9-475f-bb50-ec57002cd28d",
              "isHook": false,
              "skipped": false
            },
            {
              "title": "User is able to access Courses Premium LP via Home Search (example #1)",
              "fullTitle": "Kelas Functionality User is able to access Courses Premium LP via Home Search (example #1)",
              "timedOut": null,
              "duration": 3047,
              "state": "passed",
              "speed": "fast",
              "pass": true,
              "fail": false,
              "pending": false,
              "context": null,
              "code": "const state = window.testState;\nreturn cy\n  .then(() => state.onStartScenario(scenario, indexedSteps))\n  .then(() =>\n    resolveAndRunBeforeHooks.call(this, scenario.tags, state.feature.name)\n  )\n  .then(() =>\n    indexedSteps.forEach((step) =>\n      stepTest.call(this, state, step, rowData)\n    )\n  )\n  .then(() => state.onFinishScenario(scenario));",
              "err": {},
              "uuid": "f150f0ab-5c2e-4b40-80e0-3296886f4fd4",
              "parentUUID": "e587c3c6-3ab9-475f-bb50-ec57002cd28d",
              "isHook": false,
              "skipped": false
            },
            {
              "title": "User is able to access Courses Premium LP via Home Search (example #2)",
              "fullTitle": "Kelas Functionality User is able to access Courses Premium LP via Home Search (example #2)",
              "timedOut": null,
              "duration": 3170,
              "state": "passed",
              "speed": "fast",
              "pass": true,
              "fail": false,
              "pending": false,
              "context": null,
              "code": "const state = window.testState;\nreturn cy\n  .then(() => state.onStartScenario(scenario, indexedSteps))\n  .then(() =>\n    resolveAndRunBeforeHooks.call(this, scenario.tags, state.feature.name)\n  )\n  .then(() =>\n    indexedSteps.forEach((step) =>\n      stepTest.call(this, state, step, rowData)\n    )\n  )\n  .then(() => state.onFinishScenario(scenario));",
              "err": {},
              "uuid": "df73444e-045e-4894-92e4-a6b3a6e9925a",
              "parentUUID": "e587c3c6-3ab9-475f-bb50-ec57002cd28d",
              "isHook": false,
              "skipped": false
            },
            {
              "title": "User is able to click Marketplace Mastery Basic Saya Mau by Shopee Premium LP",
              "fullTitle": "Kelas Functionality User is able to click Marketplace Mastery Basic Saya Mau by Shopee Premium LP",
              "timedOut": null,
              "duration": 10355,
              "state": "passed",
              "speed": "slow",
              "pass": true,
              "fail": false,
              "pending": false,
              "context": null,
              "code": "const state = window.testState;\nreturn cy\n  .then(() => state.onStartScenario(scenario, indexedSteps))\n  .then(() =>\n    resolveAndRunBeforeHooks.call(this, scenario.tags, state.feature.name)\n  )\n  .then(() =>\n    indexedSteps.forEach((step) =>\n      stepTest.call(this, state, step, rowData)\n    )\n  )\n  .then(() => state.onFinishScenario(scenario));",
              "err": {},
              "uuid": "07528d66-5aef-47fd-affd-82696071ae3a",
              "parentUUID": "e587c3c6-3ab9-475f-bb50-ec57002cd28d",
              "isHook": false,
              "skipped": false
            },
            {
              "title": "User is able to click Shopee Premium Saya Mau",
              "fullTitle": "Kelas Functionality User is able to click Shopee Premium Saya Mau",
              "timedOut": null,
              "duration": 9818,
              "state": "passed",
              "speed": "medium",
              "pass": true,
              "fail": false,
              "pending": false,
              "context": null,
              "code": "const state = window.testState;\nreturn cy\n  .then(() => state.onStartScenario(scenario, indexedSteps))\n  .then(() =>\n    resolveAndRunBeforeHooks.call(this, scenario.tags, state.feature.name)\n  )\n  .then(() =>\n    indexedSteps.forEach((step) =>\n      stepTest.call(this, state, step, rowData)\n    )\n  )\n  .then(() => state.onFinishScenario(scenario));",
              "err": {},
              "uuid": "23d2067b-3dd9-4b72-a5f7-a0e5c38d1e5f",
              "parentUUID": "e587c3c6-3ab9-475f-bb50-ec57002cd28d",
              "isHook": false,
              "skipped": false
            },
            {
              "title": "User is able to click Super Mentor Shopee Saya Mau Bundle",
              "fullTitle": "Kelas Functionality User is able to click Super Mentor Shopee Saya Mau Bundle",
              "timedOut": null,
              "duration": 9866,
              "state": "passed",
              "speed": "medium",
              "pass": true,
              "fail": false,
              "pending": false,
              "context": null,
              "code": "const state = window.testState;\nreturn cy\n  .then(() => state.onStartScenario(scenario, indexedSteps))\n  .then(() =>\n    resolveAndRunBeforeHooks.call(this, scenario.tags, state.feature.name)\n  )\n  .then(() =>\n    indexedSteps.forEach((step) =>\n      stepTest.call(this, state, step, rowData)\n    )\n  )\n  .then(() => state.onFinishScenario(scenario));",
              "err": {},
              "uuid": "496be7c7-5eda-41a0-a697-5731da8e4cfe",
              "parentUUID": "e587c3c6-3ab9-475f-bb50-ec57002cd28d",
              "isHook": false,
              "skipped": false
            },
            {
              "title": "User is not able to access Shopee Premium Checkout Page when not logged in",
              "fullTitle": "Kelas Functionality User is not able to access Shopee Premium Checkout Page when not logged in",
              "timedOut": null,
              "duration": 5020,
              "state": "passed",
              "speed": "medium",
              "pass": true,
              "fail": false,
              "pending": false,
              "context": null,
              "code": "const state = window.testState;\nreturn cy\n  .then(() => state.onStartScenario(scenario, indexedSteps))\n  .then(() =>\n    resolveAndRunBeforeHooks.call(this, scenario.tags, state.feature.name)\n  )\n  .then(() =>\n    indexedSteps.forEach((step) =>\n      stepTest.call(this, state, step, rowData)\n    )\n  )\n  .then(() => state.onFinishScenario(scenario));",
              "err": {},
              "uuid": "0f0e8bc2-07fe-4ecf-bc76-9fd515fb1c44",
              "parentUUID": "e587c3c6-3ab9-475f-bb50-ec57002cd28d",
              "isHook": false,
              "skipped": false
            },
            {
              "title": "User is not able to access Marketplace Mastery Basic Checkout Page by LP Shopee when not logged in",
              "fullTitle": "Kelas Functionality User is not able to access Marketplace Mastery Basic Checkout Page by LP Shopee when not logged in",
              "timedOut": null,
              "duration": 4787,
              "state": "passed",
              "speed": "fast",
              "pass": true,
              "fail": false,
              "pending": false,
              "context": null,
              "code": "const state = window.testState;\nreturn cy\n  .then(() => state.onStartScenario(scenario, indexedSteps))\n  .then(() =>\n    resolveAndRunBeforeHooks.call(this, scenario.tags, state.feature.name)\n  )\n  .then(() =>\n    indexedSteps.forEach((step) =>\n      stepTest.call(this, state, step, rowData)\n    )\n  )\n  .then(() => state.onFinishScenario(scenario));",
              "err": {},
              "uuid": "535c2aff-fd80-4d45-9739-bd4d0cd31168",
              "parentUUID": "e587c3c6-3ab9-475f-bb50-ec57002cd28d",
              "isHook": false,
              "skipped": false
            },
            {
              "title": "User is not able to access Shopee Premium Plus Checkout Page when not logged in",
              "fullTitle": "Kelas Functionality User is not able to access Shopee Premium Plus Checkout Page when not logged in",
              "timedOut": null,
              "duration": 4837,
              "state": "passed",
              "speed": "fast",
              "pass": true,
              "fail": false,
              "pending": false,
              "context": null,
              "code": "const state = window.testState;\nreturn cy\n  .then(() => state.onStartScenario(scenario, indexedSteps))\n  .then(() =>\n    resolveAndRunBeforeHooks.call(this, scenario.tags, state.feature.name)\n  )\n  .then(() =>\n    indexedSteps.forEach((step) =>\n      stepTest.call(this, state, step, rowData)\n    )\n  )\n  .then(() => state.onFinishScenario(scenario));",
              "err": {},
              "uuid": "a75c920a-3320-4f07-b66d-20033bc2cff8",
              "parentUUID": "e587c3c6-3ab9-475f-bb50-ec57002cd28d",
              "isHook": false,
              "skipped": false
            },
            {
              "title": "User is able to click Lihat Jasa Management Marketplace Saya Mau by Shopee Premium LP",
              "fullTitle": "Kelas Functionality User is able to click Lihat Jasa Management Marketplace Saya Mau by Shopee Premium LP",
              "timedOut": null,
              "duration": 9269,
              "state": "passed",
              "speed": "medium",
              "pass": true,
              "fail": false,
              "pending": false,
              "context": null,
              "code": "const state = window.testState;\nreturn cy\n  .then(() => state.onStartScenario(scenario, indexedSteps))\n  .then(() =>\n    resolveAndRunBeforeHooks.call(this, scenario.tags, state.feature.name)\n  )\n  .then(() =>\n    indexedSteps.forEach((step) =>\n      stepTest.call(this, state, step, rowData)\n    )\n  )\n  .then(() => state.onFinishScenario(scenario));",
              "err": {},
              "uuid": "47f52f19-fdfc-4596-89dc-124d7e498636",
              "parentUUID": "e587c3c6-3ab9-475f-bb50-ec57002cd28d",
              "isHook": false,
              "skipped": false
            },
            {
              "title": "User is able to click Tiktok Premium Plus Saya Mau Bundle",
              "fullTitle": "Kelas Functionality User is able to click Tiktok Premium Plus Saya Mau Bundle",
              "timedOut": null,
              "duration": 9377,
              "state": "passed",
              "speed": "medium",
              "pass": true,
              "fail": false,
              "pending": false,
              "context": null,
              "code": "const state = window.testState;\nreturn cy\n  .then(() => state.onStartScenario(scenario, indexedSteps))\n  .then(() =>\n    resolveAndRunBeforeHooks.call(this, scenario.tags, state.feature.name)\n  )\n  .then(() =>\n    indexedSteps.forEach((step) =>\n      stepTest.call(this, state, step, rowData)\n    )\n  )\n  .then(() => state.onFinishScenario(scenario));",
              "err": {},
              "uuid": "b1163ecb-1cbf-417f-a814-e8dd98038b3e",
              "parentUUID": "e587c3c6-3ab9-475f-bb50-ec57002cd28d",
              "isHook": false,
              "skipped": false
            },
            {
              "title": "User is able to click Tiktok Premium Business Saya Mau",
              "fullTitle": "Kelas Functionality User is able to click Tiktok Premium Business Saya Mau",
              "timedOut": null,
              "duration": 9585,
              "state": "passed",
              "speed": "medium",
              "pass": true,
              "fail": false,
              "pending": false,
              "context": null,
              "code": "const state = window.testState;\nreturn cy\n  .then(() => state.onStartScenario(scenario, indexedSteps))\n  .then(() =>\n    resolveAndRunBeforeHooks.call(this, scenario.tags, state.feature.name)\n  )\n  .then(() =>\n    indexedSteps.forEach((step) =>\n      stepTest.call(this, state, step, rowData)\n    )\n  )\n  .then(() => state.onFinishScenario(scenario));",
              "err": {},
              "uuid": "c8ff61c1-12a8-4ef2-a0b8-17a488e4bae4",
              "parentUUID": "e587c3c6-3ab9-475f-bb50-ec57002cd28d",
              "isHook": false,
              "skipped": false
            },
            {
              "title": "User is able to click Lihat Jasa Management Social Media Saya Mau by Tiktok Premium LP",
              "fullTitle": "Kelas Functionality User is able to click Lihat Jasa Management Social Media Saya Mau by Tiktok Premium LP",
              "timedOut": null,
              "duration": 9510,
              "state": "passed",
              "speed": "medium",
              "pass": true,
              "fail": false,
              "pending": false,
              "context": null,
              "code": "const state = window.testState;\nreturn cy\n  .then(() => state.onStartScenario(scenario, indexedSteps))\n  .then(() =>\n    resolveAndRunBeforeHooks.call(this, scenario.tags, state.feature.name)\n  )\n  .then(() =>\n    indexedSteps.forEach((step) =>\n      stepTest.call(this, state, step, rowData)\n    )\n  )\n  .then(() => state.onFinishScenario(scenario));",
              "err": {},
              "uuid": "d64a047d-a8a9-4fef-920a-a41eb1c5a765",
              "parentUUID": "e587c3c6-3ab9-475f-bb50-ec57002cd28d",
              "isHook": false,
              "skipped": false
            },
            {
              "title": "User is not able to access Tiktok Premium Business Checkout Page when not logged in",
              "fullTitle": "Kelas Functionality User is not able to access Tiktok Premium Business Checkout Page when not logged in",
              "timedOut": null,
              "duration": 4557,
              "state": "passed",
              "speed": "fast",
              "pass": true,
              "fail": false,
              "pending": false,
              "context": null,
              "code": "const state = window.testState;\nreturn cy\n  .then(() => state.onStartScenario(scenario, indexedSteps))\n  .then(() =>\n    resolveAndRunBeforeHooks.call(this, scenario.tags, state.feature.name)\n  )\n  .then(() =>\n    indexedSteps.forEach((step) =>\n      stepTest.call(this, state, step, rowData)\n    )\n  )\n  .then(() => state.onFinishScenario(scenario));",
              "err": {},
              "uuid": "34d3e501-d87c-47a2-97e0-c667b2b5609f",
              "parentUUID": "e587c3c6-3ab9-475f-bb50-ec57002cd28d",
              "isHook": false,
              "skipped": false
            },
            {
              "title": "User is not able to access Tiktok Premium Plus Checkout Page when not logged in",
              "fullTitle": "Kelas Functionality User is not able to access Tiktok Premium Plus Checkout Page when not logged in",
              "timedOut": null,
              "duration": 4333,
              "state": "passed",
              "speed": "fast",
              "pass": true,
              "fail": false,
              "pending": false,
              "context": null,
              "code": "const state = window.testState;\nreturn cy\n  .then(() => state.onStartScenario(scenario, indexedSteps))\n  .then(() =>\n    resolveAndRunBeforeHooks.call(this, scenario.tags, state.feature.name)\n  )\n  .then(() =>\n    indexedSteps.forEach((step) =>\n      stepTest.call(this, state, step, rowData)\n    )\n  )\n  .then(() => state.onFinishScenario(scenario));",
              "err": {},
              "uuid": "3fcedd5e-b15b-4600-9dc7-3c41df9d9b6c",
              "parentUUID": "e587c3c6-3ab9-475f-bb50-ec57002cd28d",
              "isHook": false,
              "skipped": false
            },
            {
              "title": "User is able to access course checkout page by url (example #1)",
              "fullTitle": "Kelas Functionality User is able to access course checkout page by url (example #1)",
              "timedOut": null,
              "duration": 5557,
              "state": "passed",
              "speed": "medium",
              "pass": true,
              "fail": false,
              "pending": false,
              "context": null,
              "code": "const state = window.testState;\nreturn cy\n  .then(() => state.onStartScenario(scenario, indexedSteps))\n  .then(() =>\n    resolveAndRunBeforeHooks.call(this, scenario.tags, state.feature.name)\n  )\n  .then(() =>\n    indexedSteps.forEach((step) =>\n      stepTest.call(this, state, step, rowData)\n    )\n  )\n  .then(() => state.onFinishScenario(scenario));",
              "err": {},
              "uuid": "42b7f9b2-4497-4541-9dd2-19b691111640",
              "parentUUID": "e587c3c6-3ab9-475f-bb50-ec57002cd28d",
              "isHook": false,
              "skipped": false
            },
            {
              "title": "User is able to access course checkout page by url (example #2)",
              "fullTitle": "Kelas Functionality User is able to access course checkout page by url (example #2)",
              "timedOut": null,
              "duration": 6129,
              "state": "passed",
              "speed": "medium",
              "pass": true,
              "fail": false,
              "pending": false,
              "context": null,
              "code": "const state = window.testState;\nreturn cy\n  .then(() => state.onStartScenario(scenario, indexedSteps))\n  .then(() =>\n    resolveAndRunBeforeHooks.call(this, scenario.tags, state.feature.name)\n  )\n  .then(() =>\n    indexedSteps.forEach((step) =>\n      stepTest.call(this, state, step, rowData)\n    )\n  )\n  .then(() => state.onFinishScenario(scenario));",
              "err": {},
              "uuid": "6ae97a09-846a-4e20-99e9-cbd2a944901c",
              "parentUUID": "e587c3c6-3ab9-475f-bb50-ec57002cd28d",
              "isHook": false,
              "skipped": false
            },
            {
              "title": "User cannot access checkout page by url when user not logged in (example #1)",
              "fullTitle": "Kelas Functionality User cannot access checkout page by url when user not logged in (example #1)",
              "timedOut": null,
              "duration": 1250,
              "state": "passed",
              "speed": "fast",
              "pass": true,
              "fail": false,
              "pending": false,
              "context": null,
              "code": "const state = window.testState;\nreturn cy\n  .then(() => state.onStartScenario(scenario, indexedSteps))\n  .then(() =>\n    resolveAndRunBeforeHooks.call(this, scenario.tags, state.feature.name)\n  )\n  .then(() =>\n    indexedSteps.forEach((step) =>\n      stepTest.call(this, state, step, rowData)\n    )\n  )\n  .then(() => state.onFinishScenario(scenario));",
              "err": {},
              "uuid": "cb3d0cd2-5957-4a81-876c-efed04ea2218",
              "parentUUID": "e587c3c6-3ab9-475f-bb50-ec57002cd28d",
              "isHook": false,
              "skipped": false
            },
            {
              "title": "User cannot access checkout page by url when user not logged in (example #2)",
              "fullTitle": "Kelas Functionality User cannot access checkout page by url when user not logged in (example #2)",
              "timedOut": null,
              "duration": 1007,
              "state": "passed",
              "speed": "fast",
              "pass": true,
              "fail": false,
              "pending": false,
              "context": null,
              "code": "const state = window.testState;\nreturn cy\n  .then(() => state.onStartScenario(scenario, indexedSteps))\n  .then(() =>\n    resolveAndRunBeforeHooks.call(this, scenario.tags, state.feature.name)\n  )\n  .then(() =>\n    indexedSteps.forEach((step) =>\n      stepTest.call(this, state, step, rowData)\n    )\n  )\n  .then(() => state.onFinishScenario(scenario));",
              "err": {},
              "uuid": "4c09dfc0-a9b8-41a1-bfc9-d69d3fca98ed",
              "parentUUID": "e587c3c6-3ab9-475f-bb50-ec57002cd28d",
              "isHook": false,
              "skipped": false
            },
            {
              "title": "User is able to enter General Kupon Kelas Code",
              "fullTitle": "Kelas Functionality User is able to enter General Kupon Kelas Code",
              "timedOut": null,
              "duration": 6879,
              "state": "passed",
              "speed": "medium",
              "pass": true,
              "fail": false,
              "pending": false,
              "context": null,
              "code": "const state = window.testState;\nreturn cy\n  .then(() => state.onStartScenario(scenario, indexedSteps))\n  .then(() =>\n    resolveAndRunBeforeHooks.call(this, scenario.tags, state.feature.name)\n  )\n  .then(() =>\n    indexedSteps.forEach((step) =>\n      stepTest.call(this, state, step, rowData)\n    )\n  )\n  .then(() => state.onFinishScenario(scenario));",
              "err": {},
              "uuid": "b8556604-d600-4b14-a58d-bd8902ec96a8",
              "parentUUID": "e587c3c6-3ab9-475f-bb50-ec57002cd28d",
              "isHook": false,
              "skipped": false
            },
            {
              "title": "User is able to choose General Kupon Kelas",
              "fullTitle": "Kelas Functionality User is able to choose General Kupon Kelas",
              "timedOut": null,
              "duration": 7483,
              "state": "passed",
              "speed": "medium",
              "pass": true,
              "fail": false,
              "pending": false,
              "context": null,
              "code": "const state = window.testState;\nreturn cy\n  .then(() => state.onStartScenario(scenario, indexedSteps))\n  .then(() =>\n    resolveAndRunBeforeHooks.call(this, scenario.tags, state.feature.name)\n  )\n  .then(() =>\n    indexedSteps.forEach((step) =>\n      stepTest.call(this, state, step, rowData)\n    )\n  )\n  .then(() => state.onFinishScenario(scenario));",
              "err": {},
              "uuid": "1e65a442-63cd-442e-9643-09dca4509317",
              "parentUUID": "e587c3c6-3ab9-475f-bb50-ec57002cd28d",
              "isHook": false,
              "skipped": false
            },
            {
              "title": "User is able to reset Kupon Kelas",
              "fullTitle": "Kelas Functionality User is able to reset Kupon Kelas",
              "timedOut": null,
              "duration": 8401,
              "state": "passed",
              "speed": "medium",
              "pass": true,
              "fail": false,
              "pending": false,
              "context": null,
              "code": "const state = window.testState;\nreturn cy\n  .then(() => state.onStartScenario(scenario, indexedSteps))\n  .then(() =>\n    resolveAndRunBeforeHooks.call(this, scenario.tags, state.feature.name)\n  )\n  .then(() =>\n    indexedSteps.forEach((step) =>\n      stepTest.call(this, state, step, rowData)\n    )\n  )\n  .then(() => state.onFinishScenario(scenario));",
              "err": {},
              "uuid": "b99f20d3-dc6c-4e6e-b4ee-5887b4a8a5e7",
              "parentUUID": "e587c3c6-3ab9-475f-bb50-ec57002cd28d",
              "isHook": false,
              "skipped": false
            },
            {
              "title": "User is able to view General Kupon Terms & Condition",
              "fullTitle": "Kelas Functionality User is able to view General Kupon Terms & Condition",
              "timedOut": null,
              "duration": 7587,
              "state": "passed",
              "speed": "medium",
              "pass": true,
              "fail": false,
              "pending": false,
              "context": null,
              "code": "const state = window.testState;\nreturn cy\n  .then(() => state.onStartScenario(scenario, indexedSteps))\n  .then(() =>\n    resolveAndRunBeforeHooks.call(this, scenario.tags, state.feature.name)\n  )\n  .then(() =>\n    indexedSteps.forEach((step) =>\n      stepTest.call(this, state, step, rowData)\n    )\n  )\n  .then(() => state.onFinishScenario(scenario));",
              "err": {},
              "uuid": "b6079ac4-af3f-440b-9562-4954419b7e63",
              "parentUUID": "e587c3c6-3ab9-475f-bb50-ec57002cd28d",
              "isHook": false,
              "skipped": false
            },
            {
              "title": "User is able to checkout Course with VA and Kupon Kelas",
              "fullTitle": "Kelas Functionality User is able to checkout Course with VA and Kupon Kelas",
              "timedOut": null,
              "duration": 10454,
              "state": "passed",
              "speed": "slow",
              "pass": true,
              "fail": false,
              "pending": false,
              "context": null,
              "code": "const state = window.testState;\nreturn cy\n  .then(() => state.onStartScenario(scenario, indexedSteps))\n  .then(() =>\n    resolveAndRunBeforeHooks.call(this, scenario.tags, state.feature.name)\n  )\n  .then(() =>\n    indexedSteps.forEach((step) =>\n      stepTest.call(this, state, step, rowData)\n    )\n  )\n  .then(() => state.onFinishScenario(scenario));",
              "err": {},
              "uuid": "bd4c00be-330b-474d-a2ec-a519a6abf438",
              "parentUUID": "e587c3c6-3ab9-475f-bb50-ec57002cd28d",
              "isHook": false,
              "skipped": false
            },
            {
              "title": "User is able to checkout Course with QRIS",
              "fullTitle": "Kelas Functionality User is able to checkout Course with QRIS",
              "timedOut": null,
              "duration": 10290,
              "state": "passed",
              "speed": "slow",
              "pass": true,
              "fail": false,
              "pending": false,
              "context": null,
              "code": "const state = window.testState;\nreturn cy\n  .then(() => state.onStartScenario(scenario, indexedSteps))\n  .then(() =>\n    resolveAndRunBeforeHooks.call(this, scenario.tags, state.feature.name)\n  )\n  .then(() =>\n    indexedSteps.forEach((step) =>\n      stepTest.call(this, state, step, rowData)\n    )\n  )\n  .then(() => state.onFinishScenario(scenario));",
              "err": {},
              "uuid": "c9bc904a-db89-4a25-8876-941b448d3292",
              "parentUUID": "e587c3c6-3ab9-475f-bb50-ec57002cd28d",
              "isHook": false,
              "skipped": false
            },
            {
              "title": "User is able to access Thankyou Page by url",
              "fullTitle": "Kelas Functionality User is able to access Thankyou Page by url",
              "timedOut": null,
              "duration": 6875,
              "state": "passed",
              "speed": "medium",
              "pass": true,
              "fail": false,
              "pending": false,
              "context": null,
              "code": "const state = window.testState;\nreturn cy\n  .then(() => state.onStartScenario(scenario, indexedSteps))\n  .then(() =>\n    resolveAndRunBeforeHooks.call(this, scenario.tags, state.feature.name)\n  )\n  .then(() =>\n    indexedSteps.forEach((step) =>\n      stepTest.call(this, state, step, rowData)\n    )\n  )\n  .then(() => state.onFinishScenario(scenario));",
              "err": {},
              "uuid": "fb9f4ff6-24ce-4f89-ae47-760601345641",
              "parentUUID": "e587c3c6-3ab9-475f-bb50-ec57002cd28d",
              "isHook": false,
              "skipped": false
            },
            {
              "title": "User is able to Close Thakyou Page",
              "fullTitle": "Kelas Functionality User is able to Close Thakyou Page",
              "timedOut": null,
              "duration": 7197,
              "state": "passed",
              "speed": "medium",
              "pass": true,
              "fail": false,
              "pending": false,
              "context": null,
              "code": "const state = window.testState;\nreturn cy\n  .then(() => state.onStartScenario(scenario, indexedSteps))\n  .then(() =>\n    resolveAndRunBeforeHooks.call(this, scenario.tags, state.feature.name)\n  )\n  .then(() =>\n    indexedSteps.forEach((step) =>\n      stepTest.call(this, state, step, rowData)\n    )\n  )\n  .then(() => state.onFinishScenario(scenario));",
              "err": {},
              "uuid": "ef385b1b-3d43-4cf5-b899-eb7bcaed70ff",
              "parentUUID": "e587c3c6-3ab9-475f-bb50-ec57002cd28d",
              "isHook": false,
              "skipped": false
            },
            {
              "title": "User is able to access Daftar Kelas Terbaik by Lihat Semua button",
              "fullTitle": "Kelas Functionality User is able to access Daftar Kelas Terbaik by Lihat Semua button",
              "timedOut": null,
              "duration": 7331,
              "state": "passed",
              "speed": "medium",
              "pass": true,
              "fail": false,
              "pending": false,
              "context": null,
              "code": "const state = window.testState;\nreturn cy\n  .then(() => state.onStartScenario(scenario, indexedSteps))\n  .then(() =>\n    resolveAndRunBeforeHooks.call(this, scenario.tags, state.feature.name)\n  )\n  .then(() =>\n    indexedSteps.forEach((step) =>\n      stepTest.call(this, state, step, rowData)\n    )\n  )\n  .then(() => state.onFinishScenario(scenario));",
              "err": {},
              "uuid": "614bc9f6-26bb-44a8-8b8b-04c1f135cfee",
              "parentUUID": "e587c3c6-3ab9-475f-bb50-ec57002cd28d",
              "isHook": false,
              "skipped": false
            },
            {
              "title": "User is able to access Course LP by Lihat Kelas button",
              "fullTitle": "Kelas Functionality User is able to access Course LP by Lihat Kelas button",
              "timedOut": null,
              "duration": 7755,
              "state": "passed",
              "speed": "medium",
              "pass": true,
              "fail": false,
              "pending": false,
              "context": null,
              "code": "const state = window.testState;\nreturn cy\n  .then(() => state.onStartScenario(scenario, indexedSteps))\n  .then(() =>\n    resolveAndRunBeforeHooks.call(this, scenario.tags, state.feature.name)\n  )\n  .then(() =>\n    indexedSteps.forEach((step) =>\n      stepTest.call(this, state, step, rowData)\n    )\n  )\n  .then(() => state.onFinishScenario(scenario));",
              "err": {},
              "uuid": "4aabc0ac-b544-4f50-8462-3179fbda3678",
              "parentUUID": "e587c3c6-3ab9-475f-bb50-ec57002cd28d",
              "isHook": false,
              "skipped": false
            },
            {
              "title": "User is able to access Shopee Premium Checkout Page by Checkout button",
              "fullTitle": "Kelas Functionality User is able to access Shopee Premium Checkout Page by Checkout button",
              "timedOut": null,
              "duration": 7425,
              "state": "passed",
              "speed": "medium",
              "pass": true,
              "fail": false,
              "pending": false,
              "context": null,
              "code": "const state = window.testState;\nreturn cy\n  .then(() => state.onStartScenario(scenario, indexedSteps))\n  .then(() =>\n    resolveAndRunBeforeHooks.call(this, scenario.tags, state.feature.name)\n  )\n  .then(() =>\n    indexedSteps.forEach((step) =>\n      stepTest.call(this, state, step, rowData)\n    )\n  )\n  .then(() => state.onFinishScenario(scenario));",
              "err": {},
              "uuid": "1848e51c-05f9-4bdd-9018-90503149d08c",
              "parentUUID": "e587c3c6-3ab9-475f-bb50-ec57002cd28d",
              "isHook": false,
              "skipped": false
            },
            {
              "title": "User is able to access Shopee Premium Learning Page by Learning button",
              "fullTitle": "Kelas Functionality User is able to access Shopee Premium Learning Page by Learning button",
              "timedOut": null,
              "duration": 7529,
              "state": "passed",
              "speed": "medium",
              "pass": true,
              "fail": false,
              "pending": false,
              "context": null,
              "code": "const state = window.testState;\nreturn cy\n  .then(() => state.onStartScenario(scenario, indexedSteps))\n  .then(() =>\n    resolveAndRunBeforeHooks.call(this, scenario.tags, state.feature.name)\n  )\n  .then(() =>\n    indexedSteps.forEach((step) =>\n      stepTest.call(this, state, step, rowData)\n    )\n  )\n  .then(() => state.onFinishScenario(scenario));",
              "err": {},
              "uuid": "72ec54b0-4ef8-46da-b7bf-82533f3cd62c",
              "parentUUID": "e587c3c6-3ab9-475f-bb50-ec57002cd28d",
              "isHook": false,
              "skipped": false
            }
          ],
          "suites": [],
          "passes": [
            "24a11e9a-42e0-4711-a070-67b9a5883125",
            "070d04dd-b71b-4971-82fe-b34dd4915d07",
            "f150f0ab-5c2e-4b40-80e0-3296886f4fd4",
            "df73444e-045e-4894-92e4-a6b3a6e9925a",
            "07528d66-5aef-47fd-affd-82696071ae3a",
            "23d2067b-3dd9-4b72-a5f7-a0e5c38d1e5f",
            "496be7c7-5eda-41a0-a697-5731da8e4cfe",
            "0f0e8bc2-07fe-4ecf-bc76-9fd515fb1c44",
            "535c2aff-fd80-4d45-9739-bd4d0cd31168",
            "a75c920a-3320-4f07-b66d-20033bc2cff8",
            "47f52f19-fdfc-4596-89dc-124d7e498636",
            "b1163ecb-1cbf-417f-a814-e8dd98038b3e",
            "c8ff61c1-12a8-4ef2-a0b8-17a488e4bae4",
            "d64a047d-a8a9-4fef-920a-a41eb1c5a765",
            "34d3e501-d87c-47a2-97e0-c667b2b5609f",
            "3fcedd5e-b15b-4600-9dc7-3c41df9d9b6c",
            "42b7f9b2-4497-4541-9dd2-19b691111640",
            "6ae97a09-846a-4e20-99e9-cbd2a944901c",
            "cb3d0cd2-5957-4a81-876c-efed04ea2218",
            "4c09dfc0-a9b8-41a1-bfc9-d69d3fca98ed",
            "b8556604-d600-4b14-a58d-bd8902ec96a8",
            "1e65a442-63cd-442e-9643-09dca4509317",
            "b99f20d3-dc6c-4e6e-b4ee-5887b4a8a5e7",
            "b6079ac4-af3f-440b-9562-4954419b7e63",
            "bd4c00be-330b-474d-a2ec-a519a6abf438",
            "c9bc904a-db89-4a25-8876-941b448d3292",
            "fb9f4ff6-24ce-4f89-ae47-760601345641",
            "ef385b1b-3d43-4cf5-b899-eb7bcaed70ff",
            "614bc9f6-26bb-44a8-8b8b-04c1f135cfee",
            "4aabc0ac-b544-4f50-8462-3179fbda3678",
            "1848e51c-05f9-4bdd-9018-90503149d08c",
            "72ec54b0-4ef8-46da-b7bf-82533f3cd62c"
          ],
          "failures": [],
          "pending": [],
          "skipped": [],
          "duration": 209283,
          "root": false,
          "rootEmpty": false,
          "_timeout": 2000
        }
      ],
      "passes": [],
      "failures": [],
      "pending": [],
      "skipped": [],
      "duration": 0,
      "root": true,
      "rootEmpty": true,
      "_timeout": 2000
    }
  ],
  "meta": {
    "mocha": {
      "version": "7.0.1"
    },
    "mochawesome": {
      "options": {
        "quiet": false,
        "reportFilename": "mochawesome",
        "saveHtml": true,
        "saveJson": true,
        "consoleReporter": "spec",
        "useInlineDiffs": false,
        "code": true
      },
      "version": "7.1.3"
    },
    "marge": {
      "options": {
        "reportDir": "cypress/reports",
        "overwrite": false,
        "html": true,
        "json": true,
        "timestamp": "mmddyyyy_HHMMss"
      },
      "version": "6.2.0"
    }
  }
}