{
  "stats": {
    "suites": 1,
    "tests": 5,
    "passes": 5,
    "pending": 0,
    "failures": 0,
    "start": "2025-07-28T00:50:01.125Z",
    "end": "2025-07-28T00:50:15.646Z",
    "duration": 14521,
    "testsRegistered": 5,
    "passPercent": 100,
    "pendingPercent": 0,
    "other": 0,
    "hasOther": false,
    "skipped": 0,
    "hasSkipped": false
  },
  "results": [
    {
      "uuid": "2e228c6d-4999-49c3-bd55-7db5d2be7511",
      "title": "",
      "fullFile": "cypress\\e2e\\cucumber\\Features\\LoginTest.feature",
      "file": "cypress\\e2e\\cucumber\\Features\\LoginTest.feature",
      "beforeHooks": [],
      "afterHooks": [],
      "tests": [],
      "suites": [
        {
          "uuid": "b3e0a97a-35a7-4110-a559-084a253206ee",
          "title": "Login Functionality",
          "fullFile": "",
          "file": "",
          "beforeHooks": [],
          "afterHooks": [],
          "tests": [
            {
              "title": "User is able to access Login page by url",
              "fullTitle": "Login Functionality User is able to access Login page by url",
              "timedOut": null,
              "duration": 1432,
              "state": "passed",
              "speed": "fast",
              "pass": true,
              "fail": false,
              "pending": false,
              "context": null,
              "code": "const state = window.testState;\nreturn cy\n  .then(() => state.onStartScenario(scenario, indexedSteps))\n  .then(() =>\n    resolveAndRunBeforeHooks.call(this, scenario.tags, state.feature.name)\n  )\n  .then(() =>\n    indexedSteps.forEach((step) =>\n      stepTest.call(this, state, step, rowData)\n    )\n  )\n  .then(() => state.onFinishScenario(scenario));",
              "err": {},
              "uuid": "3b3f21f5-b6fd-4ad8-a83c-9c023a9b455d",
              "parentUUID": "b3e0a97a-35a7-4110-a559-084a253206ee",
              "isHook": false,
              "skipped": false
            },
            {
              "title": "User cannot login with wrong email or password (example #1)",
              "fullTitle": "Login Functionality User cannot login with wrong email or password (example #1)",
              "timedOut": null,
              "duration": 2520,
              "state": "passed",
              "speed": "fast",
              "pass": true,
              "fail": false,
              "pending": false,
              "context": null,
              "code": "const state = window.testState;\nreturn cy\n  .then(() => state.onStartScenario(scenario, indexedSteps))\n  .then(() =>\n    resolveAndRunBeforeHooks.call(this, scenario.tags, state.feature.name)\n  )\n  .then(() =>\n    indexedSteps.forEach((step) =>\n      stepTest.call(this, state, step, rowData)\n    )\n  )\n  .then(() => state.onFinishScenario(scenario));",
              "err": {},
              "uuid": "152a095d-a97d-4d1e-9b73-b26f20c8d697",
              "parentUUID": "b3e0a97a-35a7-4110-a559-084a253206ee",
              "isHook": false,
              "skipped": false
            },
            {
              "title": "User cannot login with wrong email or password (example #2)",
              "fullTitle": "Login Functionality User cannot login with wrong email or password (example #2)",
              "timedOut": null,
              "duration": 2299,
              "state": "passed",
              "speed": "fast",
              "pass": true,
              "fail": false,
              "pending": false,
              "context": null,
              "code": "const state = window.testState;\nreturn cy\n  .then(() => state.onStartScenario(scenario, indexedSteps))\n  .then(() =>\n    resolveAndRunBeforeHooks.call(this, scenario.tags, state.feature.name)\n  )\n  .then(() =>\n    indexedSteps.forEach((step) =>\n      stepTest.call(this, state, step, rowData)\n    )\n  )\n  .then(() => state.onFinishScenario(scenario));",
              "err": {},
              "uuid": "a15fd1c2-198a-446f-a055-bf3bc5f92213",
              "parentUUID": "b3e0a97a-35a7-4110-a559-084a253206ee",
              "isHook": false,
              "skipped": false
            },
            {
              "title": "User cannot login with wrong email format (example #1)",
              "fullTitle": "Login Functionality User cannot login with wrong email format (example #1)",
              "timedOut": null,
              "duration": 1789,
              "state": "passed",
              "speed": "fast",
              "pass": true,
              "fail": false,
              "pending": false,
              "context": null,
              "code": "const state = window.testState;\nreturn cy\n  .then(() => state.onStartScenario(scenario, indexedSteps))\n  .then(() =>\n    resolveAndRunBeforeHooks.call(this, scenario.tags, state.feature.name)\n  )\n  .then(() =>\n    indexedSteps.forEach((step) =>\n      stepTest.call(this, state, step, rowData)\n    )\n  )\n  .then(() => state.onFinishScenario(scenario));",
              "err": {},
              "uuid": "7770bf0d-232f-477a-a865-1a852ebdbd94",
              "parentUUID": "b3e0a97a-35a7-4110-a559-084a253206ee",
              "isHook": false,
              "skipped": false
            },
            {
              "title": "User can login with inputted credentials (example #1)",
              "fullTitle": "Login Functionality User can login with inputted credentials (example #1)",
              "timedOut": null,
              "duration": 2177,
              "state": "passed",
              "speed": "fast",
              "pass": true,
              "fail": false,
              "pending": false,
              "context": null,
              "code": "const state = window.testState;\nreturn cy\n  .then(() => state.onStartScenario(scenario, indexedSteps))\n  .then(() =>\n    resolveAndRunBeforeHooks.call(this, scenario.tags, state.feature.name)\n  )\n  .then(() =>\n    indexedSteps.forEach((step) =>\n      stepTest.call(this, state, step, rowData)\n    )\n  )\n  .then(() => state.onFinishScenario(scenario));",
              "err": {},
              "uuid": "0bc6cf1e-d893-42e9-9c20-a06818e3c4c9",
              "parentUUID": "b3e0a97a-35a7-4110-a559-084a253206ee",
              "isHook": false,
              "skipped": false
            }
          ],
          "suites": [],
          "passes": [
            "3b3f21f5-b6fd-4ad8-a83c-9c023a9b455d",
            "152a095d-a97d-4d1e-9b73-b26f20c8d697",
            "a15fd1c2-198a-446f-a055-bf3bc5f92213",
            "7770bf0d-232f-477a-a865-1a852ebdbd94",
            "0bc6cf1e-d893-42e9-9c20-a06818e3c4c9"
          ],
          "failures": [],
          "pending": [],
          "skipped": [],
          "duration": 10217,
          "root": false,
          "rootEmpty": false,
          "_timeout": 2000
        }
      ],
      "passes": [],
      "failures": [],
      "pending": [],
      "skipped": [],
      "duration": 0,
      "root": true,
      "rootEmpty": true,
      "_timeout": 2000
    }
  ],
  "meta": {
    "mocha": {
      "version": "7.0.1"
    },
    "mochawesome": {
      "options": {
        "quiet": false,
        "reportFilename": "mochawesome",
        "saveHtml": true,
        "saveJson": true,
        "consoleReporter": "spec",
        "useInlineDiffs": false,
        "code": true
      },
      "version": "7.1.3"
    },
    "marge": {
      "options": {
        "reportDir": "cypress/reports",
        "overwrite": false,
        "html": true,
        "json": true,
        "timestamp": "mmddyyyy_HHMMss"
      },
      "version": "6.2.0"
    }
  }
}